2024-03-25 09:31:26,823 [INFO] Activator:176 - 


2024-03-25 09:31:26,829 [INFO] Activator:177 - !SESSION log4j initialized
2024-03-25 09:31:31,335 [INFO] LogOutputStream:77 - [STDOUT_REDIRECT] 
2024-03-25 09:31:31,626 [ERROR] ConfigurationRetriever:142 - IOException on connection: Unsupported or unrecognized SSL message
2024-03-25 09:31:31,665 [ERROR] ConfigurationRetriever:142 - IOException on connection: Unsupported or unrecognized SSL message
2024-03-25 09:31:31,672 [ERROR] ConfigurationRetriever:142 - IOException on connection: Unsupported or unrecognized SSL message
2024-03-25 09:31:33,702 [INFO] ApplicationProperties:184 - Using Application install path: C:\ST\STM32CubeIDE_1.14.1\STM32CubeIDE\plugins\com.st.stm32cube.common.mx_6.10.0.202311202037
2024-03-25 09:31:33,716 [INFO] DbMcusXml:78 - Set database path to: C:\ST\STM32CubeIDE_1.14.1\STM32CubeIDE\plugins\com.st.stm32cube.common.mx_6.10.0.202311202037\\db\/mcu/
2024-03-25 09:31:33,716 [INFO] ApiDb:274 - Set plugin database path to: C:\ST\STM32CubeIDE_1.14.1\STM32CubeIDE\plugins\com.st.stm32cube.common.mx_6.10.0.202311202037\\db\/plugins/boardmanager/
2024-03-25 09:31:33,716 [WARN] ApiDb:259 - Overriding images path with different value:  => C:\ST\STM32CubeIDE_1.14.1\STM32CubeIDE\plugins\com.st.stm32cube.common.mx_6.10.0.202311202037\\db\/plugins/mcufinder/images/
2024-03-25 09:31:33,722 [INFO] ApiDb:250 - Set database path to: C:\Users\crayo\.stmcufinder\plugins\mcufinder//mcu/
2024-03-25 09:31:33,723 [INFO] DbMcusAds:125 - Set database path to: C:\Users\crayo\.stmcufinder\plugins\mcufinder//mcu/
2024-03-25 09:31:33,724 [INFO] CrossReferenceDbSqlite:203 - Set database path to: C:\Users\crayo\.stmcufinder\plugins\mcufinder//mcu/cs/
2024-03-25 09:31:33,811 [INFO] RulesReader:64 - Compatibility file has been processed (297 Rules)
2024-03-25 09:31:33,869 [INFO] DbMcusXml:78 - Set database path to: C:\ST\STM32CubeIDE_1.14.1\STM32CubeIDE\plugins\com.st.stm32cube.common.mx_6.10.0.202311202037\\db\/mcu/
2024-03-25 09:31:33,869 [INFO] ApiDb:274 - Set plugin database path to: C:\ST\STM32CubeIDE_1.14.1\STM32CubeIDE\plugins\com.st.stm32cube.common.mx_6.10.0.202311202037\\db\/plugins/boardmanager/
2024-03-25 09:31:33,869 [INFO] ApiDb:261 - Set plugin images path to: C:\ST\STM32CubeIDE_1.14.1\STM32CubeIDE\plugins\com.st.stm32cube.common.mx_6.10.0.202311202037\\db\/plugins/mcufinder/images/
2024-03-25 09:31:33,869 [WARN] DbFile:41 - Overriding database path with different value: C:\Users\crayo\.stmcufinder\plugins\mcufinder/ => C:\Users\crayo\.stmcufinder\plugins\mcufinder
2024-03-25 09:31:33,869 [INFO] ApiDb:250 - Set database path to: C:\Users\crayo\.stmcufinder\plugins\mcufinder//mcu/
2024-03-25 09:31:33,869 [WARN] DbFile:41 - Overriding database path with different value: C:\Users\crayo\.stmcufinder\plugins\mcufinder/ => C:\Users\crayo\.stmcufinder\plugins\mcufinder
2024-03-25 09:31:33,869 [INFO] DbMcusAds:125 - Set database path to: C:\Users\crayo\.stmcufinder\plugins\mcufinder//mcu/
2024-03-25 09:31:33,869 [WARN] DbFile:41 - Overriding database path with different value: C:\Users\crayo\.stmcufinder\plugins\mcufinder/ => C:\Users\crayo\.stmcufinder\plugins\mcufinder
2024-03-25 09:31:33,869 [WARN] DbFile:41 - Overriding database path with different value: C:\Users\crayo\.stmcufinder\plugins\mcufinder/ => C:\Users\crayo\.stmcufinder\plugins\mcufinder
2024-03-25 09:31:33,869 [INFO] CrossReferenceDbSqlite:203 - Set database path to: C:\Users\crayo\.stmcufinder\plugins\mcufinder//mcu/cs/
2024-03-25 09:31:33,927 [INFO] MainPanel:264 - HeapMemory: 268435456
2024-03-25 09:31:34,001 [INFO] DbMcusXml:78 - Set database path to: C:\ST\STM32CubeIDE_1.14.1\STM32CubeIDE\plugins\com.st.stm32cube.common.mx_6.10.0.202311202037\\db\/mcu/
2024-03-25 09:31:34,001 [INFO] ApiDb:274 - Set plugin database path to: C:\ST\STM32CubeIDE_1.14.1\STM32CubeIDE\plugins\com.st.stm32cube.common.mx_6.10.0.202311202037\\db\/plugins/boardmanager/
2024-03-25 09:31:34,001 [INFO] ApiDb:261 - Set plugin images path to: C:\ST\STM32CubeIDE_1.14.1\STM32CubeIDE\plugins\com.st.stm32cube.common.mx_6.10.0.202311202037\\db\/plugins/mcufinder/images/
2024-03-25 09:31:34,002 [WARN] DbFile:41 - Overriding database path with different value: C:\Users\crayo\.stmcufinder\plugins\mcufinder/ => C:\Users\crayo\.stmcufinder\plugins\mcufinder
2024-03-25 09:31:34,002 [INFO] ApiDb:250 - Set database path to: C:\Users\crayo\.stmcufinder\plugins\mcufinder//mcu/
2024-03-25 09:31:34,002 [WARN] DbFile:41 - Overriding database path with different value: C:\Users\crayo\.stmcufinder\plugins\mcufinder/ => C:\Users\crayo\.stmcufinder\plugins\mcufinder
2024-03-25 09:31:34,002 [INFO] DbMcusAds:125 - Set database path to: C:\Users\crayo\.stmcufinder\plugins\mcufinder//mcu/
2024-03-25 09:31:34,002 [WARN] DbFile:41 - Overriding database path with different value: C:\Users\crayo\.stmcufinder\plugins\mcufinder/ => C:\Users\crayo\.stmcufinder\plugins\mcufinder
2024-03-25 09:31:34,002 [WARN] DbFile:41 - Overriding database path with different value: C:\Users\crayo\.stmcufinder\plugins\mcufinder/ => C:\Users\crayo\.stmcufinder\plugins\mcufinder
2024-03-25 09:31:34,002 [INFO] CrossReferenceDbSqlite:203 - Set database path to: C:\Users\crayo\.stmcufinder\plugins\mcufinder//mcu/cs/
2024-03-25 09:31:34,031 [INFO] ApplicationProperties:184 - Using Application install path: C:\ST\STM32CubeIDE_1.14.1\STM32CubeIDE\plugins\com.st.stm32cube.common.mx_6.10.0.202311202037
2024-03-25 09:31:34,033 [INFO] PluginManage:196 - Search for loadable plugins [exclusion list=, ]
2024-03-25 09:31:34,034 [INFO] PluginManage:310 - Check plugin analytics
2024-03-25 09:31:34,191 [INFO] AnalyticsPlugin:253 - Accepted Software Licenses: 
2024-03-25 09:31:34,192 [INFO] AnalyticsPlugin:255 - Accepted CMSIS Pack Licenses: 
2024-03-25 09:31:34,192 [INFO] AnalyticsPlugin:257 - Accepted Firmware Licenses: FW.F4.1.28.0
2024-03-25 09:31:34,194 [INFO] PluginManage:359 - Loaded plugin analytics (category:tool,tabindex:-1)
2024-03-25 09:31:34,194 [INFO] PluginManage:310 - Check plugin cadmodel
2024-03-25 09:31:34,202 [ERROR] ConfigurationRetriever:142 - IOException on connection: Unsupported or unrecognized SSL message
2024-03-25 09:31:34,205 [INFO] CADModel:105 - Init CAD model plugin
2024-03-25 09:31:34,205 [INFO] PluginManage:359 - Loaded plugin cadmodel (category:power,tabindex:5)
2024-03-25 09:31:34,205 [INFO] PluginManage:310 - Check plugin clock
2024-03-25 09:31:34,209 [ERROR] ConfigurationRetriever:142 - IOException on connection: Unsupported or unrecognized SSL message
2024-03-25 09:31:34,215 [ERROR] ConfigurationRetriever:142 - IOException on connection: Unsupported or unrecognized SSL message
2024-03-25 09:31:34,223 [INFO] PluginManage:359 - Loaded plugin clock (category:base,tabindex:2)
2024-03-25 09:31:34,223 [INFO] PluginManage:310 - Check plugin ddr
2024-03-25 09:31:34,225 [INFO] PluginManage:359 - Loaded plugin ddr (category:tool,tabindex:6)
2024-03-25 09:31:34,225 [INFO] PluginManage:310 - Check plugin filemanager
2024-03-25 09:31:34,334 [INFO] PluginManage:359 - Loaded plugin filemanager (category:base,tabindex:10)
2024-03-25 09:31:34,334 [INFO] PluginManage:310 - Check plugin ipmanager
2024-03-25 09:31:34,339 [INFO] PluginManage:359 - Loaded plugin ipmanager (category:base,tabindex:5)
2024-03-25 09:31:34,339 [INFO] PluginManage:310 - Check plugin lpbam
2024-03-25 09:31:34,353 [INFO] PluginManage:359 - Loaded plugin lpbam (category:base,tabindex:0)
2024-03-25 09:31:34,353 [INFO] PluginManage:310 - Check plugin memorymap
2024-03-25 09:31:34,372 [INFO] PluginManage:359 - Loaded plugin memorymap (category:base,tabindex:4)
2024-03-25 09:31:34,372 [INFO] PluginManage:310 - Check plugin pinoutandconfiguration
2024-03-25 09:31:34,385 [INFO] PluginManage:359 - Loaded plugin pinoutandconfiguration (category:base,tabindex:1)
2024-03-25 09:31:34,385 [INFO] PluginManage:310 - Check plugin pinoutconfig
2024-03-25 09:31:34,462 [WARN] SupportedApi:132 - Cannot load RTOS API schema: s4s-elt-must-match.1: The content of 'definitions' must match (annotation?, (simpleType | complexType)?, (unique | key | keyref)*)). A problem was found starting at: attribute.
2024-03-25 09:31:34,567 [INFO] PluginManage:359 - Loaded plugin pinoutconfig (category:base,tabindex:0)
2024-03-25 09:31:34,567 [INFO] PluginManage:310 - Check plugin power
2024-03-25 09:31:34,583 [INFO] PluginManage:359 - Loaded plugin power (category:power,tabindex:4)
2024-03-25 09:31:34,583 [INFO] PluginManage:310 - Check plugin projectmanager
2024-03-25 09:31:34,596 [INFO] PluginManage:359 - Loaded plugin projectmanager (category:projectmanager,tabindex:3)
2024-03-25 09:31:34,596 [INFO] PluginManage:310 - Check plugin thirdparty
2024-03-25 09:31:34,824 [INFO] PluginManage:359 - Loaded plugin thirdparty (category:base,tabindex:-1)
2024-03-25 09:31:34,824 [WARN] IntegrityCheckThread:84 - waiting for thirdparty lock release [integrity check]
2024-03-25 09:31:34,824 [INFO] PluginManage:310 - Check plugin tools
2024-03-25 09:31:34,824 [INFO] IntegrityCheckThread:86 - entering critical section [integrity check]
2024-03-25 09:31:34,825 [INFO] ThirdPartyUpdaterWithRetryManager:70 - Updater plugin not ready yet. [1/15]
2024-03-25 09:31:34,854 [INFO] PluginManage:359 - Loaded plugin tools (category:base,tabindex:7)
2024-03-25 09:31:34,855 [INFO] PluginManage:310 - Check plugin tutovideos
2024-03-25 09:31:35,002 [INFO] PluginManage:359 - Loaded plugin tutovideos (category:base,tabindex:-1)
2024-03-25 09:31:35,002 [INFO] PluginManage:310 - Check plugin updater
2024-03-25 09:31:35,010 [INFO] PluginManage:359 - Loaded plugin updater (category:base,tabindex:12)
2024-03-25 09:31:35,010 [INFO] PluginManage:310 - Check plugin userauth
2024-03-25 09:31:35,014 [INFO] UserAuth:114 - Init User Auth plugin
2024-03-25 09:31:35,015 [INFO] PluginManage:359 - Loaded plugin userauth (category:base,tabindex:14)
2024-03-25 09:31:35,015 [INFO] PluginManage:283 - PluginManage : Loaded plugins [17]
2024-03-25 09:31:35,168 [INFO] PinOutPanel:1499 - setPackage(No Configuration,No Configuration)
2024-03-25 09:31:35,225 [INFO] CADModel:165 - CPN selected for project level
2024-03-25 09:31:35,225 [INFO] CADModel:114 - Register for checkConnection events
2024-03-25 09:31:35,244 [INFO] IPUIPlugin:80 - create IPUIPlugin
2024-03-25 09:31:35,244 [INFO] PluginManager:220 - loadIPPluginJar : add adc
2024-03-25 09:31:35,270 [INFO] IPUIPlugin:80 - create IPUIPlugin
2024-03-25 09:31:35,270 [INFO] PluginManager:220 - loadIPPluginJar : add aes
2024-03-25 09:31:35,299 [INFO] IPUIPlugin:80 - create IPUIPlugin
2024-03-25 09:31:35,299 [INFO] PluginManager:220 - loadIPPluginJar : add can
2024-03-25 09:31:35,316 [INFO] IPUIPlugin:80 - create IPUIPlugin
2024-03-25 09:31:35,316 [INFO] PluginManager:220 - loadIPPluginJar : add comp
2024-03-25 09:31:35,340 [INFO] IPUIPlugin:80 - create IPUIPlugin
2024-03-25 09:31:35,340 [INFO] PluginManager:220 - loadIPPluginJar : add cryp
2024-03-25 09:31:35,361 [INFO] IPUIPlugin:80 - create IPUIPlugin
2024-03-25 09:31:35,361 [INFO] PluginManager:220 - loadIPPluginJar : add dfsdm
2024-03-25 09:31:35,372 [INFO] IPUIPlugin:80 - create IPUIPlugin
2024-03-25 09:31:35,373 [INFO] PluginManager:220 - loadIPPluginJar : add dma
2024-03-25 09:31:35,403 [INFO] IPUIPlugin:80 - create IPUIPlugin
2024-03-25 09:31:35,403 [INFO] PluginManager:220 - loadIPPluginJar : add dma3
2024-03-25 09:31:35,417 [INFO] IPUIPlugin:80 - create IPUIPlugin
2024-03-25 09:31:35,417 [INFO] PluginManager:220 - loadIPPluginJar : add fatfs
2024-03-25 09:31:35,451 [INFO] IPUIPlugin:80 - create IPUIPlugin
2024-03-25 09:31:35,451 [INFO] PluginManager:220 - loadIPPluginJar : add fmc
2024-03-25 09:31:35,462 [INFO] IPUIPlugin:80 - create IPUIPlugin
2024-03-25 09:31:35,462 [INFO] PluginManager:220 - loadIPPluginJar : add freertos
2024-03-25 09:31:35,477 [INFO] IPUIPlugin:80 - create IPUIPlugin
2024-03-25 09:31:35,477 [INFO] PluginManager:220 - loadIPPluginJar : add genericplugin
2024-03-25 09:31:35,539 [INFO] IPUIPlugin:80 - create IPUIPlugin
2024-03-25 09:31:35,539 [INFO] PluginManager:220 - loadIPPluginJar : add gfxmmu
2024-03-25 09:31:35,632 [INFO] IPUIPlugin:80 - create IPUIPlugin
2024-03-25 09:31:35,632 [INFO] PluginManager:220 - loadIPPluginJar : add gic
2024-03-25 09:31:35,641 [INFO] IPUIPlugin:80 - create IPUIPlugin
2024-03-25 09:31:35,641 [INFO] PluginManager:220 - loadIPPluginJar : add gpio
2024-03-25 09:31:35,707 [INFO] IPUIPlugin:80 - create IPUIPlugin
2024-03-25 09:31:35,707 [INFO] PluginManager:220 - loadIPPluginJar : add gtzc
2024-03-25 09:31:35,729 [INFO] IPUIPlugin:80 - create IPUIPlugin
2024-03-25 09:31:35,729 [INFO] PluginManager:220 - loadIPPluginJar : add hash
2024-03-25 09:31:35,766 [INFO] IPUIPlugin:80 - create IPUIPlugin
2024-03-25 09:31:35,766 [INFO] PluginManager:220 - loadIPPluginJar : add i2c
2024-03-25 09:31:35,794 [INFO] IPUIPlugin:80 - create IPUIPlugin
2024-03-25 09:31:35,794 [INFO] PluginManager:220 - loadIPPluginJar : add i2s
2024-03-25 09:31:35,823 [INFO] IPUIPlugin:80 - create IPUIPlugin
2024-03-25 09:31:35,824 [INFO] PluginManager:220 - loadIPPluginJar : add i3c
2024-03-25 09:31:35,907 [INFO] IPUIPlugin:80 - create IPUIPlugin
2024-03-25 09:31:35,907 [INFO] PluginManager:220 - loadIPPluginJar : add ipddr
2024-03-25 09:31:35,973 [INFO] IPUIPlugin:80 - create IPUIPlugin
2024-03-25 09:31:35,973 [INFO] PluginManager:220 - loadIPPluginJar : add linkedlist
2024-03-25 09:31:35,997 [INFO] IPUIPlugin:80 - create IPUIPlugin
2024-03-25 09:31:35,997 [INFO] PluginManager:220 - loadIPPluginJar : add lorawan
2024-03-25 09:31:36,024 [INFO] IPUIPlugin:80 - create IPUIPlugin
2024-03-25 09:31:36,024 [INFO] PluginManager:220 - loadIPPluginJar : add ltdc
2024-03-25 09:31:36,035 [INFO] IPUIPlugin:80 - create IPUIPlugin
2024-03-25 09:31:36,035 [INFO] PluginManager:220 - loadIPPluginJar : add mdma
2024-03-25 09:31:36,043 [INFO] IPUIPlugin:80 - create IPUIPlugin
2024-03-25 09:31:36,044 [INFO] PluginManager:220 - loadIPPluginJar : add nvic
2024-03-25 09:31:36,071 [INFO] IPUIPlugin:80 - create IPUIPlugin
2024-03-25 09:31:36,072 [INFO] PluginManager:220 - loadIPPluginJar : add opamp
2024-03-25 09:31:36,113 [INFO] IPUIPlugin:80 - create IPUIPlugin
2024-03-25 09:31:36,113 [INFO] PluginManager:220 - loadIPPluginJar : add openamp
2024-03-25 09:31:36,142 [INFO] IPUIPlugin:80 - create IPUIPlugin
2024-03-25 09:31:36,142 [INFO] PluginManager:220 - loadIPPluginJar : add pdm2pcm
2024-03-25 09:31:36,152 [INFO] IPUIPlugin:80 - create IPUIPlugin
2024-03-25 09:31:36,154 [INFO] PluginManager:220 - loadIPPluginJar : add plateformsettings
2024-03-25 09:31:36,169 [INFO] IPUIPlugin:80 - create IPUIPlugin
2024-03-25 09:31:36,169 [INFO] PluginManager:220 - loadIPPluginJar : add quadspi
2024-03-25 09:31:36,179 [INFO] IPUIPlugin:80 - create IPUIPlugin
2024-03-25 09:31:36,179 [INFO] PluginManager:220 - loadIPPluginJar : add resmgrutility
2024-03-25 09:31:36,216 [INFO] IPUIPlugin:80 - create IPUIPlugin
2024-03-25 09:31:36,216 [INFO] PluginManager:220 - loadIPPluginJar : add sai
2024-03-25 09:31:36,240 [INFO] IPUIPlugin:80 - create IPUIPlugin
2024-03-25 09:31:36,240 [INFO] PluginManager:220 - loadIPPluginJar : add spi
2024-03-25 09:31:36,290 [INFO] IPUIPlugin:80 - create IPUIPlugin
2024-03-25 09:31:36,290 [INFO] PluginManager:220 - loadIPPluginJar : add stm32_wpan
2024-03-25 09:31:36,305 [INFO] IPUIPlugin:80 - create IPUIPlugin
2024-03-25 09:31:36,305 [INFO] PluginManager:220 - loadIPPluginJar : add tim
2024-03-25 09:31:36,344 [INFO] IPUIPlugin:80 - create IPUIPlugin
2024-03-25 09:31:36,344 [INFO] PluginManager:220 - loadIPPluginJar : add touchsensing
2024-03-25 09:31:36,360 [INFO] IPUIPlugin:80 - create IPUIPlugin
2024-03-25 09:31:36,360 [INFO] PluginManager:220 - loadIPPluginJar : add tracer_emb
2024-03-25 09:31:36,376 [INFO] IPUIPlugin:80 - create IPUIPlugin
2024-03-25 09:31:36,376 [INFO] PluginManager:220 - loadIPPluginJar : add ts
2024-03-25 09:31:36,390 [INFO] IPUIPlugin:80 - create IPUIPlugin
2024-03-25 09:31:36,390 [INFO] PluginManager:220 - loadIPPluginJar : add tsc
2024-03-25 09:31:36,406 [INFO] IPUIPlugin:80 - create IPUIPlugin
2024-03-25 09:31:36,406 [INFO] PluginManager:220 - loadIPPluginJar : add ucpd
2024-03-25 09:31:36,438 [INFO] IPUIPlugin:80 - create IPUIPlugin
2024-03-25 09:31:36,438 [INFO] PluginManager:220 - loadIPPluginJar : add usart
2024-03-25 09:31:36,469 [INFO] IPUIPlugin:80 - create IPUIPlugin
2024-03-25 09:31:36,469 [INFO] PluginManager:220 - loadIPPluginJar : add usbx
2024-03-25 09:31:36,580 [INFO] CADModel:165 - CPN selected for project level
2024-03-25 09:31:36,580 [INFO] CADModel:114 - Register for checkConnection events
2024-03-25 09:31:36,580 [FATAL] Updater:308 - Updater called before beeing initialized
2024-03-25 09:31:36,581 [ERROR] CADModel:125 - Updater not yet initialized, retry later 
2024-03-25 09:31:36,690 [INFO] CADModel:165 - CPN selected for project level
2024-03-25 09:31:36,690 [INFO] CADModel:114 - Register for checkConnection events
2024-03-25 09:31:36,690 [FATAL] Updater:308 - Updater called before beeing initialized
2024-03-25 09:31:36,690 [ERROR] CADModel:125 - Updater not yet initialized, retry later 
2024-03-25 09:31:36,692 [FATAL] Updater:308 - Updater called before beeing initialized
2024-03-25 09:31:36,771 [FATAL] Updater:308 - Updater called before beeing initialized
2024-03-25 09:31:36,778 [INFO] DbMcusAds:53 - JSON generation date=Wed Nov 29 11:52:27 CET 2023 (1701255147349)
2024-03-25 09:31:36,778 [FATAL] Updater:308 - Updater called before beeing initialized
2024-03-25 09:31:36,838 [WARN] DetailPanel:346 - Failed to get advertising image, set to default
2024-03-25 09:31:36,914 [FATAL] Updater:308 - Updater called before beeing initialized
2024-03-25 09:31:36,916 [FATAL] Updater:308 - Updater called before beeing initialized
2024-03-25 09:31:36,916 [FATAL] Updater:308 - Updater called before beeing initialized
2024-03-25 09:31:36,916 [WARN] DetailPanel:346 - Failed to get advertising image, set to default
2024-03-25 09:31:36,917 [FATAL] Updater:308 - Updater called before beeing initialized
2024-03-25 09:31:36,959 [ERROR] Updater:1120 - MainUpdater not yet initialized. External WinMGr cannot be set.
2024-03-25 09:31:36,968 [INFO] Updater:1056 - Updater Version found : 6.10.0
2024-03-25 09:31:36,984 [INFO] ApplicationProperties:184 - Using Application install path: C:\ST\STM32CubeIDE_1.14.1\STM32CubeIDE\plugins\com.st.stm32cube.common.mx_6.10.0.202311202037
2024-03-25 09:31:37,826 [INFO] ThirdPartyUpdaterWithRetryManager:70 - Updater plugin not ready yet. [2/15]
2024-03-25 09:31:38,554 [ERROR] LogOutputStream:75 - [STDERR_REDIRECT] Mar 25, 2024 9:31:38 AM java.util.prefs.WindowsPreferences <init>
2024-03-25 09:31:38,555 [ERROR] LogOutputStream:75 - [STDERR_REDIRECT] WARNING: Could not open/create prefs root node Software\JavaSoft\Prefs at root 0xffffffff80000002. Windows RegCreateKeyEx(...) returned error code 5.
2024-03-25 09:31:38,555 [ERROR] LogOutputStream:75 - [STDERR_REDIRECT] 
2024-03-25 09:31:38,726 [INFO] MainUpdater:2873 - connection check result : 22
2024-03-25 09:31:38,727 [INFO] MainUpdater:290 - Updater Check For Update Now.
2024-03-25 09:31:38,727 [INFO] MicroXplorer:498 - Change Database Version : DB.6.0.100
2024-03-25 09:31:38,738 [INFO] McuFinderGlobals:63 - Set McuFinder mode to 2 (CubeIDE integrated)
2024-03-25 09:31:38,801 [INFO] UserAuth:404 - Internet connection configuration mode: 2
2024-03-25 09:31:38,907 [INFO] CheckServerUpdateThread:120 - End of CheckServer Thread
2024-03-25 09:31:40,968 [WARN] PackLoader:240 - Cannot read IP mode file for STMicroelectronics.X-CUBE-SMBUS.2.1.0
2024-03-25 09:31:40,980 [WARN] PackLoader:240 - Cannot read IP mode file for STMicroelectronics.X-CUBE-TOUCHGFX.4.23.0
2024-03-25 09:31:41,016 [WARN] PackLoader:240 - Cannot read IP mode file for STMicroelectronics.X-CUBE-AZRTOS-F7.1.1.0
2024-03-25 09:31:41,032 [WARN] PackLoader:240 - Cannot read IP mode file for STMicroelectronics.FP-SNS-MOTENV1.4.3.2
2024-03-25 09:31:41,047 [WARN] PackLoader:240 - Cannot read IP mode file for STMicroelectronics.FP-SNS-FLIGHT1.5.0.2
2024-03-25 09:31:41,060 [WARN] PackLoader:240 - Cannot read IP mode file for STMicroelectronics.X-CUBE-DISPLAY.3.0.0
2024-03-25 09:31:41,075 [WARN] PackLoader:240 - Cannot read IP mode file for STMicroelectronics.X-CUBE-BLE1.7.0.0
2024-03-25 09:31:41,087 [WARN] PackLoader:240 - Cannot read IP mode file for emotas.I-CUBE-CANOPEN.1.3.0
2024-03-25 09:31:41,106 [WARN] PackLoader:240 - Cannot read IP mode file for STMicroelectronics.X-CUBE-BLEMGR.3.1.0
2024-03-25 09:31:41,118 [WARN] PackLoader:240 - Cannot read IP mode file for STMicroelectronics.FP-SNS-SMARTAG2.1.2.0
2024-03-25 09:31:41,135 [INFO] LogOutputStream:77 - [STDOUT_REDIRECT] 1 : Invalid condition id : UX_CORESTACK_Condition cause : null
2024-03-25 09:31:41,135 [INFO] LogOutputStream:77 - [STDOUT_REDIRECT] 1 : Invalid condition id : UX_CORESTACK_Condition cause : null
2024-03-25 09:31:41,136 [INFO] LogOutputStream:77 - [STDOUT_REDIRECT] 1 : Invalid condition id : UX_CORESTACK_Condition cause : null
2024-03-25 09:31:41,137 [INFO] LogOutputStream:77 - [STDOUT_REDIRECT] 1 : Invalid condition id : UX_CORESTACK_Condition cause : null
2024-03-25 09:31:41,138 [INFO] LogOutputStream:77 - [STDOUT_REDIRECT] 1 : Invalid condition id : UX_CORESTACK_Condition cause : null
2024-03-25 09:31:41,140 [WARN] PackLoader:240 - Cannot read IP mode file for STMicroelectronics.X-CUBE-AZRTOS-WL.2.0.0
2024-03-25 09:31:41,153 [WARN] PackLoader:240 - Cannot read IP mode file for WES.I-CUBE-Cesium.1.3.0
2024-03-25 09:31:41,162 [WARN] PackLoader:240 - Cannot read IP mode file for STMicroelectronics.X-CUBE-BLE2.3.3.0
2024-03-25 09:31:41,172 [WARN] PackLoader:240 - Cannot read IP mode file for STMicroelectronics.X-CUBE-ALGOBUILD.1.3.0
2024-03-25 09:31:41,197 [WARN] PackLoader:240 - Cannot read IP mode file for STMicroelectronics.X-CUBE-AZRTOS-G0.1.1.0
2024-03-25 09:31:41,210 [WARN] PackLoader:240 - Cannot read IP mode file for STMicroelectronics.X-CUBE-NFC4.3.0.0
2024-03-25 09:31:41,225 [WARN] PackLoader:240 - Cannot read IP mode file for STMicroelectronics.X-CUBE-BLEMGR.3.0.0
2024-03-25 09:31:41,241 [WARN] PackLoader:240 - Cannot read IP mode file for STMicroelectronics.FP-ATR-SIGFOX1.3.2.0
2024-03-25 09:31:41,253 [WARN] PackLoader:240 - Cannot read IP mode file for STMicroelectronics.X-CUBE-EEPRMA1.5.1.0
2024-03-25 09:31:41,281 [WARN] PackLoader:240 - Cannot read IP mode file for SEGGER.I-CUBE-embOS.1.3.1
2024-03-25 09:31:41,319 [WARN] PackLoader:240 - Cannot read IP mode file for STMicroelectronics.X-CUBE-GNSS1.6.0.0
2024-03-25 09:31:41,340 [WARN] PackLoader:240 - Cannot read IP mode file for STMicroelectronics.X-CUBE-AZRTOS-F4.1.1.0
2024-03-25 09:31:41,352 [WARN] PackLoader:240 - Cannot read IP mode file for wolfSSL.I-CUBE-wolfSSL.5.6.6
2024-03-25 09:31:41,374 [WARN] PackLoader:240 - Cannot read IP mode file for STMicroelectronics.X-CUBE-AZRTOS-L5.2.0.0
2024-03-25 09:31:41,384 [WARN] PackLoader:240 - Cannot read IP mode file for ITTIA_DB.I-CUBE-ITTIADB.8.8.0
2024-03-25 09:31:41,394 [WARN] PackLoader:240 - Cannot read IP mode file for STMicroelectronics.X-CUBE-NFC7.1.0.1
2024-03-25 09:31:41,406 [WARN] PackLoader:240 - Cannot read IP mode file for STMicroelectronics.X-CUBE-NFC6.3.0.0
2024-03-25 09:31:41,416 [WARN] PackLoader:240 - Cannot read IP mode file for STMicroelectronics.X-CUBE-AI.8.1.0
2024-03-25 09:31:41,438 [WARN] ConditionMgr:438 - getConditionDescription Invalid condition id : LAN8742 Phy interface Condition cause : null
2024-03-25 09:31:41,438 [WARN] PackLoader:240 - Cannot read IP mode file for STMicroelectronics.X-CUBE-AZRTOS-L4.2.0.0
2024-03-25 09:31:41,439 [WARN] ConditionMgr:1039 - genDependencies : Invalid condition id : LAN8742 Phy interface Condition cause : null
2024-03-25 09:31:41,439 [WARN] ConditionMgr:1039 - genDependencies : Invalid condition id : LAN8742 Phy interface Condition cause : null
2024-03-25 09:31:41,440 [WARN] ConditionMgr:1039 - genDependencies : Invalid condition id : LAN8742 Phy interface Condition cause : null
2024-03-25 09:31:41,452 [WARN] PackLoader:240 - Cannot read IP mode file for STMicroelectronics.X-CUBE-SFXS2LP1.4.0.0
2024-03-25 09:31:41,471 [WARN] ConditionMgr:438 - getConditionDescription Invalid condition id : UX DEVICE CLASS RTOS Condition cause : null
2024-03-25 09:31:41,471 [WARN] ConditionMgr:438 - getConditionDescription Invalid condition id : UX DEVICE CLASS RTOS Condition cause : null
2024-03-25 09:31:41,477 [WARN] PackLoader:240 - Cannot read IP mode file for STMicroelectronics.X-CUBE-AZRTOS-WB.2.0.0
2024-03-25 09:31:41,477 [WARN] ConditionMgr:1039 - genDependencies : Invalid condition id : UX DEVICE CLASS RTOS Condition cause : null
2024-03-25 09:31:41,477 [WARN] ConditionMgr:1039 - genDependencies : Invalid condition id : UX DEVICE CLASS RTOS Condition cause : null
2024-03-25 09:31:41,478 [WARN] ConditionMgr:1039 - genDependencies : Invalid condition id : UX DEVICE CLASS RTOS Condition cause : null
2024-03-25 09:31:41,478 [WARN] ConditionMgr:1039 - genDependencies : Invalid condition id : UX DEVICE CLASS RTOS Condition cause : null
2024-03-25 09:31:41,478 [WARN] ConditionMgr:1039 - genDependencies : Invalid condition id : UX DEVICE CLASS RTOS Condition cause : null
2024-03-25 09:31:41,500 [WARN] PackLoader:240 - Cannot read IP mode file for STMicroelectronics.X-CUBE-SUBG2.5.0.0
2024-03-25 09:31:41,537 [WARN] PackLoader:240 - Cannot read IP mode file for STMicroelectronics.X-CUBE-AZRTOS-G4.2.0.0
2024-03-25 09:31:41,560 [WARN] PackLoader:240 - Cannot read IP mode file for Infineon.AIROC-Wi-Fi-Bluetooth-STM32.1.5.1
2024-03-25 09:31:41,572 [WARN] PackLoader:240 - Cannot read IP mode file for STMicroelectronics.FP-SNS-MOTENVWB1.1.3.1
2024-03-25 09:31:41,581 [WARN] PackLoader:240 - Cannot read IP mode file for STMicroelectronics.X-CUBE-ISPU.2.0.0
2024-03-25 09:31:41,626 [WARN] PackLoader:240 - Cannot read IP mode file for STMicroelectronics.X-CUBE-MEMS1.10.0.0
2024-03-25 09:31:41,735 [WARN] PackLoader:240 - Cannot read IP mode file for STMicroelectronics.X-CUBE-FREERTOS.1.1.0
2024-03-25 09:31:41,745 [WARN] PackLoader:240 - Cannot read IP mode file for portGmbH.I-Cube-SoM-uGOAL.1.1.0
2024-03-25 09:31:41,754 [WARN] PackLoader:240 - Cannot read IP mode file for STMicroelectronics.X-CUBE-ALS.1.0.1
2024-03-25 09:31:41,763 [WARN] PackLoader:240 - Cannot read IP mode file for STMicroelectronics.FP-ATR-ASTRA1.2.0.0
2024-03-25 09:31:41,777 [WARN] PackLoader:240 - Cannot read IP mode file for STMicroelectronics.X-CUBE-TOF1.3.4.0
2024-03-25 09:31:41,797 [WARN] PackLoader:240 - Cannot read IP mode file for STMicroelectronics.X-CUBE-TOF1.3.4.1
2024-03-25 09:31:41,825 [WARN] PackLoader:240 - Cannot read IP mode file for STMicroelectronics.X-CUBE-AZRTOS-H7.3.2.0
2024-03-25 09:31:41,827 [INFO] ThirdParty:978 - Integrity check success = true
2024-03-25 09:31:41,827 [INFO] IntegrityCheckThread:100 - exiting critical section [integrity check]
2024-03-25 09:31:41,827 [INFO] IntegrityCheckThread:103 - End integrity checks thread
2024-03-25 09:31:59,322 [ERROR] LogOutputStream:75 - [STDERR_REDIRECT] SLF4J: Failed to load class "org.slf4j.impl.StaticLoggerBinder".
2024-03-25 09:31:59,323 [ERROR] LogOutputStream:75 - [STDERR_REDIRECT] SLF4J: Defaulting to no-operation (NOP) logger implementation
2024-03-25 09:31:59,324 [ERROR] LogOutputStream:75 - [STDERR_REDIRECT] SLF4J: See http://www.slf4j.org/codes.html#StaticLoggerBinder for further details.
2024-03-25 09:33:35,226 [ERROR] LogOutputStream:75 - [STDERR_REDIRECT] 
