2024-03-24 02:19:47,367 [INFO] MainUpdater:2873 - connection check result : 10
2024-03-24 02:19:47,386 [INFO] MainUpdater:2873 - connection check result : 10
2024-03-24 02:19:47,486 [INFO] MicroXplorer:468 - Change Database Path : 
2024-03-24 02:19:47,487 [INFO] MicroXplorer:498 - Change Database Version : DB.6.0.100
2024-03-24 02:19:47,508 [ERROR] ProjectManagerView:394 - 
java.lang.NullPointerException: Cannot invoke "javax.swing.JTextField.getText()" because the return value of "java.util.List.get(int)" is null
	at com.st.microxplorer.plugins.projectmanager.gui.ProjectChoiceTab$10.caretUpdate(ProjectChoiceTab.java:2493) ~[filemanager.jar:?]
	at javax.swing.text.JTextComponent.fireCaretUpdate(JTextComponent.java:412) ~[?:?]
	at javax.swing.text.JTextComponent$MutableCaretEvent.fire(JTextComponent.java:4491) ~[?:?]
	at javax.swing.text.JTextComponent$MutableCaretEvent.stateChanged(JTextComponent.java:4513) ~[?:?]
	at javax.swing.text.DefaultCaret.fireStateChanged(DefaultCaret.java:842) ~[?:?]
	at javax.swing.text.DefaultCaret.changeCaretPosition(DefaultCaret.java:1313) ~[?:?]
	at javax.swing.text.DefaultCaret.handleSetDot(DefaultCaret.java:1212) ~[?:?]
	at javax.swing.text.DefaultCaret.setDot(DefaultCaret.java:1193) ~[?:?]
	at javax.swing.text.DefaultCaret$Handler.insertUpdate(DefaultCaret.java:1789) ~[?:?]
	at javax.swing.text.AbstractDocument.fireInsertUpdate(AbstractDocument.java:226) ~[?:?]
	at javax.swing.text.AbstractDocument.handleInsertString(AbstractDocument.java:780) ~[?:?]
	at javax.swing.text.AbstractDocument.insertString(AbstractDocument.java:739) ~[?:?]
	at javax.swing.text.PlainDocument.insertString(PlainDocument.java:131) ~[?:?]
	at javax.swing.text.AbstractDocument.replace(AbstractDocument.java:698) ~[?:?]
	at javax.swing.text.JTextComponent.setText(JTextComponent.java:1729) ~[?:?]
	at com.st.microxplorer.plugins.projectmanager.gui.ProjectChoiceTab.createHeapStackFields(ProjectChoiceTab.java:933) ~[filemanager.jar:?]
	at com.st.microxplorer.plugins.projectmanager.gui.ProjectChoiceTab.buildLinkSettingsPanel(ProjectChoiceTab.java:3426) ~[filemanager.jar:?]
	at com.st.microxplorer.plugins.projectmanager.gui.ProjectChoiceTab.defineWindowsFields(ProjectChoiceTab.java:1813) ~[filemanager.jar:?]
	at com.st.microxplorer.plugins.projectmanager.gui.ProjectChoiceTab.updateSettings(ProjectChoiceTab.java:533) ~[filemanager.jar:?]
	at com.st.microxplorer.plugins.projectmanager.gui.ProjectSettingsPanel.UpdateDialog(ProjectSettingsPanel.java:244) ~[filemanager.jar:?]
	at com.st.microxplorer.plugins.projectmanager.ProjectManagerView.propertyChange(ProjectManagerView.java:391) ~[filemanager.jar:?]
	at java.beans.PropertyChangeSupport.fire(PropertyChangeSupport.java:343) ~[?:?]
	at java.beans.PropertyChangeSupport.firePropertyChange(PropertyChangeSupport.java:335) ~[?:?]
	at java.beans.PropertyChangeSupport.firePropertyChange(PropertyChangeSupport.java:268) ~[?:?]
	at com.st.microxplorer.util.MXPropertyChangeSupport.firePropertyChange(MXPropertyChangeSupport.java:54) ~[STM32CubeMX.jar:?]
	at com.st.microxplorer.mxsystem.MxSystem.closeConfig(MxSystem.java:900) ~[STM32CubeMX.jar:?]
	at com.st.microxplorer.maingui.MainPanel.closeConfig(MainPanel.java:776) ~[STM32CubeMX.jar:?]
	at com.st.microxplorer.plugins.filemanager.engine.OpenFileManager.loadConfigurationFile(OpenFileManager.java:245) ~[filemanager.jar:?]
	at com.st.microxplorer.plugins.filemanager.engine.MainFileManager.userLoadConfig(MainFileManager.java:290) ~[filemanager.jar:?]
	at com.st.microxplorer.plugins.filemanager.FileManagerView.getSpecificTask(FileManagerView.java:247) ~[filemanager.jar:?]
	at com.st.stm32cube.common.mx.editor.CubeMxEditor.getMxTabbedPaneInstance(CubeMxEditor.java:1184) ~[com.st.stm32cube.common.mx_6.10.0.202311202037/:?]
	at com.st.stm32cube.common.mx.editor.CubeMxEditor$12$1.createSwingComponent(CubeMxEditor.java:1065) ~[com.st.stm32cube.common.mx_6.10.0.202311202037/:?]
	at com.st.stm32cube.common.mx.oss.core.awtswtbridge.EmbeddedSwingComposite.doComponentCreation(EmbeddedSwingComposite.java:492) ~[com.st.stm32cube.common.mx.oss_6.10.0.202311202037/:?]
	at com.st.stm32cube.common.mx.oss.core.awtswtbridge.EmbeddedSwingComposite$4.run(EmbeddedSwingComposite.java:291) ~[com.st.stm32cube.common.mx.oss_6.10.0.202311202037/:?]
	at com.st.stm32cube.common.mx.oss.core.awtswtbridge.AwtEnvironment$2.run(AwtEnvironment.java:166) ~[com.st.stm32cube.common.mx.oss_6.10.0.202311202037/:?]
	at java.awt.event.InvocationEvent.dispatch(InvocationEvent.java:318) ~[?:?]
	at java.awt.EventQueue.dispatchEventImpl(EventQueue.java:773) ~[?:?]
	at java.awt.EventQueue$4.run(EventQueue.java:720) ~[?:?]
	at java.awt.EventQueue$4.run(EventQueue.java:714) ~[?:?]
	at java.security.AccessController.doPrivileged(AccessController.java:399) ~[?:?]
	at java.security.ProtectionDomain$JavaSecurityAccessImpl.doIntersectionPrivilege(ProtectionDomain.java:86) ~[?:?]
	at java.awt.EventQueue.dispatchEvent(EventQueue.java:742) ~[?:?]
	at java.awt.EventDispatchThread.pumpOneEventForFilters(EventDispatchThread.java:203) ~[?:?]
	at java.awt.EventDispatchThread.pumpEventsForFilter(EventDispatchThread.java:124) ~[?:?]
	at java.awt.EventDispatchThread.pumpEventsForHierarchy(EventDispatchThread.java:113) ~[?:?]
	at java.awt.EventDispatchThread.pumpEvents(EventDispatchThread.java:109) ~[?:?]
	at java.awt.EventDispatchThread.pumpEvents(EventDispatchThread.java:101) ~[?:?]
	at java.awt.EventDispatchThread.run(EventDispatchThread.java:90) ~[?:?]
2024-03-24 02:19:47,518 [WARN] ThirdParty:871 - waiting for thirdparty lock release [close project]
2024-03-24 02:19:47,518 [INFO] ThirdParty:873 - entering critical section [close project]
2024-03-24 02:19:47,518 [INFO] ThirdParty:883 - exiting critical section [close project]
2024-03-24 02:19:47,519 [INFO] PinOutPanel:1499 - setPackage(No Configuration,No Configuration)
2024-03-24 02:19:47,538 [WARN] IpParametersView:151 - Warning: This peripheral hasn't parameters
2024-03-24 02:19:47,555 [WARN] MainPanel:272 - <html><b><center>Warning: This peripheral has no parameters to be configured<br></b></html>
2024-03-24 02:19:47,570 [INFO] UtilMem:75 - Begin LoadConfig() Used Memory: 778900600 Bytes (1073741824)
2024-03-24 02:19:47,571 [INFO] MicroXplorer:468 - Change Database Path : 
2024-03-24 02:19:47,571 [INFO] MicroXplorer:498 - Change Database Version : DB.6.0.100
2024-03-24 02:19:47,571 [INFO] OpenFileManager:312 - Change cursor
2024-03-24 02:19:47,593 [INFO] RulesReader:64 - Compatibility file has been processed (297 Rules)
2024-03-24 02:19:47,605 [INFO] Mcu:2016 - Initializing MCU STM32F446R(C-E)Tx STM32F446RETx STM32F446RET6
2024-03-24 02:19:48,990 [INFO] Context:659 - Trying to add GPIOservice into a context  which must be forbidden
2024-03-24 02:19:49,342 [INFO] RtosManager:555 - Registered RTOS mode: class=CMSIS, group=RTOS, mode=CMSIS_V1, owner=FREERTOS
2024-03-24 02:19:49,342 [INFO] RtosManager:555 - Registered RTOS mode: class=CMSIS, group=RTOS2, mode=CMSIS_V2, owner=FREERTOS
2024-03-24 02:19:49,342 [INFO] RtosManager:555 - Registered RTOS mode: class=RTOS, group=Core, mode=CMSIS_V1, owner=FREERTOS
2024-03-24 02:19:49,342 [INFO] RtosManager:555 - Registered RTOS mode: class=RTOS, group=Core, mode=CMSIS_V2, owner=FREERTOS
2024-03-24 02:19:49,342 [WARN] ModelIntegratedComponent:184 - Missing modes for component STMicroelectronics:FreeRTOS:0.0.1:STMicroelectronics:RTOS:FreeRTOS:Core:::10.2.0:
2024-03-24 02:19:49,348 [WARN] ModelIntegratedComponent:63 - No mode defined for component null
2024-03-24 02:19:49,348 [WARN] ModelIntegratedComponent:63 - No mode defined for component null
2024-03-24 02:19:49,348 [WARN] ModelIntegratedComponent:63 - No mode defined for component null
2024-03-24 02:19:49,348 [WARN] ModelIntegratedComponent:63 - No mode defined for component null
2024-03-24 02:19:49,348 [WARN] ModelIntegratedComponent:63 - No mode defined for component null
2024-03-24 02:19:49,348 [WARN] ModelIntegratedComponent:63 - No mode defined for component null
2024-03-24 02:19:49,348 [WARN] ModelIntegratedComponent:63 - No mode defined for component null
2024-03-24 02:19:49,348 [WARN] ModelIntegratedComponent:63 - No mode defined for component null
2024-03-24 02:19:49,348 [WARN] ModelIntegratedComponent:63 - No mode defined for component null
2024-03-24 02:19:49,348 [WARN] ModelIntegratedComponent:63 - No mode defined for component null
2024-03-24 02:19:49,348 [WARN] ModelIntegratedComponent:63 - No mode defined for component null
2024-03-24 02:19:49,348 [WARN] ModelIntegratedComponent:63 - No mode defined for component null
2024-03-24 02:19:49,349 [WARN] ModelIntegratedComponent:63 - No mode defined for component null
2024-03-24 02:19:49,349 [WARN] ModelIntegratedComponent:63 - No mode defined for component null
2024-03-24 02:19:49,349 [WARN] ModelIntegratedComponent:63 - No mode defined for component null
2024-03-24 02:19:49,349 [WARN] ModelIntegratedComponent:63 - No mode defined for component null
2024-03-24 02:19:49,349 [WARN] ModelIntegratedComponent:63 - No mode defined for component null
2024-03-24 02:19:49,349 [WARN] ModelIntegratedComponent:63 - No mode defined for component null
2024-03-24 02:19:49,349 [WARN] ModelIntegratedComponent:63 - No mode defined for component null
2024-03-24 02:19:49,349 [WARN] ModelIntegratedComponent:63 - No mode defined for component null
2024-03-24 02:19:49,349 [WARN] ModelIntegratedComponent:63 - No mode defined for component null
2024-03-24 02:19:49,349 [WARN] ModelIntegratedComponent:63 - No mode defined for component null
2024-03-24 02:19:49,349 [WARN] ModelIntegratedComponent:63 - No mode defined for component null
2024-03-24 02:19:49,349 [WARN] ModelIntegratedComponent:63 - No mode defined for component null
2024-03-24 02:19:49,349 [WARN] ModelIntegratedComponent:63 - No mode defined for component null
2024-03-24 02:19:49,349 [WARN] ModelIntegratedComponent:63 - No mode defined for component null
2024-03-24 02:19:49,349 [WARN] ModelIntegratedComponent:63 - No mode defined for component null
2024-03-24 02:19:49,349 [WARN] ModelIntegratedComponent:63 - No mode defined for component null
2024-03-24 02:19:49,349 [WARN] ModelIntegratedComponent:63 - No mode defined for component null
2024-03-24 02:19:49,350 [WARN] ModelIntegratedComponent:63 - No mode defined for component null
2024-03-24 02:19:49,350 [WARN] ModelIntegratedComponent:63 - No mode defined for component null
2024-03-24 02:19:49,350 [WARN] ModelIntegratedComponent:63 - No mode defined for component null
2024-03-24 02:19:49,350 [WARN] ModelIntegratedComponent:63 - No mode defined for component null
2024-03-24 02:19:49,417 [INFO] ThirdPartyModel:298 - Start build external matchings
2024-03-24 02:19:49,726 [INFO] ThirdPartyModel:316 - End build external matchings
2024-03-24 02:19:49,735 [INFO] ImportTextPane:194 - (OptionalMessage_ERROR) IP (RCC) : Invalid parameter (48MHZClocksFreq_Value)
2024-03-24 02:19:49,735 [INFO] ImportTextPane:194 - (OptionalMessage_ERROR) IP (RCC) : Invalid parameter (EthernetFreq_Value)
2024-03-24 02:19:49,735 [INFO] ImportTextPane:194 - (OptionalMessage_ERROR) IP (RCC) : Parameter (FLatency) has Id (AdvancedSettings) currently not set
2024-03-24 02:19:49,735 [INFO] ImportTextPane:194 - (OptionalMessage_ERROR) IP (RCC) : Invalid parameter (FamilyName)
2024-03-24 02:19:49,736 [INFO] ImportTextPane:194 - (OptionalMessage_ERROR) IP (RCC) : Invalid parameter (I2SClocksFreq_Value)
2024-03-24 02:19:49,736 [INFO] ImportTextPane:194 - (OptionalMessage_ERROR) IP (RCC) : Parameter (SDIOFreq_Value) has invalid value (168000000)
2024-03-24 02:19:49,736 [INFO] ImportTextPane:194 - (OptionalMessage_ERROR) IP (RCC) : Parameter (USBFreq_Value) has invalid value (168000000)
2024-03-24 02:19:49,736 [INFO] ImportTextPane:194 - (OptionalMessage_ERROR) IP (RCC) : Invalid parameter (VCOInputMFreq_Value)
2024-03-24 02:19:49,736 [INFO] ImportTextPane:194 - (OptionalMessage_ERROR) IP (RCC) : Invalid parameter (VcooutputI2S)
2024-03-24 02:19:49,898 [INFO] ApiDb:668 - CubeFinder database Data Model version=2.1
2024-03-24 02:19:49,898 [INFO] ApiDb:669 - CubeFinder database Configuration version=3.0.39
2024-03-24 02:19:49,899 [INFO] ApiDb:670 - CubeFinder database generation date=2024-03-01 (1709305525)
2024-03-24 02:19:49,899 [INFO] ApiDb:671 - CubeFinder database FW Pack versions=[FP-ATR-ASTRA1_V2.0.0, FP-SNS-FLIGHT1_V5.0.1, FP-SNS-FLIGHT1_V5.0.2, FP-SNS-MOTENV1_V4.3.1, FP-SNS-MOTENV1_V4.3.2, FP-SNS-MOTENVWB1_V1.3.1, FP-SNS-SMARTAG2_V1.2.0, STM32Cube_FW_C0_V1.1.0, STM32Cube_FW_F4_V1.28.0, STM32Cube_FW_F7_V1.17.0, STM32Cube_FW_G0_V1.6.2, STM32Cube_FW_G4_V1.5.2, STM32Cube_FW_H5_V0.5.1, STM32Cube_FW_H5_V1.1.1, STM32Cube_FW_H5_V1.2.0, STM32Cube_FW_H5_V1.2.0RC4, STM32Cube_FW_H7RS_V1.0.0, STM32Cube_FW_H7RS_V1.0.0RC4, STM32Cube_FW_H7_V1.11.0, STM32Cube_FW_L0_V1.12.2, STM32Cube_FW_L5_V1.5.1, STM32Cube_FW_U0_V1.0.0, STM32Cube_FW_U0_V1.0.0RC1, STM32Cube_FW_U5_V1.3.0RC4, STM32Cube_FW_U5_V1.5.0, STM32Cube_FW_U5_V1.5.0RC1, STM32Cube_FW_WBA_V1.0.0RC1, STM32Cube_FW_WBA_V1.2.0, STM32Cube_FW_WBA_V1.2.0RC2, STM32Cube_FW_WBA_V1.3.0, STM32Cube_FW_WBA_V1.3.0RC1, STM32Cube_FW_WB_V1.15.0RC1, STM32Cube_FW_WB_V1.16.0, STM32Cube_FW_WB_V1.16.0RC2, STM32Cube_FW_WB_V1.18.0, STM32Cube_FW_WB_V1.19.0, STM32Cube_FW_WL_V1.3.0, X-CUBE-ALGOBUILD_V1.3.0, X-CUBE-ALS_V1.0.1, X-CUBE-AZRTOS-F4_V1.1.0, X-CUBE-AZRTOS-F7_V1.1.0, X-CUBE-AZRTOS-G0_V1.1.0, X-CUBE-AZRTOS-G4_V2.0.0, X-CUBE-AZRTOS-H7_V3.2.0, X-CUBE-AZRTOS-L4_V1.0.0, X-CUBE-AZRTOS-L4_V2.0.0, X-CUBE-AZRTOS-L5_V1.1.0, X-CUBE-AZRTOS-WB_V2.0.0, X-CUBE-AZRTOS-WL_V2.0.0, X-CUBE-BLE1_V7.0.0, X-CUBE-BLE2_V3.3.0, X-CUBE-BLEMGR_V3.1.0, X-CUBE-EEPRMA1_V4.1.0, X-CUBE-EEPRMA1_V5.1.0, X-CUBE-FREERTOS_V1.1.0, X-CUBE-GNSS1_V6.0.0, X-CUBE-MEMS1_V10.0.0, X-CUBE-MEMS1_V9.1.0, X-CUBE-MEMS1_V9.4.0, X-CUBE-MEMS1_V9.6.0, X-CUBE-NFC4_V3.0.0, X-CUBE-NFC7_V1.0.1, X-CUBE-SFXS2LP1_V4.0.0, X-CUBE-SUBG2_V5.0.0, X-CUBE-TOF1_V3.4.0]
2024-03-24 02:19:50,054 [INFO] DbBoardsSqlite:226 - include board P-NUCLEO-WB55-NUCLEO as a kit item of type 'Nucleo-64'
2024-03-24 02:19:50,054 [INFO] DbBoardsSqlite:226 - include board P-NUCLEO-WB55-USBDONGLE as a kit item of type 'Nucleo USB Dongle'
2024-03-24 02:19:50,055 [INFO] DbBoardsSqlite:226 - include board STEVAL-IDP005V1 as a kit item of type 'Evaluation Board'
2024-03-24 02:19:50,056 [INFO] DbBoardsSqlite:226 - include board STEVAL-IDP005V2 as a kit item of type 'Evaluation Board'
2024-03-24 02:19:50,608 [INFO] ApiDb:240 - Found 371 in-development CPN: [B-G473E-ZEST1S, B-WB1M-WPAN1, B-WL5M-SUBG1, NUCLEO-C031C6, NUCLEO-H503RB, NUCLEO-H563ZI, NUCLEO-U545RE-Q, NUCLEO-U5A5ZJ-Q, NUCLEO-WBA52CG, NUCLEO-WBA55CG, STEVAL-MKBOXPRO, STEVAL-PROTEUS1, STEVAL-STWINBX1, STM320518-EVAL, STM32C0116-DK, STM32C011D6Y3TR, STM32C011D6Y6TR, STM32C011F4P3, STM32C011F4P6, STM32C011F4U3, STM32C011F4U6TR, STM32C011F6P3, STM32C011F6P6, STM32C011F6U3, STM32C011F6U6TR, STM32C011J4M3, STM32C011J4M6, STM32C011J6M3, STM32C011J6M6, STM32C0316-DK, STM32C031C4T3, STM32C031C4T6, STM32C031C4U3, STM32C031C4U6, STM32C031C6T3, STM32C031C6T6, STM32C031C6U3, STM32C031C6U6, STM32C031F4P3, STM32C031F4P6, STM32C031F6P3, STM32C031F6P6, STM32C031G4U3, STM32C031G4U6, STM32C031G6U3, STM32C031G6U6, STM32C031K4T3, STM32C031K4T6, STM32C031K4U3, STM32C031K4U6, STM32C031K6T3, STM32C031K6T6, STM32C031K6U3, STM32C031K6U6, STM32G071K8TXN, STM32G071K8UXN, STM32G081GBU6N, STM32G081KBT6N, STM32G081KBUXN, STM32G0B1CCT6N, STM32G0B1KCT6, STM32G0B1NEY6TR, STM32G0B1RCT6N, STM32G0C1CCT6, STM32G0C1CCT6N, STM32G0C1CCU6N, STM32G0C1CET6N, STM32G0C1CEU6N, STM32G0C1KCT6, STM32G0C1NEY6TR, STM32G0C1RCI6N, STM32G0C1RCT6N, STM32G0C1REI6N, STM32G0C1RET6N, STM32G0C1VCI6, STM32G0C1VEI6, STM32G471CCT6, STM32G471CCU6, STM32G471CET3, STM32G471CET6, STM32G471CEU3, STM32G471CEU6, STM32G471MCT6, STM32G471MET3, STM32G471MET6, STM32G471MEY6TR, STM32G471QCT6, STM32G471QET3, STM32G471RCT6, STM32G471RET3, STM32G471RET6, STM32G471VCH6, STM32G471VCI6, STM32G471VCT6, STM32G471VEH3, STM32G471VEH6, STM32G471VEI3, STM32G471VEI6, STM32G471VET3, STM32G471VET6, STM32G474CCT6, STM32H503CBT6, STM32H503CBU6, STM32H503EBY6TR, STM32H503KBU6, STM32H503RBT6, STM32H562AGI6, STM32H562AII6, STM32H562IGK6, STM32H562IGT6, STM32H562IIK6, STM32H562IIT6, STM32H562RGT6, STM32H562RGV6, STM32H562RIT6, STM32H562RIV6, STM32H562VGT6, STM32H562VIT6, STM32H562ZGT6, STM32H562ZIT6, STM32H563AGI6, STM32H563AII3Q, STM32H563AII6, STM32H563IGK6, STM32H563IGT6, STM32H563IIK3Q, STM32H563IIK6, STM32H563IIT3Q, STM32H563IIT6, STM32H563MIY3QTR, STM32H563RGT6, STM32H563RGV6, STM32H563RIT6, STM32H563RIV6, STM32H563VGT6, STM32H563VIT3Q, STM32H563VIT6, STM32H563ZGT6, STM32H563ZIT3Q, STM32H563ZIT6, STM32H573AII3Q, STM32H573AII6, STM32H573I-DK, STM32H573IIK3Q, STM32H573IIK6, STM32H573IIT3Q, STM32H573IIT6, STM32H573MIY3QTR, STM32H573RIT6, STM32H573RIV6, STM32H573VIT3Q, STM32H573VIT6, STM32H573ZIT3Q, STM32H573ZIT6, STM32L4R5QGI6STR, STM32MP131AAE3, STM32MP131AAF3, STM32MP131AAG3, STM32MP131CAE3, STM32MP131CAF3, STM32MP131CAG3, STM32MP131DAE7, STM32MP131DAF7, STM32MP131DAG7, STM32MP131FAE7, STM32MP131FAF7, STM32MP131FAG7, STM32MP133AAE3, STM32MP133AAF3, STM32MP133AAG3, STM32MP133CAE3, STM32MP133CAF3, STM32MP133CAG3, STM32MP133DAE7, STM32MP133DAF7, STM32MP133DAG7, STM32MP133FAE7, STM32MP133FAF7, STM32MP133FAG7, STM32MP135AAE3, STM32MP135AAF3, STM32MP135AAG3, STM32MP135CAE3, STM32MP135CAF3, STM32MP135CAG3, STM32MP135DAE7, STM32MP135DAF7, STM32MP135DAG7, STM32MP135F-DK, STM32MP135FAE7, STM32MP135FAF7, STM32MP135FAF7T, STM32MP135FAF7U, STM32MP135FAG7, STM32U535CBT6, STM32U535CBT6Q, STM32U535CBU6, STM32U535CBU6Q, STM32U535CCT6, STM32U535CCT6Q, STM32U535CCU6, STM32U535CCU6Q, STM32U535CET6, STM32U535CET6Q, STM32U535CEU6, STM32U535CEU6Q, STM32U535JEY6QTR, STM32U535NCY6QTR, STM32U535NEY6QTR, STM32U535RBI6, STM32U535RBI6Q, STM32U535RBT6, STM32U535RBT6Q, STM32U535RCI6, STM32U535RCI6Q, STM32U535RCT6, STM32U535RCT6Q, STM32U535REI6, STM32U535REI6Q, STM32U535RET6, STM32U535RET6Q, STM32U535VCI6, STM32U535VCI6Q, STM32U535VCT6, STM32U535VCT6Q, STM32U535VEI6, STM32U535VEI6Q, STM32U535VET6, STM32U535VET6Q, STM32U545CET6, STM32U545CET6Q, STM32U545CEU6, STM32U545CEU6Q, STM32U545JEY6QTR, STM32U545NEY6QTR, STM32U545REI6, STM32U545REI6Q, STM32U545RET6, STM32U545RET6Q, STM32U545VEI6, STM32U545VEI6Q, STM32U545VET6, STM32U545VET6Q, STM32U595AIH6, STM32U595AIH6Q, STM32U595AJH6, STM32U595AJH6Q, STM32U595QII6, STM32U595QII6Q, STM32U595QJI6, STM32U595QJI6Q, STM32U595RIT6, STM32U595RIT6Q, STM32U595RJT6, STM32U595RJT6Q, STM32U595VIT6, STM32U595VIT6Q, STM32U595VJT6, STM32U595VJT6Q, STM32U595ZIT6, STM32U595ZIT6Q, STM32U595ZIY6QTR, STM32U595ZJT6, STM32U595ZJT6Q, STM32U595ZJY6QTR, STM32U599BJY6QTR, STM32U599NIH6Q, STM32U599NJH6Q, STM32U599VIT6Q, STM32U599VJT6, STM32U599VJT6Q, STM32U599ZIT6Q, STM32U599ZIY6QTR, STM32U599ZJT6Q, STM32U599ZJY6QTR, STM32U5A5AJH6, STM32U5A5AJH6Q, STM32U5A5QJI6, STM32U5A5QJI6Q, STM32U5A5RJT6, STM32U5A5RJT6Q, STM32U5A5VJT6, STM32U5A5VJT6Q, STM32U5A5ZJT6, STM32U5A5ZJT6Q, STM32U5A5ZJY6QTR, STM32U5A9BJY6QTR, STM32U5A9J-DK, STM32U5A9NJH6Q, STM32U5A9VJT6Q, STM32U5A9ZJT6Q, STM32U5A9ZJY6QTR, STM32U5F7VIT6, STM32U5F7VIT6Q, STM32U5F7VJT6, STM32U5F7VJT6Q, STM32U5F9BJY6QTR, STM32U5F9NJH6Q, STM32U5F9VIT6Q, STM32U5F9VJT6Q, STM32U5F9ZIJ6QTR, STM32U5F9ZIT6Q, STM32U5F9ZJJ6QTR, STM32U5F9ZJT6Q, STM32U5G7VJT6, STM32U5G7VJT6Q, STM32U5G9BJY6QTR, STM32U5G9J-DK1, STM32U5G9J-DK2, STM32U5G9NJH6Q, STM32U5G9VJT6Q, STM32U5G9ZJJ6QTR, STM32U5G9ZJT6Q, STM32WB1MMCH6, STM32WBA50KEU6, STM32WBA50KEU6TR, STM32WBA50KGU6, STM32WBA50KGU6TR, STM32WBA52CEU6, STM32WBA52CEU6TR, STM32WBA52CEU7, STM32WBA52CEU7TR, STM32WBA52CGU6, STM32WBA52CGU6TR, STM32WBA52CGU6U, STM32WBA52CGU7, STM32WBA52CGU7TR, STM32WBA52KEU6, STM32WBA52KEU6TR, STM32WBA52KGU6, STM32WBA52KGU6TR, STM32WBA54CEU6, STM32WBA54CEU6TR, STM32WBA54CEU7, STM32WBA54CEU7TR, STM32WBA54CGU6, STM32WBA54CGU6TR, STM32WBA54CGU7, STM32WBA54CGU7TR, STM32WBA54KEU6, STM32WBA54KEU6TR, STM32WBA54KEU7, STM32WBA54KEU7TR, STM32WBA54KGU6, STM32WBA54KGU6TR, STM32WBA54KGU7, STM32WBA54KGU7TR, STM32WBA55CEU6, STM32WBA55CEU6TR, STM32WBA55CEU7, STM32WBA55CEU7TR, STM32WBA55CGU6, STM32WBA55CGU6TR, STM32WBA55CGU6U, STM32WBA55CGU7, STM32WBA55CGU7TR, STM32WBA55G-DK1, STM32WBA55HEF6, STM32WBA55HEF7, STM32WBA55HGF6, STM32WBA55HGF7, STM32WBA55UEI6, STM32WBA55UEI6TR, STM32WBA55UEI7, STM32WBA55UEI7TR, STM32WBA55UGI6, STM32WBA55UGI6TR, STM32WBA55UGI7, STM32WBA55UGI7TR, STM32WL5MOCH6, STM32WL5MOCH6TR]
2024-03-24 02:19:50,719 [INFO] BoardInfo:889 - No configuration file found for board P-NUCLEO-WB55
2024-03-24 02:19:50,719 [INFO] DbBoards:161 - Kit is not supported: P-NUCLEO-WB55
2024-03-24 02:19:50,723 [INFO] BoardInfo:889 - No configuration file found for board STEVAL-BFA001V1B
2024-03-24 02:19:50,723 [INFO] DbBoards:161 - Kit is not supported: STEVAL-BFA001V1B
2024-03-24 02:19:50,724 [INFO] BoardInfo:889 - No configuration file found for board STEVAL-BFA001V2B
2024-03-24 02:19:50,724 [INFO] DbBoards:161 - Kit is not supported: STEVAL-BFA001V2B
2024-03-24 02:19:50,835 [INFO] DbBoards:168 - Found 193 boards, 190 are supported
2024-03-24 02:19:50,835 [INFO] DbBoards:169 - Found 193 boards, 3 of them is supported for  Bsp
2024-03-24 02:19:50,839 [INFO] ApiDb:423 - Load user favorites file C:\Users\crayo/.stm32cubeide/favorites.boards.txt: 0 item(s)
2024-03-24 02:19:50,839 [INFO] ApiDb:427 - User favorites Boards=[]
2024-03-24 02:19:50,839 [INFO] DbBoards:198 - Set 0 / 0 favorites Boards
2024-03-24 02:19:50,875 [INFO] UtilMem:75 - End LoadConfig() Used Memory: 919111624 Bytes (1073741824)
2024-03-24 02:19:50,891 [INFO] MicroXplorer:468 - Change Database Path : 
2024-03-24 02:19:50,891 [INFO] MicroXplorer:498 - Change Database Version : DB.6.0.100
2024-03-24 02:19:50,892 [WARN] ThirdParty:833 - waiting for thirdparty lock release [change project]
2024-03-24 02:19:50,893 [INFO] ThirdParty:835 - entering critical section [change project]
2024-03-24 02:19:50,893 [INFO] ThirdParty:1030 - CMSIS Pack Vendor :STMicroelectronics USBPD 4.1
2024-03-24 02:19:50,893 [INFO] ThirdParty:1030 - CMSIS Pack Vendor :STMicroelectronics X-CUBE-GNSS1 6.0.0
2024-03-24 02:19:50,893 [INFO] ThirdParty:1030 - CMSIS Pack Vendor :STMicroelectronics USB_HOST 2.0.0
2024-03-24 02:19:50,893 [INFO] ThirdParty:1030 - CMSIS Pack Vendor :STMicroelectronics X-CUBE-AZRTOS-F4 1.1.0
2024-03-24 02:19:50,893 [INFO] ThirdParty:1030 - CMSIS Pack Vendor :STMicroelectronics LIBJPEG 8.0.0
2024-03-24 02:19:50,893 [INFO] ThirdParty:1030 - CMSIS Pack Vendor :STMicroelectronics X-CUBE-SMBUS 2.1.0
2024-03-24 02:19:50,893 [INFO] ThirdParty:1030 - CMSIS Pack Vendor :STMicroelectronics USB_DEVICE 3.0.0
2024-03-24 02:19:50,893 [INFO] ThirdParty:1030 - CMSIS Pack Vendor :STMicroelectronics X-CUBE-AZRTOS-WB 2.0.0
2024-03-24 02:19:50,893 [INFO] ThirdParty:1030 - CMSIS Pack Vendor :wolfSSL I-CUBE-wolfSSL 5.6.6
2024-03-24 02:19:50,893 [INFO] ThirdParty:1030 - CMSIS Pack Vendor :STMicroelectronics X-CUBE-TOUCHGFX 4.23.0
2024-03-24 02:19:50,893 [INFO] ThirdParty:1030 - CMSIS Pack Vendor :STMicroelectronics X-CUBE-AZRTOS-F7 1.1.0
2024-03-24 02:19:50,893 [INFO] ThirdParty:1030 - CMSIS Pack Vendor :STMicroelectronics X-CUBE-AZRTOS-L5 2.0.0
2024-03-24 02:19:50,893 [INFO] ThirdParty:1030 - CMSIS Pack Vendor :STMicroelectronics USB_DEVICE 2.0.0
2024-03-24 02:19:50,893 [INFO] ThirdParty:1030 - CMSIS Pack Vendor :ITTIA_DB I-CUBE-ITTIADB 8.8.0
2024-03-24 02:19:50,893 [INFO] ThirdParty:1030 - CMSIS Pack Vendor :STMicroelectronics FP-SNS-MOTENV1 4.3.2
2024-03-24 02:19:50,894 [INFO] ThirdParty:1030 - CMSIS Pack Vendor :STMicroelectronics X-CUBE-ALGOBUILD 1.3.0
2024-03-24 02:19:50,894 [INFO] ThirdParty:1030 - CMSIS Pack Vendor :STMicroelectronics FreeRTOS 0.0.1
2024-03-24 02:19:50,894 [INFO] ThirdParty:1030 - CMSIS Pack Vendor :STMicroelectronics X-CUBE-AZRTOS-G0 1.1.0
2024-03-24 02:19:50,894 [INFO] ThirdParty:1030 - CMSIS Pack Vendor :STMicroelectronics X-CUBE-NFC4 3.0.0
2024-03-24 02:19:50,894 [INFO] ThirdParty:1030 - CMSIS Pack Vendor :STMicroelectronics X-CUBE-SUBG2 5.0.0
2024-03-24 02:19:50,894 [INFO] ThirdParty:1030 - CMSIS Pack Vendor :STMicroelectronics STM32_WPAN 1.0.0
2024-03-24 02:19:50,894 [INFO] ThirdParty:1030 - CMSIS Pack Vendor :STMicroelectronics lwIP 2.0.3
2024-03-24 02:19:50,894 [INFO] ThirdParty:1030 - CMSIS Pack Vendor :STMicroelectronics FP-SNS-FLIGHT1 5.0.2
2024-03-24 02:19:50,894 [INFO] ThirdParty:1030 - CMSIS Pack Vendor :STMicroelectronics USB_HOST 1.0.0
2024-03-24 02:19:50,894 [INFO] ThirdParty:1030 - CMSIS Pack Vendor :STMicroelectronics X-CUBE-AZRTOS-G4 2.0.0
2024-03-24 02:19:50,894 [INFO] ThirdParty:1030 - CMSIS Pack Vendor :STMicroelectronics PDM2PCM 3.1.0
2024-03-24 02:19:50,894 [INFO] ThirdParty:1030 - CMSIS Pack Vendor :Infineon AIROC-Wi-Fi-Bluetooth-STM32 1.5.1
2024-03-24 02:19:50,894 [INFO] ThirdParty:1030 - CMSIS Pack Vendor :STMicroelectronics X-CUBE-BLEMGR 3.0.0
2024-03-24 02:19:50,894 [INFO] ThirdParty:1030 - CMSIS Pack Vendor :STMicroelectronics PDM2PCM 3.3.0
2024-03-24 02:19:50,894 [INFO] ThirdParty:1030 - CMSIS Pack Vendor :STMicroelectronics X-CUBE-DISPLAY 3.0.0
2024-03-24 02:19:50,894 [INFO] ThirdParty:1030 - CMSIS Pack Vendor :STMicroelectronics FP-SNS-MOTENVWB1 1.3.1
2024-03-24 02:19:50,894 [INFO] ThirdParty:1030 - CMSIS Pack Vendor :STMicroelectronics X-CUBE-BLE1 7.0.0
2024-03-24 02:19:50,894 [INFO] ThirdParty:1030 - CMSIS Pack Vendor :STMicroelectronics FP-ATR-SIGFOX1 3.2.0
2024-03-24 02:19:50,894 [INFO] ThirdParty:1030 - CMSIS Pack Vendor :STMicroelectronics X-CUBE-ISPU 2.0.0
2024-03-24 02:19:50,894 [INFO] ThirdParty:1030 - CMSIS Pack Vendor :STMicroelectronics X-CUBE-EEPRMA1 5.1.0
2024-03-24 02:19:50,894 [INFO] ThirdParty:1030 - CMSIS Pack Vendor :STMicroelectronics HAL Drivers 0.0.0
2024-03-24 02:19:50,894 [INFO] ThirdParty:1030 - CMSIS Pack Vendor :STMicroelectronics MBEDTLS 2.16.2
2024-03-24 02:19:50,894 [INFO] ThirdParty:1030 - CMSIS Pack Vendor :emotas I-CUBE-CANOPEN 1.3.0
2024-03-24 02:19:50,894 [INFO] ThirdParty:1030 - CMSIS Pack Vendor :STMicroelectronics X-CUBE-MEMS1 10.0.0
2024-03-24 02:19:50,894 [INFO] ThirdParty:1030 - CMSIS Pack Vendor :STMicroelectronics X-CUBE-FREERTOS 1.1.0
2024-03-24 02:19:50,894 [INFO] ThirdParty:1030 - CMSIS Pack Vendor :STMicroelectronics X-CUBE-NFC7 1.0.1
2024-03-24 02:19:50,894 [INFO] ThirdParty:1030 - CMSIS Pack Vendor :STMicroelectronics MBEDTLS 2.14.1
2024-03-24 02:19:50,895 [INFO] ThirdParty:1030 - CMSIS Pack Vendor :STMicroelectronics X-CUBE-NFC6 3.0.0
2024-03-24 02:19:50,895 [INFO] ThirdParty:1030 - CMSIS Pack Vendor :portGmbH I-Cube-SoM-uGOAL 1.1.0
2024-03-24 02:19:50,895 [INFO] ThirdParty:1030 - CMSIS Pack Vendor :STMicroelectronics X-CUBE-ALS 1.0.1
2024-03-24 02:19:50,895 [INFO] ThirdParty:1030 - CMSIS Pack Vendor :STMicroelectronics X-CUBE-BLEMGR 3.1.0
2024-03-24 02:19:50,895 [INFO] ThirdParty:1030 - CMSIS Pack Vendor :STMicroelectronics ThreadX 1.0.0
2024-03-24 02:19:50,895 [INFO] ThirdParty:1030 - CMSIS Pack Vendor :STMicroelectronics FP-SNS-SMARTAG2 1.2.0
2024-03-24 02:19:50,895 [INFO] ThirdParty:1030 - CMSIS Pack Vendor :STMicroelectronics X-CUBE-AZRTOS-WL 2.0.0
2024-03-24 02:19:50,895 [INFO] ThirdParty:1030 - CMSIS Pack Vendor :SEGGER I-CUBE-embOS 1.3.1
2024-03-24 02:19:50,895 [INFO] ThirdParty:1030 - CMSIS Pack Vendor :STMicroelectronics USB_DEVICE 1.0.0
2024-03-24 02:19:50,895 [INFO] ThirdParty:1030 - CMSIS Pack Vendor :STMicroelectronics X-CUBE-AI 8.1.0
2024-03-24 02:19:50,895 [INFO] ThirdParty:1030 - CMSIS Pack Vendor :STMicroelectronics X-CUBE-AZRTOS-L4 2.0.0
2024-03-24 02:19:50,895 [INFO] ThirdParty:1030 - CMSIS Pack Vendor :STMicroelectronics ThreadX 0.0.2
2024-03-24 02:19:50,895 [INFO] ThirdParty:1030 - CMSIS Pack Vendor :WES I-CUBE-Cesium 1.3.0
2024-03-24 02:19:50,895 [INFO] ThirdParty:1030 - CMSIS Pack Vendor :STMicroelectronics FP-ATR-ASTRA1 2.0.0
2024-03-24 02:19:50,895 [INFO] ThirdParty:1030 - CMSIS Pack Vendor :STMicroelectronics lwIP 2.1.2
2024-03-24 02:19:50,895 [INFO] ThirdParty:1030 - CMSIS Pack Vendor :STMicroelectronics X-CUBE-SFXS2LP1 4.0.0
2024-03-24 02:19:50,895 [INFO] ThirdParty:1030 - CMSIS Pack Vendor :STMicroelectronics X-CUBE-BLE2 3.3.0
2024-03-24 02:19:50,895 [INFO] ThirdParty:1030 - CMSIS Pack Vendor :STMicroelectronics X-CUBE-TOF1 3.4.0
2024-03-24 02:19:50,895 [INFO] ThirdParty:1030 - CMSIS Pack Vendor :STMicroelectronics X-CUBE-TOF1 3.4.1
2024-03-24 02:19:50,895 [INFO] ThirdParty:1030 - CMSIS Pack Vendor :STMicroelectronics X-CUBE-AZRTOS-H7 3.2.0
2024-03-24 02:19:50,895 [INFO] ThirdParty:1030 - CMSIS Pack Vendor :STMicroelectronics PDM2PCM 3.2.0
2024-03-24 02:19:50,895 [INFO] ThirdParty:841 - exiting critical section [change project]
2024-03-24 02:19:51,094 [INFO] PinOutPanel:1499 - setPackage(No Configuration,No Configuration)
2024-03-24 02:19:51,095 [INFO] PinOutPanel:1499 - setPackage(STM32F446RETx,LQFP64)
2024-03-24 02:19:51,445 [INFO] UtilMem:75 - Before build in PCC Used Memory: 712756544 Bytes (1073741824)
2024-03-24 02:19:51,789 [INFO] UtilMem:75 - After build in PCC Used Memory: 761517376 Bytes (1073741824)
2024-03-24 02:19:51,808 [INFO] IPUIPlugin:80 - create IPUIPlugin
2024-03-24 02:19:51,808 [INFO] IPUIPlugin:80 - create IPUIPlugin
2024-03-24 02:19:51,808 [INFO] IPUIPlugin:80 - create IPUIPlugin
2024-03-24 02:19:51,808 [INFO] IPUIPlugin:80 - create IPUIPlugin
2024-03-24 02:19:51,808 [INFO] IPUIPlugin:80 - create IPUIPlugin
2024-03-24 02:19:51,809 [INFO] IPUIPlugin:80 - create IPUIPlugin
2024-03-24 02:19:51,810 [INFO] IPUIPlugin:80 - create IPUIPlugin
2024-03-24 02:19:51,810 [INFO] IPUIPlugin:80 - create IPUIPlugin
2024-03-24 02:19:51,810 [INFO] IPUIPlugin:80 - create IPUIPlugin
2024-03-24 02:19:51,810 [INFO] IPUIPlugin:80 - create IPUIPlugin
2024-03-24 02:19:51,810 [INFO] IPUIPlugin:80 - create IPUIPlugin
2024-03-24 02:19:51,810 [INFO] IPUIPlugin:80 - create IPUIPlugin
2024-03-24 02:19:51,810 [INFO] IPUIPlugin:80 - create IPUIPlugin
2024-03-24 02:19:51,810 [INFO] IPUIPlugin:80 - create IPUIPlugin
2024-03-24 02:19:51,810 [INFO] IPUIPlugin:80 - create IPUIPlugin
2024-03-24 02:19:51,810 [INFO] IPUIPlugin:80 - create IPUIPlugin
2024-03-24 02:19:51,811 [INFO] IPUIPlugin:80 - create IPUIPlugin
2024-03-24 02:19:51,811 [INFO] IPUIPlugin:80 - create IPUIPlugin
2024-03-24 02:19:51,811 [INFO] IPUIPlugin:80 - create IPUIPlugin
2024-03-24 02:19:51,811 [INFO] IPUIPlugin:80 - create IPUIPlugin
2024-03-24 02:19:51,811 [INFO] IPUIPlugin:80 - create IPUIPlugin
2024-03-24 02:19:51,811 [INFO] IPUIPlugin:80 - create IPUIPlugin
2024-03-24 02:19:51,811 [INFO] IPUIPlugin:80 - create IPUIPlugin
2024-03-24 02:19:51,811 [INFO] IPUIPlugin:80 - create IPUIPlugin
2024-03-24 02:19:51,812 [INFO] IPUIPlugin:80 - create IPUIPlugin
2024-03-24 02:19:51,812 [INFO] IPUIPlugin:80 - create IPUIPlugin
2024-03-24 02:19:51,812 [INFO] IPUIPlugin:80 - create IPUIPlugin
2024-03-24 02:19:51,812 [INFO] IPUIPlugin:80 - create IPUIPlugin
2024-03-24 02:19:51,812 [INFO] IPUIPlugin:80 - create IPUIPlugin
2024-03-24 02:19:51,812 [INFO] IPUIPlugin:80 - create IPUIPlugin
2024-03-24 02:19:51,812 [INFO] IPUIPlugin:80 - create IPUIPlugin
2024-03-24 02:19:51,813 [INFO] IPUIPlugin:80 - create IPUIPlugin
2024-03-24 02:19:51,813 [INFO] IPUIPlugin:80 - create IPUIPlugin
2024-03-24 02:19:51,813 [INFO] IPUIPlugin:80 - create IPUIPlugin
2024-03-24 02:19:51,813 [INFO] IPUIPlugin:80 - create IPUIPlugin
2024-03-24 02:19:51,813 [INFO] IPUIPlugin:80 - create IPUIPlugin
2024-03-24 02:19:51,814 [INFO] IPUIPlugin:80 - create IPUIPlugin
2024-03-24 02:19:51,814 [INFO] IPUIPlugin:80 - create IPUIPlugin
2024-03-24 02:19:51,814 [INFO] IPUIPlugin:80 - create IPUIPlugin
2024-03-24 02:19:51,814 [INFO] IPUIPlugin:80 - create IPUIPlugin
2024-03-24 02:19:51,815 [INFO] IPUIPlugin:80 - create IPUIPlugin
2024-03-24 02:19:51,815 [INFO] IPUIPlugin:80 - create IPUIPlugin
2024-03-24 02:19:51,816 [INFO] IPUIPlugin:80 - create IPUIPlugin
2024-03-24 02:19:51,816 [INFO] IPUIPlugin:80 - create IPUIPlugin
2024-03-24 02:19:51,816 [INFO] IPUIPlugin:80 - create IPUIPlugin
2024-03-24 02:19:51,817 [INFO] IPUIPlugin:80 - create IPUIPlugin
2024-03-24 02:19:51,817 [INFO] IPUIPlugin:80 - create IPUIPlugin
2024-03-24 02:19:51,817 [INFO] IPUIPlugin:80 - create IPUIPlugin
2024-03-24 02:19:51,818 [INFO] IPUIPlugin:80 - create IPUIPlugin
2024-03-24 02:19:51,818 [INFO] IPUIPlugin:80 - create IPUIPlugin
2024-03-24 02:19:51,818 [INFO] IPUIPlugin:80 - create IPUIPlugin
2024-03-24 02:19:51,819 [INFO] IPUIPlugin:80 - create IPUIPlugin
2024-03-24 02:19:51,819 [INFO] IPUIPlugin:80 - create IPUIPlugin
2024-03-24 02:19:51,820 [INFO] IPUIPlugin:80 - create IPUIPlugin
2024-03-24 02:19:51,820 [INFO] IPUIPlugin:80 - create IPUIPlugin
2024-03-24 02:19:51,820 [INFO] IPUIPlugin:80 - create IPUIPlugin
2024-03-24 02:19:51,821 [INFO] IPUIPlugin:80 - create IPUIPlugin
2024-03-24 02:19:51,821 [INFO] IPUIPlugin:80 - create IPUIPlugin
2024-03-24 02:19:51,823 [INFO] IPUIPlugin:80 - create IPUIPlugin
2024-03-24 02:19:51,823 [INFO] IPUIPlugin:80 - create IPUIPlugin
2024-03-24 02:19:51,844 [INFO] ApiDbMcu:508 - Load IP Config File for PDM2PCM
2024-03-24 02:19:51,892 [INFO] CADModel:165 - CPN selected for project levelSTM32F446RET6
2024-03-24 02:19:51,892 [INFO] CADModel:114 - Register for checkConnection events
2024-03-24 02:19:51,931 [INFO] OpenFileManager:343 - Restore cursor
2024-03-24 02:26:19,395 [INFO] UtilMem:75 - End SaveConfig() Used Memory: 934571696 Bytes (1073741824)
2024-03-24 02:26:19,479 [INFO] UtilMem:75 - End SaveConfig() Used Memory: 960786096 Bytes (1073741824)
2024-03-24 02:26:22,421 [INFO] UtilMem:75 - End SaveConfig() Used Memory: 762050920 Bytes (1073741824)
2024-03-24 02:26:22,572 [INFO] BlockDiagram:2759 - set Specific Code input for plugin: SYS
2024-03-24 02:26:22,572 [INFO] BlockDiagram:2759 - set Specific Code input for plugin: RCC
2024-03-24 02:26:22,572 [INFO] BlockDiagram:2759 - set Specific Code input for plugin: NVIC
2024-03-24 02:26:22,572 [INFO] BlockDiagram:2759 - set Specific Code input for plugin: USART
2024-03-24 02:26:22,572 [INFO] BlockDiagram:2759 - set Specific Code input for plugin: GPIO
2024-03-24 02:26:22,573 [INFO] CodeGenerator:807 - code generatio: config db path: C:\ST\STM32CubeIDE_1.14.1\STM32CubeIDE\plugins\com.st.stm32cube.common.mx_6.10.0.202311202037\\db\
2024-03-24 02:26:22,883 [INFO] CodeEngine:255 - oldGeneratedFile, C:\Users\crayo\Desktop\Licence3S6\micro\Project_Morse_Code\MCU1\MXTmpFiles\license.tmp_save
2024-03-24 02:26:23,032 [INFO] CodeEngine:279 - Generated code: C:\Users\crayo\Desktop\Licence3S6\micro\Project_Morse_Code\MCU1\MXTmpFiles\license.tmp
2024-03-24 02:26:23,084 [INFO] CodeEngine:255 - oldGeneratedFile, C:\Users\crayo\Desktop\Licence3S6\micro\Project_Morse_Code\MCU1\MXTmpFiles\gpio.tmp_save
2024-03-24 02:26:23,182 [INFO] CodeEngine:279 - Generated code: C:\Users\crayo\Desktop\Licence3S6\micro\Project_Morse_Code\MCU1\MXTmpFiles\gpio.tmp
2024-03-24 02:26:23,328 [INFO] CodeEngine:255 - oldGeneratedFile, C:\Users\crayo\Desktop\Licence3S6\micro\Project_Morse_Code\MCU1\Core\Src\stm32f4xx_it.c_save
2024-03-24 02:26:23,589 [INFO] CodeEngine:279 - Generated code: C:\Users\crayo\Desktop\Licence3S6\micro\Project_Morse_Code\MCU1\Core\Src\stm32f4xx_it.c
2024-03-24 02:26:23,612 [INFO] CodeEngine:255 - oldGeneratedFile, C:\Users\crayo\Desktop\Licence3S6\micro\Project_Morse_Code\MCU1\Core\Inc\stm32f4xx_it.h_save
2024-03-24 02:26:23,705 [INFO] CodeEngine:279 - Generated code: C:\Users\crayo\Desktop\Licence3S6\micro\Project_Morse_Code\MCU1\Core\Inc\stm32f4xx_it.h
2024-03-24 02:26:23,729 [INFO] CodeEngine:255 - oldGeneratedFile, C:\Users\crayo\Desktop\Licence3S6\micro\Project_Morse_Code\MCU1\Core\Src\stm32f4xx_hal_msp.c_save
2024-03-24 02:26:23,862 [INFO] CodeEngine:279 - Generated code: C:\Users\crayo\Desktop\Licence3S6\micro\Project_Morse_Code\MCU1\Core\Src\stm32f4xx_hal_msp.c
2024-03-24 02:26:23,875 [INFO] CodeEngine:255 - oldGeneratedFile, C:\Users\crayo\Desktop\Licence3S6\micro\Project_Morse_Code\MCU1\MXTmpFiles\system.tmp_save
2024-03-24 02:26:23,980 [INFO] CodeEngine:279 - Generated code: C:\Users\crayo\Desktop\Licence3S6\micro\Project_Morse_Code\MCU1\MXTmpFiles\system.tmp
2024-03-24 02:26:24,012 [INFO] CodeEngine:311 - oldGeneratedFile, C:\Users\crayo\Desktop\Licence3S6\micro\Project_Morse_Code\MCU1\Core\Inc\stm32f4xx_hal_conf.h_save
2024-03-24 02:26:24,105 [INFO] CodeEngine:335 - Generated code: C:\Users\crayo\Desktop\Licence3S6\micro\Project_Morse_Code\MCU1\Core\Inc\stm32f4xx_hal_conf.h
2024-03-24 02:26:24,128 [WARN] IPConfigManager:2946 - Warning: the RefConfig PLL2P_FOR_MCO is not available in your config.xml file
2024-03-24 02:26:24,152 [INFO] CodeEngine:255 - oldGeneratedFile, C:\Users\crayo\Desktop\Licence3S6\micro\Project_Morse_Code\MCU1\Core\Inc\main.h_save
2024-03-24 02:26:24,245 [INFO] CodeEngine:279 - Generated code: C:\Users\crayo\Desktop\Licence3S6\micro\Project_Morse_Code\MCU1\Core\Inc\main.h
2024-03-24 02:26:24,263 [INFO] CodeEngine:255 - oldGeneratedFile, C:\Users\crayo\Desktop\Licence3S6\micro\Project_Morse_Code\MCU1\Core\Src\main.c_save
2024-03-24 02:26:24,373 [INFO] CodeEngine:279 - Generated code: C:\Users\crayo\Desktop\Licence3S6\micro\Project_Morse_Code\MCU1\Core\Src\main.c
2024-03-24 02:26:24,973 [INFO] ProjectBuilder:3076 - Time for Copy HAL[1] : 201mS.
2024-03-24 02:26:24,975 [INFO] ProjectBuilder:4485 - Project Generator version: 4.2.0-B44
2024-03-24 02:26:25,221 [INFO] ConfigFileManager:1495 - The Die is : DIE421
2024-03-24 02:26:25,229 [INFO] ApiDbMcu:508 - Load IP Config File for FATFS
2024-03-24 02:26:25,239 [INFO] ApiDbMcu:508 - Load IP Config File for FREERTOS
2024-03-24 02:26:25,249 [INFO] ApiDbMcu:508 - Load IP Config File for LIBJPEG
2024-03-24 02:26:25,262 [INFO] ApiDbMcu:508 - Load IP Config File for MBEDTLS
2024-03-24 02:26:25,277 [INFO] ApiDbMcu:508 - Load IP Config File for USB_DEVICE
2024-03-24 02:26:25,290 [INFO] ApiDbMcu:508 - Load IP Config File for USB_HOST
2024-03-24 02:26:28,075 [INFO] ProjectBuilder:4747 - Time for Generating toolchain IDE Files: 3099mS.
2024-03-24 02:26:28,075 [INFO] ProjectBuilder:2947 - Time for Copy CMSIS : 0mS.
2024-03-24 02:26:28,078 [INFO] ProjectBuilder:2947 - Time for Copy CMSIS : 0mS.
2024-03-24 02:35:39,280 [INFO] MainUpdater:2873 - connection check result : 10
2024-03-24 02:35:39,280 [INFO] MainUpdater:2873 - connection check result : 10
2024-03-24 02:35:39,379 [INFO] MicroXplorer:468 - Change Database Path : 
2024-03-24 02:35:39,379 [INFO] MicroXplorer:498 - Change Database Version : DB.6.0.100
2024-03-24 02:35:39,390 [ERROR] ProjectManagerView:394 - 
java.lang.NullPointerException: Cannot invoke "javax.swing.JTextField.getText()" because the return value of "java.util.List.get(int)" is null
	at com.st.microxplorer.plugins.projectmanager.gui.ProjectChoiceTab$10.caretUpdate(ProjectChoiceTab.java:2493) ~[filemanager.jar:?]
	at javax.swing.text.JTextComponent.fireCaretUpdate(JTextComponent.java:412) ~[?:?]
	at javax.swing.text.JTextComponent$MutableCaretEvent.fire(JTextComponent.java:4491) ~[?:?]
	at javax.swing.text.JTextComponent$MutableCaretEvent.stateChanged(JTextComponent.java:4513) ~[?:?]
	at javax.swing.text.DefaultCaret.fireStateChanged(DefaultCaret.java:842) ~[?:?]
	at javax.swing.text.DefaultCaret.changeCaretPosition(DefaultCaret.java:1313) ~[?:?]
	at javax.swing.text.DefaultCaret.handleSetDot(DefaultCaret.java:1212) ~[?:?]
	at javax.swing.text.DefaultCaret.setDot(DefaultCaret.java:1193) ~[?:?]
	at javax.swing.text.DefaultCaret$Handler.insertUpdate(DefaultCaret.java:1789) ~[?:?]
	at javax.swing.text.AbstractDocument.fireInsertUpdate(AbstractDocument.java:226) ~[?:?]
	at javax.swing.text.AbstractDocument.handleInsertString(AbstractDocument.java:780) ~[?:?]
	at javax.swing.text.AbstractDocument.insertString(AbstractDocument.java:739) ~[?:?]
	at javax.swing.text.PlainDocument.insertString(PlainDocument.java:131) ~[?:?]
	at javax.swing.text.AbstractDocument.replace(AbstractDocument.java:698) ~[?:?]
	at javax.swing.text.JTextComponent.setText(JTextComponent.java:1729) ~[?:?]
	at com.st.microxplorer.plugins.projectmanager.gui.ProjectChoiceTab.createHeapStackFields(ProjectChoiceTab.java:933) ~[filemanager.jar:?]
	at com.st.microxplorer.plugins.projectmanager.gui.ProjectChoiceTab.buildLinkSettingsPanel(ProjectChoiceTab.java:3426) ~[filemanager.jar:?]
	at com.st.microxplorer.plugins.projectmanager.gui.ProjectChoiceTab.defineWindowsFields(ProjectChoiceTab.java:1813) ~[filemanager.jar:?]
	at com.st.microxplorer.plugins.projectmanager.gui.ProjectChoiceTab.updateSettings(ProjectChoiceTab.java:533) ~[filemanager.jar:?]
	at com.st.microxplorer.plugins.projectmanager.gui.ProjectSettingsPanel.UpdateDialog(ProjectSettingsPanel.java:244) ~[filemanager.jar:?]
	at com.st.microxplorer.plugins.projectmanager.ProjectManagerView.propertyChange(ProjectManagerView.java:391) ~[filemanager.jar:?]
	at java.beans.PropertyChangeSupport.fire(PropertyChangeSupport.java:343) ~[?:?]
	at java.beans.PropertyChangeSupport.firePropertyChange(PropertyChangeSupport.java:335) ~[?:?]
	at java.beans.PropertyChangeSupport.firePropertyChange(PropertyChangeSupport.java:268) ~[?:?]
	at com.st.microxplorer.util.MXPropertyChangeSupport.firePropertyChange(MXPropertyChangeSupport.java:54) ~[STM32CubeMX.jar:?]
	at com.st.microxplorer.mxsystem.MxSystem.closeConfig(MxSystem.java:900) ~[STM32CubeMX.jar:?]
	at com.st.microxplorer.maingui.MainPanel.closeConfig(MainPanel.java:776) ~[STM32CubeMX.jar:?]
	at com.st.microxplorer.plugins.filemanager.engine.OpenFileManager.loadConfigurationFile(OpenFileManager.java:245) ~[filemanager.jar:?]
	at com.st.microxplorer.plugins.filemanager.engine.MainFileManager.userLoadConfig(MainFileManager.java:290) ~[filemanager.jar:?]
	at com.st.microxplorer.plugins.filemanager.FileManagerView.getSpecificTask(FileManagerView.java:247) ~[filemanager.jar:?]
	at com.st.stm32cube.common.mx.editor.CubeMxEditor.getMxTabbedPaneInstance(CubeMxEditor.java:1184) ~[com.st.stm32cube.common.mx_6.10.0.202311202037/:?]
	at com.st.stm32cube.common.mx.editor.CubeMxEditor$12$1.createSwingComponent(CubeMxEditor.java:1065) ~[com.st.stm32cube.common.mx_6.10.0.202311202037/:?]
	at com.st.stm32cube.common.mx.oss.core.awtswtbridge.EmbeddedSwingComposite.doComponentCreation(EmbeddedSwingComposite.java:492) ~[com.st.stm32cube.common.mx.oss_6.10.0.202311202037/:?]
	at com.st.stm32cube.common.mx.oss.core.awtswtbridge.EmbeddedSwingComposite$4.run(EmbeddedSwingComposite.java:291) ~[com.st.stm32cube.common.mx.oss_6.10.0.202311202037/:?]
	at com.st.stm32cube.common.mx.oss.core.awtswtbridge.AwtEnvironment$2.run(AwtEnvironment.java:166) ~[com.st.stm32cube.common.mx.oss_6.10.0.202311202037/:?]
	at java.awt.event.InvocationEvent.dispatch(InvocationEvent.java:318) ~[?:?]
	at java.awt.EventQueue.dispatchEventImpl(EventQueue.java:773) ~[?:?]
	at java.awt.EventQueue$4.run(EventQueue.java:720) ~[?:?]
	at java.awt.EventQueue$4.run(EventQueue.java:714) ~[?:?]
	at java.security.AccessController.doPrivileged(AccessController.java:399) ~[?:?]
	at java.security.ProtectionDomain$JavaSecurityAccessImpl.doIntersectionPrivilege(ProtectionDomain.java:86) ~[?:?]
	at java.awt.EventQueue.dispatchEvent(EventQueue.java:742) ~[?:?]
	at java.awt.EventDispatchThread.pumpOneEventForFilters(EventDispatchThread.java:203) ~[?:?]
	at java.awt.EventDispatchThread.pumpEventsForFilter(EventDispatchThread.java:124) ~[?:?]
	at java.awt.EventDispatchThread.pumpEventsForHierarchy(EventDispatchThread.java:113) ~[?:?]
	at java.awt.EventDispatchThread.pumpEvents(EventDispatchThread.java:109) ~[?:?]
	at java.awt.EventDispatchThread.pumpEvents(EventDispatchThread.java:101) ~[?:?]
	at java.awt.EventDispatchThread.run(EventDispatchThread.java:90) ~[?:?]
2024-03-24 02:35:39,391 [WARN] ThirdParty:871 - waiting for thirdparty lock release [close project]
2024-03-24 02:35:39,391 [INFO] ThirdParty:873 - entering critical section [close project]
2024-03-24 02:35:39,391 [INFO] ThirdParty:883 - exiting critical section [close project]
2024-03-24 02:35:39,393 [INFO] PinOutPanel:1499 - setPackage(No Configuration,No Configuration)
2024-03-24 02:35:39,396 [WARN] IpParametersView:151 - Warning: This peripheral hasn't parameters
2024-03-24 02:35:39,398 [WARN] MainPanel:272 - <html><b><center>Warning: This peripheral has no parameters to be configured<br></b></html>
2024-03-24 02:35:39,400 [INFO] UtilMem:75 - Begin LoadConfig() Used Memory: 705857048 Bytes (1073741824)
2024-03-24 02:35:39,401 [INFO] MicroXplorer:468 - Change Database Path : 
2024-03-24 02:35:39,401 [INFO] MicroXplorer:498 - Change Database Version : DB.6.0.100
2024-03-24 02:35:39,401 [INFO] OpenFileManager:312 - Change cursor
2024-03-24 02:35:39,417 [INFO] RulesReader:64 - Compatibility file has been processed (297 Rules)
2024-03-24 02:35:39,426 [INFO] Mcu:2016 - Initializing MCU STM32F446R(C-E)Tx STM32F446RETx STM32F446RET6
2024-03-24 02:35:40,457 [INFO] Context:659 - Trying to add GPIOservice into a context  which must be forbidden
2024-03-24 02:35:40,723 [INFO] RtosManager:555 - Registered RTOS mode: class=CMSIS, group=RTOS, mode=CMSIS_V1, owner=FREERTOS
2024-03-24 02:35:40,723 [INFO] RtosManager:555 - Registered RTOS mode: class=CMSIS, group=RTOS2, mode=CMSIS_V2, owner=FREERTOS
2024-03-24 02:35:40,724 [INFO] RtosManager:555 - Registered RTOS mode: class=RTOS, group=Core, mode=CMSIS_V1, owner=FREERTOS
2024-03-24 02:35:40,724 [INFO] RtosManager:555 - Registered RTOS mode: class=RTOS, group=Core, mode=CMSIS_V2, owner=FREERTOS
2024-03-24 02:35:40,724 [WARN] ModelIntegratedComponent:184 - Missing modes for component STMicroelectronics:FreeRTOS:0.0.1:STMicroelectronics:RTOS:FreeRTOS:Core:::10.2.0:
2024-03-24 02:35:40,730 [WARN] ModelIntegratedComponent:63 - No mode defined for component null
2024-03-24 02:35:40,730 [WARN] ModelIntegratedComponent:63 - No mode defined for component null
2024-03-24 02:35:40,730 [WARN] ModelIntegratedComponent:63 - No mode defined for component null
2024-03-24 02:35:40,730 [WARN] ModelIntegratedComponent:63 - No mode defined for component null
2024-03-24 02:35:40,730 [WARN] ModelIntegratedComponent:63 - No mode defined for component null
2024-03-24 02:35:40,730 [WARN] ModelIntegratedComponent:63 - No mode defined for component null
2024-03-24 02:35:40,730 [WARN] ModelIntegratedComponent:63 - No mode defined for component null
2024-03-24 02:35:40,730 [WARN] ModelIntegratedComponent:63 - No mode defined for component null
2024-03-24 02:35:40,730 [WARN] ModelIntegratedComponent:63 - No mode defined for component null
2024-03-24 02:35:40,730 [WARN] ModelIntegratedComponent:63 - No mode defined for component null
2024-03-24 02:35:40,730 [WARN] ModelIntegratedComponent:63 - No mode defined for component null
2024-03-24 02:35:40,730 [WARN] ModelIntegratedComponent:63 - No mode defined for component null
2024-03-24 02:35:40,730 [WARN] ModelIntegratedComponent:63 - No mode defined for component null
2024-03-24 02:35:40,731 [WARN] ModelIntegratedComponent:63 - No mode defined for component null
2024-03-24 02:35:40,731 [WARN] ModelIntegratedComponent:63 - No mode defined for component null
2024-03-24 02:35:40,731 [WARN] ModelIntegratedComponent:63 - No mode defined for component null
2024-03-24 02:35:40,731 [WARN] ModelIntegratedComponent:63 - No mode defined for component null
2024-03-24 02:35:40,731 [WARN] ModelIntegratedComponent:63 - No mode defined for component null
2024-03-24 02:35:40,731 [WARN] ModelIntegratedComponent:63 - No mode defined for component null
2024-03-24 02:35:40,731 [WARN] ModelIntegratedComponent:63 - No mode defined for component null
2024-03-24 02:35:40,731 [WARN] ModelIntegratedComponent:63 - No mode defined for component null
2024-03-24 02:35:40,731 [WARN] ModelIntegratedComponent:63 - No mode defined for component null
2024-03-24 02:35:40,731 [WARN] ModelIntegratedComponent:63 - No mode defined for component null
2024-03-24 02:35:40,731 [WARN] ModelIntegratedComponent:63 - No mode defined for component null
2024-03-24 02:35:40,731 [WARN] ModelIntegratedComponent:63 - No mode defined for component null
2024-03-24 02:35:40,731 [WARN] ModelIntegratedComponent:63 - No mode defined for component null
2024-03-24 02:35:40,731 [WARN] ModelIntegratedComponent:63 - No mode defined for component null
2024-03-24 02:35:40,731 [WARN] ModelIntegratedComponent:63 - No mode defined for component null
2024-03-24 02:35:40,731 [WARN] ModelIntegratedComponent:63 - No mode defined for component null
2024-03-24 02:35:40,731 [WARN] ModelIntegratedComponent:63 - No mode defined for component null
2024-03-24 02:35:40,731 [WARN] ModelIntegratedComponent:63 - No mode defined for component null
2024-03-24 02:35:40,731 [WARN] ModelIntegratedComponent:63 - No mode defined for component null
2024-03-24 02:35:40,731 [WARN] ModelIntegratedComponent:63 - No mode defined for component null
2024-03-24 02:35:40,798 [INFO] ThirdPartyModel:298 - Start build external matchings
2024-03-24 02:35:41,117 [INFO] ThirdPartyModel:316 - End build external matchings
2024-03-24 02:35:41,134 [INFO] ImportTextPane:194 - (OptionalMessage_ERROR) IP (RCC) : Invalid parameter (48MHZClocksFreq_Value)
2024-03-24 02:35:41,134 [INFO] ImportTextPane:194 - (OptionalMessage_ERROR) IP (RCC) : Invalid parameter (EthernetFreq_Value)
2024-03-24 02:35:41,135 [INFO] ImportTextPane:194 - (OptionalMessage_ERROR) IP (RCC) : Parameter (FLatency) has Id (AdvancedSettings) currently not set
2024-03-24 02:35:41,135 [INFO] ImportTextPane:194 - (OptionalMessage_ERROR) IP (RCC) : Invalid parameter (FamilyName)
2024-03-24 02:35:41,135 [INFO] ImportTextPane:194 - (OptionalMessage_ERROR) IP (RCC) : Invalid parameter (I2SClocksFreq_Value)
2024-03-24 02:35:41,135 [INFO] ImportTextPane:194 - (OptionalMessage_ERROR) IP (RCC) : Parameter (SDIOFreq_Value) has invalid value (168000000)
2024-03-24 02:35:41,136 [INFO] ImportTextPane:194 - (OptionalMessage_ERROR) IP (RCC) : Parameter (USBFreq_Value) has invalid value (168000000)
2024-03-24 02:35:41,136 [INFO] ImportTextPane:194 - (OptionalMessage_ERROR) IP (RCC) : Invalid parameter (VCOInputMFreq_Value)
2024-03-24 02:35:41,136 [INFO] ImportTextPane:194 - (OptionalMessage_ERROR) IP (RCC) : Invalid parameter (VcooutputI2S)
2024-03-24 02:35:41,306 [INFO] UtilMem:75 - End LoadConfig() Used Memory: 917934800 Bytes (1073741824)
2024-03-24 02:35:41,348 [INFO] MicroXplorer:468 - Change Database Path : 
2024-03-24 02:35:41,348 [INFO] MicroXplorer:498 - Change Database Version : DB.6.0.100
2024-03-24 02:35:41,348 [WARN] ThirdParty:833 - waiting for thirdparty lock release [change project]
2024-03-24 02:35:41,348 [INFO] ThirdParty:835 - entering critical section [change project]
2024-03-24 02:35:41,348 [INFO] ThirdParty:1030 - CMSIS Pack Vendor :STMicroelectronics USBPD 4.1
2024-03-24 02:35:41,348 [INFO] ThirdParty:1030 - CMSIS Pack Vendor :STMicroelectronics X-CUBE-GNSS1 6.0.0
2024-03-24 02:35:41,348 [INFO] ThirdParty:1030 - CMSIS Pack Vendor :STMicroelectronics USB_HOST 2.0.0
2024-03-24 02:35:41,348 [INFO] ThirdParty:1030 - CMSIS Pack Vendor :STMicroelectronics X-CUBE-AZRTOS-F4 1.1.0
2024-03-24 02:35:41,348 [INFO] ThirdParty:1030 - CMSIS Pack Vendor :STMicroelectronics LIBJPEG 8.0.0
2024-03-24 02:35:41,348 [INFO] ThirdParty:1030 - CMSIS Pack Vendor :STMicroelectronics X-CUBE-SMBUS 2.1.0
2024-03-24 02:35:41,348 [INFO] ThirdParty:1030 - CMSIS Pack Vendor :STMicroelectronics USB_DEVICE 3.0.0
2024-03-24 02:35:41,349 [INFO] ThirdParty:1030 - CMSIS Pack Vendor :STMicroelectronics X-CUBE-AZRTOS-WB 2.0.0
2024-03-24 02:35:41,349 [INFO] ThirdParty:1030 - CMSIS Pack Vendor :wolfSSL I-CUBE-wolfSSL 5.6.6
2024-03-24 02:35:41,349 [INFO] ThirdParty:1030 - CMSIS Pack Vendor :STMicroelectronics X-CUBE-TOUCHGFX 4.23.0
2024-03-24 02:35:41,349 [INFO] ThirdParty:1030 - CMSIS Pack Vendor :STMicroelectronics X-CUBE-AZRTOS-F7 1.1.0
2024-03-24 02:35:41,349 [INFO] ThirdParty:1030 - CMSIS Pack Vendor :STMicroelectronics X-CUBE-AZRTOS-L5 2.0.0
2024-03-24 02:35:41,349 [INFO] ThirdParty:1030 - CMSIS Pack Vendor :STMicroelectronics USB_DEVICE 2.0.0
2024-03-24 02:35:41,349 [INFO] ThirdParty:1030 - CMSIS Pack Vendor :ITTIA_DB I-CUBE-ITTIADB 8.8.0
2024-03-24 02:35:41,349 [INFO] ThirdParty:1030 - CMSIS Pack Vendor :STMicroelectronics FP-SNS-MOTENV1 4.3.2
2024-03-24 02:35:41,349 [INFO] ThirdParty:1030 - CMSIS Pack Vendor :STMicroelectronics X-CUBE-ALGOBUILD 1.3.0
2024-03-24 02:35:41,349 [INFO] ThirdParty:1030 - CMSIS Pack Vendor :STMicroelectronics FreeRTOS 0.0.1
2024-03-24 02:35:41,349 [INFO] ThirdParty:1030 - CMSIS Pack Vendor :STMicroelectronics X-CUBE-AZRTOS-G0 1.1.0
2024-03-24 02:35:41,349 [INFO] ThirdParty:1030 - CMSIS Pack Vendor :STMicroelectronics X-CUBE-NFC4 3.0.0
2024-03-24 02:35:41,349 [INFO] ThirdParty:1030 - CMSIS Pack Vendor :STMicroelectronics X-CUBE-SUBG2 5.0.0
2024-03-24 02:35:41,349 [INFO] ThirdParty:1030 - CMSIS Pack Vendor :STMicroelectronics STM32_WPAN 1.0.0
2024-03-24 02:35:41,349 [INFO] ThirdParty:1030 - CMSIS Pack Vendor :STMicroelectronics lwIP 2.0.3
2024-03-24 02:35:41,349 [INFO] ThirdParty:1030 - CMSIS Pack Vendor :STMicroelectronics FP-SNS-FLIGHT1 5.0.2
2024-03-24 02:35:41,349 [INFO] ThirdParty:1030 - CMSIS Pack Vendor :STMicroelectronics USB_HOST 1.0.0
2024-03-24 02:35:41,349 [INFO] ThirdParty:1030 - CMSIS Pack Vendor :STMicroelectronics X-CUBE-AZRTOS-G4 2.0.0
2024-03-24 02:35:41,349 [INFO] ThirdParty:1030 - CMSIS Pack Vendor :STMicroelectronics PDM2PCM 3.1.0
2024-03-24 02:35:41,349 [INFO] ThirdParty:1030 - CMSIS Pack Vendor :Infineon AIROC-Wi-Fi-Bluetooth-STM32 1.5.1
2024-03-24 02:35:41,349 [INFO] ThirdParty:1030 - CMSIS Pack Vendor :STMicroelectronics X-CUBE-BLEMGR 3.0.0
2024-03-24 02:35:41,349 [INFO] ThirdParty:1030 - CMSIS Pack Vendor :STMicroelectronics PDM2PCM 3.3.0
2024-03-24 02:35:41,349 [INFO] ThirdParty:1030 - CMSIS Pack Vendor :STMicroelectronics X-CUBE-DISPLAY 3.0.0
2024-03-24 02:35:41,349 [INFO] ThirdParty:1030 - CMSIS Pack Vendor :STMicroelectronics FP-SNS-MOTENVWB1 1.3.1
2024-03-24 02:35:41,349 [INFO] ThirdParty:1030 - CMSIS Pack Vendor :STMicroelectronics X-CUBE-BLE1 7.0.0
2024-03-24 02:35:41,349 [INFO] ThirdParty:1030 - CMSIS Pack Vendor :STMicroelectronics FP-ATR-SIGFOX1 3.2.0
2024-03-24 02:35:41,349 [INFO] ThirdParty:1030 - CMSIS Pack Vendor :STMicroelectronics X-CUBE-ISPU 2.0.0
2024-03-24 02:35:41,349 [INFO] ThirdParty:1030 - CMSIS Pack Vendor :STMicroelectronics X-CUBE-EEPRMA1 5.1.0
2024-03-24 02:35:41,349 [INFO] ThirdParty:1030 - CMSIS Pack Vendor :STMicroelectronics HAL Drivers 0.0.0
2024-03-24 02:35:41,349 [INFO] ThirdParty:1030 - CMSIS Pack Vendor :STMicroelectronics MBEDTLS 2.16.2
2024-03-24 02:35:41,349 [INFO] ThirdParty:1030 - CMSIS Pack Vendor :emotas I-CUBE-CANOPEN 1.3.0
2024-03-24 02:35:41,349 [INFO] ThirdParty:1030 - CMSIS Pack Vendor :STMicroelectronics X-CUBE-MEMS1 10.0.0
2024-03-24 02:35:41,349 [INFO] ThirdParty:1030 - CMSIS Pack Vendor :STMicroelectronics X-CUBE-FREERTOS 1.1.0
2024-03-24 02:35:41,349 [INFO] ThirdParty:1030 - CMSIS Pack Vendor :STMicroelectronics X-CUBE-NFC7 1.0.1
2024-03-24 02:35:41,349 [INFO] ThirdParty:1030 - CMSIS Pack Vendor :STMicroelectronics MBEDTLS 2.14.1
2024-03-24 02:35:41,349 [INFO] ThirdParty:1030 - CMSIS Pack Vendor :STMicroelectronics X-CUBE-NFC6 3.0.0
2024-03-24 02:35:41,349 [INFO] ThirdParty:1030 - CMSIS Pack Vendor :portGmbH I-Cube-SoM-uGOAL 1.1.0
2024-03-24 02:35:41,349 [INFO] ThirdParty:1030 - CMSIS Pack Vendor :STMicroelectronics X-CUBE-ALS 1.0.1
2024-03-24 02:35:41,349 [INFO] ThirdParty:1030 - CMSIS Pack Vendor :STMicroelectronics X-CUBE-BLEMGR 3.1.0
2024-03-24 02:35:41,349 [INFO] ThirdParty:1030 - CMSIS Pack Vendor :STMicroelectronics ThreadX 1.0.0
2024-03-24 02:35:41,350 [INFO] ThirdParty:1030 - CMSIS Pack Vendor :STMicroelectronics FP-SNS-SMARTAG2 1.2.0
2024-03-24 02:35:41,350 [INFO] ThirdParty:1030 - CMSIS Pack Vendor :STMicroelectronics X-CUBE-AZRTOS-WL 2.0.0
2024-03-24 02:35:41,350 [INFO] ThirdParty:1030 - CMSIS Pack Vendor :SEGGER I-CUBE-embOS 1.3.1
2024-03-24 02:35:41,350 [INFO] ThirdParty:1030 - CMSIS Pack Vendor :STMicroelectronics USB_DEVICE 1.0.0
2024-03-24 02:35:41,350 [INFO] ThirdParty:1030 - CMSIS Pack Vendor :STMicroelectronics X-CUBE-AI 8.1.0
2024-03-24 02:35:41,350 [INFO] ThirdParty:1030 - CMSIS Pack Vendor :STMicroelectronics X-CUBE-AZRTOS-L4 2.0.0
2024-03-24 02:35:41,350 [INFO] ThirdParty:1030 - CMSIS Pack Vendor :STMicroelectronics ThreadX 0.0.2
2024-03-24 02:35:41,350 [INFO] ThirdParty:1030 - CMSIS Pack Vendor :WES I-CUBE-Cesium 1.3.0
2024-03-24 02:35:41,350 [INFO] ThirdParty:1030 - CMSIS Pack Vendor :STMicroelectronics FP-ATR-ASTRA1 2.0.0
2024-03-24 02:35:41,350 [INFO] ThirdParty:1030 - CMSIS Pack Vendor :STMicroelectronics lwIP 2.1.2
2024-03-24 02:35:41,350 [INFO] ThirdParty:1030 - CMSIS Pack Vendor :STMicroelectronics X-CUBE-SFXS2LP1 4.0.0
2024-03-24 02:35:41,350 [INFO] ThirdParty:1030 - CMSIS Pack Vendor :STMicroelectronics X-CUBE-BLE2 3.3.0
2024-03-24 02:35:41,350 [INFO] ThirdParty:1030 - CMSIS Pack Vendor :STMicroelectronics X-CUBE-TOF1 3.4.0
2024-03-24 02:35:41,350 [INFO] ThirdParty:1030 - CMSIS Pack Vendor :STMicroelectronics X-CUBE-TOF1 3.4.1
2024-03-24 02:35:41,350 [INFO] ThirdParty:1030 - CMSIS Pack Vendor :STMicroelectronics X-CUBE-AZRTOS-H7 3.2.0
2024-03-24 02:35:41,350 [INFO] ThirdParty:1030 - CMSIS Pack Vendor :STMicroelectronics PDM2PCM 3.2.0
2024-03-24 02:35:41,350 [INFO] ThirdParty:841 - exiting critical section [change project]
2024-03-24 02:35:41,489 [INFO] PinOutPanel:1499 - setPackage(No Configuration,No Configuration)
2024-03-24 02:35:41,490 [INFO] PinOutPanel:1499 - setPackage(STM32F446RETx,LQFP64)
2024-03-24 02:35:41,715 [INFO] UtilMem:75 - Before build in PCC Used Memory: 876566064 Bytes (1073741824)
2024-03-24 02:35:41,920 [INFO] UtilMem:75 - After build in PCC Used Memory: 925152856 Bytes (1073741824)
2024-03-24 02:35:41,950 [INFO] IPUIPlugin:80 - create IPUIPlugin
2024-03-24 02:35:41,950 [INFO] IPUIPlugin:80 - create IPUIPlugin
2024-03-24 02:35:41,951 [INFO] IPUIPlugin:80 - create IPUIPlugin
2024-03-24 02:35:41,951 [INFO] IPUIPlugin:80 - create IPUIPlugin
2024-03-24 02:35:41,951 [INFO] IPUIPlugin:80 - create IPUIPlugin
2024-03-24 02:35:41,951 [INFO] IPUIPlugin:80 - create IPUIPlugin
2024-03-24 02:35:41,951 [INFO] IPUIPlugin:80 - create IPUIPlugin
2024-03-24 02:35:41,951 [INFO] IPUIPlugin:80 - create IPUIPlugin
2024-03-24 02:35:41,951 [INFO] IPUIPlugin:80 - create IPUIPlugin
2024-03-24 02:35:41,951 [INFO] IPUIPlugin:80 - create IPUIPlugin
2024-03-24 02:35:41,952 [INFO] IPUIPlugin:80 - create IPUIPlugin
2024-03-24 02:35:41,952 [INFO] IPUIPlugin:80 - create IPUIPlugin
2024-03-24 02:35:41,952 [INFO] IPUIPlugin:80 - create IPUIPlugin
2024-03-24 02:35:41,952 [INFO] IPUIPlugin:80 - create IPUIPlugin
2024-03-24 02:35:41,952 [INFO] IPUIPlugin:80 - create IPUIPlugin
2024-03-24 02:35:41,952 [INFO] IPUIPlugin:80 - create IPUIPlugin
2024-03-24 02:35:41,952 [INFO] IPUIPlugin:80 - create IPUIPlugin
2024-03-24 02:35:41,952 [INFO] IPUIPlugin:80 - create IPUIPlugin
2024-03-24 02:35:41,952 [INFO] IPUIPlugin:80 - create IPUIPlugin
2024-03-24 02:35:41,952 [INFO] IPUIPlugin:80 - create IPUIPlugin
2024-03-24 02:35:41,953 [INFO] IPUIPlugin:80 - create IPUIPlugin
2024-03-24 02:35:41,953 [INFO] IPUIPlugin:80 - create IPUIPlugin
2024-03-24 02:35:41,953 [INFO] IPUIPlugin:80 - create IPUIPlugin
2024-03-24 02:35:41,953 [INFO] IPUIPlugin:80 - create IPUIPlugin
2024-03-24 02:35:41,953 [INFO] IPUIPlugin:80 - create IPUIPlugin
2024-03-24 02:35:41,953 [INFO] IPUIPlugin:80 - create IPUIPlugin
2024-03-24 02:35:41,953 [INFO] IPUIPlugin:80 - create IPUIPlugin
2024-03-24 02:35:41,954 [INFO] IPUIPlugin:80 - create IPUIPlugin
2024-03-24 02:35:41,954 [INFO] IPUIPlugin:80 - create IPUIPlugin
2024-03-24 02:35:41,954 [INFO] IPUIPlugin:80 - create IPUIPlugin
2024-03-24 02:35:41,954 [INFO] IPUIPlugin:80 - create IPUIPlugin
2024-03-24 02:35:41,954 [INFO] IPUIPlugin:80 - create IPUIPlugin
2024-03-24 02:35:41,954 [INFO] IPUIPlugin:80 - create IPUIPlugin
2024-03-24 02:35:41,955 [INFO] IPUIPlugin:80 - create IPUIPlugin
2024-03-24 02:35:41,955 [INFO] IPUIPlugin:80 - create IPUIPlugin
2024-03-24 02:35:41,955 [INFO] IPUIPlugin:80 - create IPUIPlugin
2024-03-24 02:35:41,956 [INFO] IPUIPlugin:80 - create IPUIPlugin
2024-03-24 02:35:41,956 [INFO] IPUIPlugin:80 - create IPUIPlugin
2024-03-24 02:35:41,956 [INFO] IPUIPlugin:80 - create IPUIPlugin
2024-03-24 02:35:41,956 [INFO] IPUIPlugin:80 - create IPUIPlugin
2024-03-24 02:35:41,956 [INFO] IPUIPlugin:80 - create IPUIPlugin
2024-03-24 02:35:41,957 [INFO] IPUIPlugin:80 - create IPUIPlugin
2024-03-24 02:35:41,957 [INFO] IPUIPlugin:80 - create IPUIPlugin
2024-03-24 02:35:41,957 [INFO] IPUIPlugin:80 - create IPUIPlugin
2024-03-24 02:35:41,957 [INFO] IPUIPlugin:80 - create IPUIPlugin
2024-03-24 02:35:41,958 [INFO] IPUIPlugin:80 - create IPUIPlugin
2024-03-24 02:35:41,958 [INFO] IPUIPlugin:80 - create IPUIPlugin
2024-03-24 02:35:41,958 [INFO] IPUIPlugin:80 - create IPUIPlugin
2024-03-24 02:35:41,958 [INFO] IPUIPlugin:80 - create IPUIPlugin
2024-03-24 02:35:41,958 [INFO] IPUIPlugin:80 - create IPUIPlugin
2024-03-24 02:35:41,959 [INFO] IPUIPlugin:80 - create IPUIPlugin
2024-03-24 02:35:41,959 [INFO] IPUIPlugin:80 - create IPUIPlugin
2024-03-24 02:35:41,959 [INFO] IPUIPlugin:80 - create IPUIPlugin
2024-03-24 02:35:41,959 [INFO] IPUIPlugin:80 - create IPUIPlugin
2024-03-24 02:35:41,960 [INFO] IPUIPlugin:80 - create IPUIPlugin
2024-03-24 02:35:41,960 [INFO] IPUIPlugin:80 - create IPUIPlugin
2024-03-24 02:35:41,960 [INFO] IPUIPlugin:80 - create IPUIPlugin
2024-03-24 02:35:41,960 [INFO] IPUIPlugin:80 - create IPUIPlugin
2024-03-24 02:35:41,961 [INFO] IPUIPlugin:80 - create IPUIPlugin
2024-03-24 02:35:41,962 [INFO] IPUIPlugin:80 - create IPUIPlugin
2024-03-24 02:35:41,974 [INFO] ApiDbMcu:508 - Load IP Config File for PDM2PCM
2024-03-24 02:35:42,022 [INFO] CADModel:165 - CPN selected for project levelSTM32F446RET6
2024-03-24 02:35:42,023 [INFO] CADModel:114 - Register for checkConnection events
2024-03-24 02:35:42,076 [INFO] OpenFileManager:343 - Restore cursor
