2024-03-04 23:20:27,043 [INFO] Activator:176 - 


2024-03-04 23:20:27,045 [INFO] Activator:177 - !SESSION log4j initialized
2024-03-04 23:20:29,786 [INFO] LogOutputStream:77 - [STDOUT_REDIRECT] 
2024-03-04 23:20:32,671 [INFO] ApplicationProperties:184 - Using Application install path: C:\ST\STM32CubeIDE_1.14.1\STM32CubeIDE\plugins\com.st.stm32cube.common.mx_6.10.0.202311202037
2024-03-04 23:20:32,689 [INFO] DbMcusXml:78 - Set database path to: C:\ST\STM32CubeIDE_1.14.1\STM32CubeIDE\plugins\com.st.stm32cube.common.mx_6.10.0.202311202037\\db\/mcu/
2024-03-04 23:20:32,689 [INFO] ApiDb:274 - Set plugin database path to: C:\ST\STM32CubeIDE_1.14.1\STM32CubeIDE\plugins\com.st.stm32cube.common.mx_6.10.0.202311202037\\db\/plugins/boardmanager/
2024-03-04 23:20:32,690 [WARN] ApiDb:259 - Overriding images path with different value:  => C:\ST\STM32CubeIDE_1.14.1\STM32CubeIDE\plugins\com.st.stm32cube.common.mx_6.10.0.202311202037\\db\/plugins/mcufinder/images/
2024-03-04 23:20:32,699 [INFO] ApiDb:250 - Set database path to: C:\Users\crayo\.stmcufinder\plugins\mcufinder//mcu/
2024-03-04 23:20:32,700 [INFO] DbMcusAds:125 - Set database path to: C:\Users\crayo\.stmcufinder\plugins\mcufinder//mcu/
2024-03-04 23:20:32,702 [INFO] CrossReferenceDbSqlite:203 - Set database path to: C:\Users\crayo\.stmcufinder\plugins\mcufinder//mcu/cs/
2024-03-04 23:20:32,804 [INFO] RulesReader:64 - Compatibility file has been processed (297 Rules)
2024-03-04 23:20:32,878 [INFO] DbMcusXml:78 - Set database path to: C:\ST\STM32CubeIDE_1.14.1\STM32CubeIDE\plugins\com.st.stm32cube.common.mx_6.10.0.202311202037\\db\/mcu/
2024-03-04 23:20:32,878 [INFO] ApiDb:274 - Set plugin database path to: C:\ST\STM32CubeIDE_1.14.1\STM32CubeIDE\plugins\com.st.stm32cube.common.mx_6.10.0.202311202037\\db\/plugins/boardmanager/
2024-03-04 23:20:32,879 [INFO] ApiDb:261 - Set plugin images path to: C:\ST\STM32CubeIDE_1.14.1\STM32CubeIDE\plugins\com.st.stm32cube.common.mx_6.10.0.202311202037\\db\/plugins/mcufinder/images/
2024-03-04 23:20:32,879 [WARN] DbFile:41 - Overriding database path with different value: C:\Users\crayo\.stmcufinder\plugins\mcufinder/ => C:\Users\crayo\.stmcufinder\plugins\mcufinder
2024-03-04 23:20:32,879 [INFO] ApiDb:250 - Set database path to: C:\Users\crayo\.stmcufinder\plugins\mcufinder//mcu/
2024-03-04 23:20:32,879 [WARN] DbFile:41 - Overriding database path with different value: C:\Users\crayo\.stmcufinder\plugins\mcufinder/ => C:\Users\crayo\.stmcufinder\plugins\mcufinder
2024-03-04 23:20:32,879 [INFO] DbMcusAds:125 - Set database path to: C:\Users\crayo\.stmcufinder\plugins\mcufinder//mcu/
2024-03-04 23:20:32,879 [WARN] DbFile:41 - Overriding database path with different value: C:\Users\crayo\.stmcufinder\plugins\mcufinder/ => C:\Users\crayo\.stmcufinder\plugins\mcufinder
2024-03-04 23:20:32,879 [WARN] DbFile:41 - Overriding database path with different value: C:\Users\crayo\.stmcufinder\plugins\mcufinder/ => C:\Users\crayo\.stmcufinder\plugins\mcufinder
2024-03-04 23:20:32,880 [INFO] CrossReferenceDbSqlite:203 - Set database path to: C:\Users\crayo\.stmcufinder\plugins\mcufinder//mcu/cs/
2024-03-04 23:20:32,945 [INFO] MainPanel:264 - HeapMemory: 268435456
2024-03-04 23:20:33,026 [INFO] DbMcusXml:78 - Set database path to: C:\ST\STM32CubeIDE_1.14.1\STM32CubeIDE\plugins\com.st.stm32cube.common.mx_6.10.0.202311202037\\db\/mcu/
2024-03-04 23:20:33,027 [INFO] ApiDb:274 - Set plugin database path to: C:\ST\STM32CubeIDE_1.14.1\STM32CubeIDE\plugins\com.st.stm32cube.common.mx_6.10.0.202311202037\\db\/plugins/boardmanager/
2024-03-04 23:20:33,027 [INFO] ApiDb:261 - Set plugin images path to: C:\ST\STM32CubeIDE_1.14.1\STM32CubeIDE\plugins\com.st.stm32cube.common.mx_6.10.0.202311202037\\db\/plugins/mcufinder/images/
2024-03-04 23:20:33,027 [WARN] DbFile:41 - Overriding database path with different value: C:\Users\crayo\.stmcufinder\plugins\mcufinder/ => C:\Users\crayo\.stmcufinder\plugins\mcufinder
2024-03-04 23:20:33,027 [INFO] ApiDb:250 - Set database path to: C:\Users\crayo\.stmcufinder\plugins\mcufinder//mcu/
2024-03-04 23:20:33,027 [WARN] DbFile:41 - Overriding database path with different value: C:\Users\crayo\.stmcufinder\plugins\mcufinder/ => C:\Users\crayo\.stmcufinder\plugins\mcufinder
2024-03-04 23:20:33,027 [INFO] DbMcusAds:125 - Set database path to: C:\Users\crayo\.stmcufinder\plugins\mcufinder//mcu/
2024-03-04 23:20:33,027 [WARN] DbFile:41 - Overriding database path with different value: C:\Users\crayo\.stmcufinder\plugins\mcufinder/ => C:\Users\crayo\.stmcufinder\plugins\mcufinder
2024-03-04 23:20:33,027 [WARN] DbFile:41 - Overriding database path with different value: C:\Users\crayo\.stmcufinder\plugins\mcufinder/ => C:\Users\crayo\.stmcufinder\plugins\mcufinder
2024-03-04 23:20:33,028 [INFO] CrossReferenceDbSqlite:203 - Set database path to: C:\Users\crayo\.stmcufinder\plugins\mcufinder//mcu/cs/
2024-03-04 23:20:33,047 [INFO] ApplicationProperties:184 - Using Application install path: C:\ST\STM32CubeIDE_1.14.1\STM32CubeIDE\plugins\com.st.stm32cube.common.mx_6.10.0.202311202037
2024-03-04 23:20:33,048 [INFO] PluginManage:196 - Search for loadable plugins [exclusion list=, ]
2024-03-04 23:20:33,050 [INFO] PluginManage:310 - Check plugin analytics
2024-03-04 23:20:33,202 [INFO] AnalyticsPlugin:253 - Accepted Software Licenses: 
2024-03-04 23:20:33,202 [INFO] AnalyticsPlugin:255 - Accepted CMSIS Pack Licenses: 
2024-03-04 23:20:33,202 [INFO] AnalyticsPlugin:257 - Accepted Firmware Licenses: FW.F4.1.28.0
2024-03-04 23:20:33,204 [INFO] PluginManage:359 - Loaded plugin analytics (category:tool,tabindex:-1)
2024-03-04 23:20:33,204 [INFO] PluginManage:310 - Check plugin cadmodel
2024-03-04 23:20:33,217 [INFO] CADModel:105 - Init CAD model plugin
2024-03-04 23:20:33,218 [INFO] PluginManage:359 - Loaded plugin cadmodel (category:power,tabindex:5)
2024-03-04 23:20:33,218 [INFO] PluginManage:310 - Check plugin clock
2024-03-04 23:20:33,238 [INFO] PluginManage:359 - Loaded plugin clock (category:base,tabindex:2)
2024-03-04 23:20:33,239 [INFO] PluginManage:310 - Check plugin ddr
2024-03-04 23:20:33,241 [INFO] PluginManage:359 - Loaded plugin ddr (category:tool,tabindex:6)
2024-03-04 23:20:33,241 [INFO] PluginManage:310 - Check plugin filemanager
2024-03-04 23:20:33,377 [INFO] PluginManage:359 - Loaded plugin filemanager (category:base,tabindex:10)
2024-03-04 23:20:33,377 [INFO] PluginManage:310 - Check plugin ipmanager
2024-03-04 23:20:33,385 [INFO] PluginManage:359 - Loaded plugin ipmanager (category:base,tabindex:5)
2024-03-04 23:20:33,385 [INFO] PluginManage:310 - Check plugin lpbam
2024-03-04 23:20:33,401 [INFO] PluginManage:359 - Loaded plugin lpbam (category:base,tabindex:0)
2024-03-04 23:20:33,402 [INFO] PluginManage:310 - Check plugin memorymap
2024-03-04 23:20:33,423 [INFO] PluginManage:359 - Loaded plugin memorymap (category:base,tabindex:4)
2024-03-04 23:20:33,423 [INFO] PluginManage:310 - Check plugin pinoutandconfiguration
2024-03-04 23:20:33,440 [INFO] PluginManage:359 - Loaded plugin pinoutandconfiguration (category:base,tabindex:1)
2024-03-04 23:20:33,440 [INFO] PluginManage:310 - Check plugin pinoutconfig
2024-03-04 23:20:33,547 [WARN] SupportedApi:132 - Cannot load RTOS API schema: s4s-elt-must-match.1: The content of 'definitions' must match (annotation?, (simpleType | complexType)?, (unique | key | keyref)*)). A problem was found starting at: attribute.
2024-03-04 23:20:33,656 [INFO] PluginManage:359 - Loaded plugin pinoutconfig (category:base,tabindex:0)
2024-03-04 23:20:33,656 [INFO] PluginManage:310 - Check plugin power
2024-03-04 23:20:33,674 [INFO] PluginManage:359 - Loaded plugin power (category:power,tabindex:4)
2024-03-04 23:20:33,674 [INFO] PluginManage:310 - Check plugin projectmanager
2024-03-04 23:20:33,686 [INFO] PluginManage:359 - Loaded plugin projectmanager (category:projectmanager,tabindex:3)
2024-03-04 23:20:33,687 [INFO] PluginManage:310 - Check plugin thirdparty
2024-03-04 23:20:33,928 [INFO] PluginManage:359 - Loaded plugin thirdparty (category:base,tabindex:-1)
2024-03-04 23:20:33,929 [INFO] PluginManage:310 - Check plugin tools
2024-03-04 23:20:33,929 [WARN] IntegrityCheckThread:84 - waiting for thirdparty lock release [integrity check]
2024-03-04 23:20:33,929 [INFO] IntegrityCheckThread:86 - entering critical section [integrity check]
2024-03-04 23:20:33,929 [INFO] ThirdPartyUpdaterWithRetryManager:70 - Updater plugin not ready yet. [1/15]
2024-03-04 23:20:33,969 [INFO] PluginManage:359 - Loaded plugin tools (category:base,tabindex:7)
2024-03-04 23:20:33,969 [INFO] PluginManage:310 - Check plugin tutovideos
2024-03-04 23:20:34,133 [INFO] PluginManage:359 - Loaded plugin tutovideos (category:base,tabindex:-1)
2024-03-04 23:20:34,133 [INFO] PluginManage:310 - Check plugin updater
2024-03-04 23:20:34,143 [INFO] PluginManage:359 - Loaded plugin updater (category:base,tabindex:12)
2024-03-04 23:20:34,143 [INFO] PluginManage:310 - Check plugin userauth
2024-03-04 23:20:34,149 [INFO] UserAuth:114 - Init User Auth plugin
2024-03-04 23:20:34,149 [INFO] PluginManage:359 - Loaded plugin userauth (category:base,tabindex:14)
2024-03-04 23:20:34,149 [INFO] PluginManage:283 - PluginManage : Loaded plugins [17]
2024-03-04 23:20:34,343 [INFO] PinOutPanel:1499 - setPackage(No Configuration,No Configuration)
2024-03-04 23:20:34,422 [INFO] CADModel:165 - CPN selected for project level
2024-03-04 23:20:34,422 [INFO] CADModel:114 - Register for checkConnection events
2024-03-04 23:20:34,451 [INFO] IPUIPlugin:80 - create IPUIPlugin
2024-03-04 23:20:34,451 [INFO] PluginManager:220 - loadIPPluginJar : add adc
2024-03-04 23:20:34,484 [INFO] IPUIPlugin:80 - create IPUIPlugin
2024-03-04 23:20:34,484 [INFO] PluginManager:220 - loadIPPluginJar : add aes
2024-03-04 23:20:34,520 [INFO] IPUIPlugin:80 - create IPUIPlugin
2024-03-04 23:20:34,520 [INFO] PluginManager:220 - loadIPPluginJar : add can
2024-03-04 23:20:34,540 [INFO] IPUIPlugin:80 - create IPUIPlugin
2024-03-04 23:20:34,540 [INFO] PluginManager:220 - loadIPPluginJar : add comp
2024-03-04 23:20:34,571 [INFO] IPUIPlugin:80 - create IPUIPlugin
2024-03-04 23:20:34,571 [INFO] PluginManager:220 - loadIPPluginJar : add cryp
2024-03-04 23:20:34,604 [INFO] IPUIPlugin:80 - create IPUIPlugin
2024-03-04 23:20:34,605 [INFO] PluginManager:220 - loadIPPluginJar : add dfsdm
2024-03-04 23:20:34,620 [INFO] IPUIPlugin:80 - create IPUIPlugin
2024-03-04 23:20:34,621 [INFO] PluginManager:220 - loadIPPluginJar : add dma
2024-03-04 23:20:34,663 [INFO] IPUIPlugin:80 - create IPUIPlugin
2024-03-04 23:20:34,663 [INFO] PluginManager:220 - loadIPPluginJar : add dma3
2024-03-04 23:20:34,679 [INFO] IPUIPlugin:80 - create IPUIPlugin
2024-03-04 23:20:34,680 [INFO] PluginManager:220 - loadIPPluginJar : add fatfs
2024-03-04 23:20:34,720 [INFO] IPUIPlugin:80 - create IPUIPlugin
2024-03-04 23:20:34,720 [INFO] PluginManager:220 - loadIPPluginJar : add fmc
2024-03-04 23:20:34,734 [INFO] IPUIPlugin:80 - create IPUIPlugin
2024-03-04 23:20:34,735 [INFO] PluginManager:220 - loadIPPluginJar : add freertos
2024-03-04 23:20:34,753 [INFO] IPUIPlugin:80 - create IPUIPlugin
2024-03-04 23:20:34,753 [INFO] PluginManager:220 - loadIPPluginJar : add genericplugin
2024-03-04 23:20:34,842 [INFO] IPUIPlugin:80 - create IPUIPlugin
2024-03-04 23:20:34,842 [INFO] PluginManager:220 - loadIPPluginJar : add gfxmmu
2024-03-04 23:20:34,970 [INFO] IPUIPlugin:80 - create IPUIPlugin
2024-03-04 23:20:34,971 [INFO] PluginManager:220 - loadIPPluginJar : add gic
2024-03-04 23:20:34,981 [INFO] IPUIPlugin:80 - create IPUIPlugin
2024-03-04 23:20:34,982 [INFO] PluginManager:220 - loadIPPluginJar : add gpio
2024-03-04 23:20:35,055 [INFO] IPUIPlugin:80 - create IPUIPlugin
2024-03-04 23:20:35,055 [INFO] PluginManager:220 - loadIPPluginJar : add gtzc
2024-03-04 23:20:35,083 [INFO] IPUIPlugin:80 - create IPUIPlugin
2024-03-04 23:20:35,083 [INFO] PluginManager:220 - loadIPPluginJar : add hash
2024-03-04 23:20:35,125 [INFO] IPUIPlugin:80 - create IPUIPlugin
2024-03-04 23:20:35,126 [INFO] PluginManager:220 - loadIPPluginJar : add i2c
2024-03-04 23:20:35,157 [INFO] IPUIPlugin:80 - create IPUIPlugin
2024-03-04 23:20:35,157 [INFO] PluginManager:220 - loadIPPluginJar : add i2s
2024-03-04 23:20:35,193 [INFO] IPUIPlugin:80 - create IPUIPlugin
2024-03-04 23:20:35,193 [INFO] PluginManager:220 - loadIPPluginJar : add i3c
2024-03-04 23:20:35,282 [INFO] IPUIPlugin:80 - create IPUIPlugin
2024-03-04 23:20:35,282 [INFO] PluginManager:220 - loadIPPluginJar : add ipddr
2024-03-04 23:20:35,374 [INFO] IPUIPlugin:80 - create IPUIPlugin
2024-03-04 23:20:35,374 [INFO] PluginManager:220 - loadIPPluginJar : add linkedlist
2024-03-04 23:20:35,411 [INFO] IPUIPlugin:80 - create IPUIPlugin
2024-03-04 23:20:35,411 [INFO] PluginManager:220 - loadIPPluginJar : add lorawan
2024-03-04 23:20:35,458 [INFO] IPUIPlugin:80 - create IPUIPlugin
2024-03-04 23:20:35,458 [INFO] PluginManager:220 - loadIPPluginJar : add ltdc
2024-03-04 23:20:35,476 [INFO] IPUIPlugin:80 - create IPUIPlugin
2024-03-04 23:20:35,476 [INFO] PluginManager:220 - loadIPPluginJar : add mdma
2024-03-04 23:20:35,492 [INFO] IPUIPlugin:80 - create IPUIPlugin
2024-03-04 23:20:35,492 [INFO] PluginManager:220 - loadIPPluginJar : add nvic
2024-03-04 23:20:35,530 [INFO] IPUIPlugin:80 - create IPUIPlugin
2024-03-04 23:20:35,530 [INFO] PluginManager:220 - loadIPPluginJar : add opamp
2024-03-04 23:20:35,593 [INFO] IPUIPlugin:80 - create IPUIPlugin
2024-03-04 23:20:35,593 [INFO] PluginManager:220 - loadIPPluginJar : add openamp
2024-03-04 23:20:35,629 [INFO] IPUIPlugin:80 - create IPUIPlugin
2024-03-04 23:20:35,629 [INFO] PluginManager:220 - loadIPPluginJar : add pdm2pcm
2024-03-04 23:20:35,649 [INFO] IPUIPlugin:80 - create IPUIPlugin
2024-03-04 23:20:35,653 [INFO] PluginManager:220 - loadIPPluginJar : add plateformsettings
2024-03-04 23:20:35,673 [INFO] IPUIPlugin:80 - create IPUIPlugin
2024-03-04 23:20:35,673 [INFO] PluginManager:220 - loadIPPluginJar : add quadspi
2024-03-04 23:20:35,685 [INFO] IPUIPlugin:80 - create IPUIPlugin
2024-03-04 23:20:35,685 [INFO] PluginManager:220 - loadIPPluginJar : add resmgrutility
2024-03-04 23:20:35,734 [INFO] IPUIPlugin:80 - create IPUIPlugin
2024-03-04 23:20:35,734 [INFO] PluginManager:220 - loadIPPluginJar : add sai
2024-03-04 23:20:35,766 [INFO] IPUIPlugin:80 - create IPUIPlugin
2024-03-04 23:20:35,766 [INFO] PluginManager:220 - loadIPPluginJar : add spi
2024-03-04 23:20:35,820 [INFO] IPUIPlugin:80 - create IPUIPlugin
2024-03-04 23:20:35,821 [INFO] PluginManager:220 - loadIPPluginJar : add stm32_wpan
2024-03-04 23:20:35,839 [INFO] IPUIPlugin:80 - create IPUIPlugin
2024-03-04 23:20:35,839 [INFO] PluginManager:220 - loadIPPluginJar : add tim
2024-03-04 23:20:35,888 [INFO] IPUIPlugin:80 - create IPUIPlugin
2024-03-04 23:20:35,888 [INFO] PluginManager:220 - loadIPPluginJar : add touchsensing
2024-03-04 23:20:35,909 [INFO] IPUIPlugin:80 - create IPUIPlugin
2024-03-04 23:20:35,909 [INFO] PluginManager:220 - loadIPPluginJar : add tracer_emb
2024-03-04 23:20:35,928 [INFO] IPUIPlugin:80 - create IPUIPlugin
2024-03-04 23:20:35,928 [INFO] PluginManager:220 - loadIPPluginJar : add ts
2024-03-04 23:20:35,944 [INFO] IPUIPlugin:80 - create IPUIPlugin
2024-03-04 23:20:35,944 [INFO] PluginManager:220 - loadIPPluginJar : add tsc
2024-03-04 23:20:35,966 [INFO] IPUIPlugin:80 - create IPUIPlugin
2024-03-04 23:20:35,966 [INFO] PluginManager:220 - loadIPPluginJar : add ucpd
2024-03-04 23:20:36,000 [INFO] IPUIPlugin:80 - create IPUIPlugin
2024-03-04 23:20:36,000 [INFO] PluginManager:220 - loadIPPluginJar : add usart
2024-03-04 23:20:36,033 [INFO] IPUIPlugin:80 - create IPUIPlugin
2024-03-04 23:20:36,033 [INFO] PluginManager:220 - loadIPPluginJar : add usbx
2024-03-04 23:20:36,149 [INFO] CADModel:165 - CPN selected for project level
2024-03-04 23:20:36,150 [INFO] CADModel:114 - Register for checkConnection events
2024-03-04 23:20:36,150 [FATAL] Updater:308 - Updater called before beeing initialized
2024-03-04 23:20:36,150 [ERROR] CADModel:125 - Updater not yet initialized, retry later 
2024-03-04 23:20:36,261 [INFO] CADModel:165 - CPN selected for project level
2024-03-04 23:20:36,261 [INFO] CADModel:114 - Register for checkConnection events
2024-03-04 23:20:36,261 [FATAL] Updater:308 - Updater called before beeing initialized
2024-03-04 23:20:36,261 [ERROR] CADModel:125 - Updater not yet initialized, retry later 
2024-03-04 23:20:36,264 [FATAL] Updater:308 - Updater called before beeing initialized
2024-03-04 23:20:36,359 [FATAL] Updater:308 - Updater called before beeing initialized
2024-03-04 23:20:36,367 [INFO] DbMcusAds:53 - JSON generation date=Wed Nov 29 11:52:27 CET 2023 (1701255147349)
2024-03-04 23:20:36,367 [FATAL] Updater:308 - Updater called before beeing initialized
2024-03-04 23:20:36,430 [WARN] DetailPanel:346 - Failed to get advertising image, set to default
2024-03-04 23:20:36,507 [FATAL] Updater:308 - Updater called before beeing initialized
2024-03-04 23:20:36,508 [FATAL] Updater:308 - Updater called before beeing initialized
2024-03-04 23:20:36,508 [FATAL] Updater:308 - Updater called before beeing initialized
2024-03-04 23:20:36,508 [WARN] DetailPanel:346 - Failed to get advertising image, set to default
2024-03-04 23:20:36,509 [FATAL] Updater:308 - Updater called before beeing initialized
2024-03-04 23:20:36,556 [ERROR] Updater:1120 - MainUpdater not yet initialized. External WinMGr cannot be set.
2024-03-04 23:20:36,566 [INFO] Updater:1056 - Updater Version found : 6.10.0
2024-03-04 23:20:36,580 [INFO] ApplicationProperties:184 - Using Application install path: C:\ST\STM32CubeIDE_1.14.1\STM32CubeIDE\plugins\com.st.stm32cube.common.mx_6.10.0.202311202037
2024-03-04 23:20:36,931 [INFO] ThirdPartyUpdaterWithRetryManager:70 - Updater plugin not ready yet. [2/15]
2024-03-04 23:20:38,166 [ERROR] LogOutputStream:75 - [STDERR_REDIRECT] Mar 04, 2024 11:20:38 PM java.util.prefs.WindowsPreferences <init>
2024-03-04 23:20:38,168 [ERROR] LogOutputStream:75 - [STDERR_REDIRECT] WARNING: Could not open/create prefs root node Software\JavaSoft\Prefs at root 0xffffffff80000002. Windows RegCreateKeyEx(...) returned error code 5.
2024-03-04 23:20:38,168 [ERROR] LogOutputStream:75 - [STDERR_REDIRECT] 
2024-03-04 23:20:38,407 [INFO] MainUpdater:2873 - connection check result : 10
2024-03-04 23:20:38,408 [INFO] MainUpdater:290 - Updater Check For Update Now.
2024-03-04 23:20:38,408 [INFO] MicroXplorer:498 - Change Database Version : DB.6.0.100
2024-03-04 23:20:38,420 [INFO] McuFinderGlobals:63 - Set McuFinder mode to 2 (CubeIDE integrated)
2024-03-04 23:20:38,601 [INFO] UserAuth:404 - Internet connection configuration mode: 1
2024-03-04 23:20:38,612 [INFO] CheckServerUpdateThread:120 - End of CheckServer Thread
2024-03-04 23:20:38,618 [INFO] JxBrowserEngine:152 - Initiate JxBrowser Engine with user profile folder
2024-03-04 23:20:40,073 [WARN] PackLoader:240 - Cannot read IP mode file for STMicroelectronics.X-CUBE-SMBUS.2.1.0
2024-03-04 23:20:40,089 [WARN] PackLoader:240 - Cannot read IP mode file for STMicroelectronics.X-CUBE-TOUCHGFX.4.23.0
2024-03-04 23:20:40,129 [WARN] PackLoader:240 - Cannot read IP mode file for STMicroelectronics.X-CUBE-AZRTOS-F7.1.1.0
2024-03-04 23:20:40,148 [WARN] PackLoader:240 - Cannot read IP mode file for STMicroelectronics.FP-SNS-MOTENV1.4.3.2
2024-03-04 23:20:40,162 [WARN] PackLoader:240 - Cannot read IP mode file for STMicroelectronics.FP-SNS-FLIGHT1.5.0.2
2024-03-04 23:20:40,175 [WARN] PackLoader:240 - Cannot read IP mode file for STMicroelectronics.X-CUBE-DISPLAY.3.0.0
2024-03-04 23:20:40,190 [WARN] PackLoader:240 - Cannot read IP mode file for STMicroelectronics.X-CUBE-BLE1.7.0.0
2024-03-04 23:20:40,201 [WARN] PackLoader:240 - Cannot read IP mode file for emotas.I-CUBE-CANOPEN.1.3.0
2024-03-04 23:20:40,218 [WARN] PackLoader:240 - Cannot read IP mode file for STMicroelectronics.X-CUBE-BLEMGR.3.1.0
2024-03-04 23:20:40,230 [WARN] PackLoader:240 - Cannot read IP mode file for STMicroelectronics.FP-SNS-SMARTAG2.1.2.0
2024-03-04 23:20:40,248 [INFO] LogOutputStream:77 - [STDOUT_REDIRECT] 1 : Invalid condition id : UX_CORESTACK_Condition cause : null
2024-03-04 23:20:40,248 [INFO] LogOutputStream:77 - [STDOUT_REDIRECT] 1 : Invalid condition id : UX_CORESTACK_Condition cause : null
2024-03-04 23:20:40,249 [INFO] LogOutputStream:77 - [STDOUT_REDIRECT] 1 : Invalid condition id : UX_CORESTACK_Condition cause : null
2024-03-04 23:20:40,250 [INFO] LogOutputStream:77 - [STDOUT_REDIRECT] 1 : Invalid condition id : UX_CORESTACK_Condition cause : null
2024-03-04 23:20:40,251 [INFO] LogOutputStream:77 - [STDOUT_REDIRECT] 1 : Invalid condition id : UX_CORESTACK_Condition cause : null
2024-03-04 23:20:40,254 [WARN] PackLoader:240 - Cannot read IP mode file for STMicroelectronics.X-CUBE-AZRTOS-WL.2.0.0
2024-03-04 23:20:40,268 [WARN] PackLoader:240 - Cannot read IP mode file for WES.I-CUBE-Cesium.1.3.0
2024-03-04 23:20:40,277 [WARN] PackLoader:240 - Cannot read IP mode file for STMicroelectronics.X-CUBE-BLE2.3.3.0
2024-03-04 23:20:40,288 [WARN] PackLoader:240 - Cannot read IP mode file for STMicroelectronics.X-CUBE-ALGOBUILD.1.3.0
2024-03-04 23:20:40,313 [WARN] PackLoader:240 - Cannot read IP mode file for STMicroelectronics.X-CUBE-AZRTOS-G0.1.1.0
2024-03-04 23:20:40,324 [WARN] PackLoader:240 - Cannot read IP mode file for STMicroelectronics.X-CUBE-NFC4.3.0.0
2024-03-04 23:20:40,337 [WARN] PackLoader:240 - Cannot read IP mode file for STMicroelectronics.X-CUBE-BLEMGR.3.0.0
2024-03-04 23:20:40,347 [WARN] PackLoader:240 - Cannot read IP mode file for STMicroelectronics.FP-ATR-SIGFOX1.3.2.0
2024-03-04 23:20:40,359 [WARN] PackLoader:240 - Cannot read IP mode file for STMicroelectronics.X-CUBE-EEPRMA1.5.1.0
2024-03-04 23:20:40,394 [WARN] PackLoader:240 - Cannot read IP mode file for SEGGER.I-CUBE-embOS.1.3.1
2024-03-04 23:20:40,456 [WARN] PackLoader:240 - Cannot read IP mode file for STMicroelectronics.X-CUBE-GNSS1.6.0.0
2024-03-04 23:20:40,478 [WARN] PackLoader:240 - Cannot read IP mode file for STMicroelectronics.X-CUBE-AZRTOS-F4.1.1.0
2024-03-04 23:20:40,489 [WARN] PackLoader:240 - Cannot read IP mode file for wolfSSL.I-CUBE-wolfSSL.5.6.6
2024-03-04 23:20:40,512 [WARN] PackLoader:240 - Cannot read IP mode file for STMicroelectronics.X-CUBE-AZRTOS-L5.2.0.0
2024-03-04 23:20:40,523 [WARN] PackLoader:240 - Cannot read IP mode file for ITTIA_DB.I-CUBE-ITTIADB.8.8.0
2024-03-04 23:20:40,532 [WARN] PackLoader:240 - Cannot read IP mode file for STMicroelectronics.X-CUBE-NFC7.1.0.1
2024-03-04 23:20:40,544 [WARN] PackLoader:240 - Cannot read IP mode file for STMicroelectronics.X-CUBE-NFC6.3.0.0
2024-03-04 23:20:40,555 [WARN] PackLoader:240 - Cannot read IP mode file for STMicroelectronics.X-CUBE-AI.8.1.0
2024-03-04 23:20:40,577 [WARN] ConditionMgr:438 - getConditionDescription Invalid condition id : LAN8742 Phy interface Condition cause : null
2024-03-04 23:20:40,578 [WARN] PackLoader:240 - Cannot read IP mode file for STMicroelectronics.X-CUBE-AZRTOS-L4.2.0.0
2024-03-04 23:20:40,579 [WARN] ConditionMgr:1039 - genDependencies : Invalid condition id : LAN8742 Phy interface Condition cause : null
2024-03-04 23:20:40,579 [WARN] ConditionMgr:1039 - genDependencies : Invalid condition id : LAN8742 Phy interface Condition cause : null
2024-03-04 23:20:40,579 [WARN] ConditionMgr:1039 - genDependencies : Invalid condition id : LAN8742 Phy interface Condition cause : null
2024-03-04 23:20:40,590 [WARN] PackLoader:240 - Cannot read IP mode file for STMicroelectronics.X-CUBE-SFXS2LP1.4.0.0
2024-03-04 23:20:40,610 [WARN] ConditionMgr:438 - getConditionDescription Invalid condition id : UX DEVICE CLASS RTOS Condition cause : null
2024-03-04 23:20:40,610 [WARN] ConditionMgr:438 - getConditionDescription Invalid condition id : UX DEVICE CLASS RTOS Condition cause : null
2024-03-04 23:20:40,611 [WARN] PackLoader:240 - Cannot read IP mode file for STMicroelectronics.X-CUBE-AZRTOS-WB.2.0.0
2024-03-04 23:20:40,612 [WARN] ConditionMgr:1039 - genDependencies : Invalid condition id : UX DEVICE CLASS RTOS Condition cause : null
2024-03-04 23:20:40,612 [WARN] ConditionMgr:1039 - genDependencies : Invalid condition id : UX DEVICE CLASS RTOS Condition cause : null
2024-03-04 23:20:40,612 [WARN] ConditionMgr:1039 - genDependencies : Invalid condition id : UX DEVICE CLASS RTOS Condition cause : null
2024-03-04 23:20:40,612 [WARN] ConditionMgr:1039 - genDependencies : Invalid condition id : UX DEVICE CLASS RTOS Condition cause : null
2024-03-04 23:20:40,612 [WARN] ConditionMgr:1039 - genDependencies : Invalid condition id : UX DEVICE CLASS RTOS Condition cause : null
2024-03-04 23:20:40,627 [WARN] PackLoader:240 - Cannot read IP mode file for STMicroelectronics.X-CUBE-SUBG2.5.0.0
2024-03-04 23:20:40,652 [WARN] PackLoader:240 - Cannot read IP mode file for STMicroelectronics.X-CUBE-AZRTOS-G4.2.0.0
2024-03-04 23:20:40,670 [WARN] PackLoader:240 - Cannot read IP mode file for Infineon.AIROC-Wi-Fi-Bluetooth-STM32.1.5.1
2024-03-04 23:20:40,696 [WARN] PackLoader:240 - Cannot read IP mode file for STMicroelectronics.FP-SNS-MOTENVWB1.1.3.1
2024-03-04 23:20:40,725 [WARN] PackLoader:240 - Cannot read IP mode file for STMicroelectronics.X-CUBE-ISPU.2.0.0
2024-03-04 23:20:40,769 [WARN] PackLoader:240 - Cannot read IP mode file for STMicroelectronics.X-CUBE-MEMS1.10.0.0
2024-03-04 23:20:40,856 [WARN] PackLoader:240 - Cannot read IP mode file for STMicroelectronics.X-CUBE-FREERTOS.1.1.0
2024-03-04 23:20:40,867 [WARN] PackLoader:240 - Cannot read IP mode file for portGmbH.I-Cube-SoM-uGOAL.1.1.0
2024-03-04 23:20:40,876 [WARN] PackLoader:240 - Cannot read IP mode file for STMicroelectronics.X-CUBE-ALS.1.0.1
2024-03-04 23:20:40,886 [WARN] PackLoader:240 - Cannot read IP mode file for STMicroelectronics.FP-ATR-ASTRA1.2.0.0
2024-03-04 23:20:40,915 [WARN] PackLoader:240 - Cannot read IP mode file for STMicroelectronics.X-CUBE-TOF1.3.4.0
2024-03-04 23:20:40,983 [WARN] PackLoader:240 - Cannot read IP mode file for STMicroelectronics.X-CUBE-AZRTOS-H7.3.2.0
2024-03-04 23:20:40,987 [INFO] ThirdParty:978 - Integrity check success = true
2024-03-04 23:20:40,987 [INFO] IntegrityCheckThread:100 - exiting critical section [integrity check]
2024-03-04 23:20:40,988 [INFO] IntegrityCheckThread:103 - End integrity checks thread
2024-03-04 23:20:41,080 [INFO] WebApp:161 - Instantiating new browser for Auth
2024-03-04 23:20:41,605 [INFO] WebApp:780 - Register for checkConnection events
2024-03-04 23:20:41,606 [INFO] WebApp:414 - Apply proxy settings
2024-03-04 23:20:41,606 [INFO] WebApp:499 - Chromium requires no authentication
2024-03-04 23:20:41,611 [INFO] WebApp:442 - Direct internet connection detected
2024-03-04 23:20:41,732 [INFO] WebApp:192 - Starting web application
2024-03-04 23:20:41,733 [INFO] WebApp:544 - Web application path used C:\ST\STM32CubeIDE_1.14.1\STM32CubeIDE\plugins\com.st.stm32cube.common.mx_6.10.0.202311202037\db\plugins\mcufinder\reactClient1\index.html
2024-03-04 23:21:15,002 [INFO] Activator:176 - 


2024-03-04 23:21:15,004 [INFO] Activator:177 - !SESSION log4j initialized
2024-03-04 23:21:16,982 [INFO] LogOutputStream:77 - [STDOUT_REDIRECT] 
2024-03-04 23:21:18,937 [INFO] ApplicationProperties:184 - Using Application install path: C:\ST\STM32CubeIDE_1.14.1\STM32CubeIDE\plugins\com.st.stm32cube.common.mx_6.10.0.202311202037
2024-03-04 23:21:18,950 [INFO] DbMcusXml:78 - Set database path to: C:\ST\STM32CubeIDE_1.14.1\STM32CubeIDE\plugins\com.st.stm32cube.common.mx_6.10.0.202311202037\\db\/mcu/
2024-03-04 23:21:18,951 [INFO] ApiDb:274 - Set plugin database path to: C:\ST\STM32CubeIDE_1.14.1\STM32CubeIDE\plugins\com.st.stm32cube.common.mx_6.10.0.202311202037\\db\/plugins/boardmanager/
2024-03-04 23:21:18,951 [WARN] ApiDb:259 - Overriding images path with different value:  => C:\ST\STM32CubeIDE_1.14.1\STM32CubeIDE\plugins\com.st.stm32cube.common.mx_6.10.0.202311202037\\db\/plugins/mcufinder/images/
2024-03-04 23:21:18,955 [INFO] ApiDb:250 - Set database path to: C:\Users\crayo\.stmcufinder\plugins\mcufinder//mcu/
2024-03-04 23:21:18,956 [INFO] DbMcusAds:125 - Set database path to: C:\Users\crayo\.stmcufinder\plugins\mcufinder//mcu/
2024-03-04 23:21:18,958 [INFO] CrossReferenceDbSqlite:203 - Set database path to: C:\Users\crayo\.stmcufinder\plugins\mcufinder//mcu/cs/
2024-03-04 23:21:19,043 [INFO] RulesReader:64 - Compatibility file has been processed (297 Rules)
2024-03-04 23:21:19,098 [INFO] DbMcusXml:78 - Set database path to: C:\ST\STM32CubeIDE_1.14.1\STM32CubeIDE\plugins\com.st.stm32cube.common.mx_6.10.0.202311202037\\db\/mcu/
2024-03-04 23:21:19,098 [INFO] ApiDb:274 - Set plugin database path to: C:\ST\STM32CubeIDE_1.14.1\STM32CubeIDE\plugins\com.st.stm32cube.common.mx_6.10.0.202311202037\\db\/plugins/boardmanager/
2024-03-04 23:21:19,099 [INFO] ApiDb:261 - Set plugin images path to: C:\ST\STM32CubeIDE_1.14.1\STM32CubeIDE\plugins\com.st.stm32cube.common.mx_6.10.0.202311202037\\db\/plugins/mcufinder/images/
2024-03-04 23:21:19,099 [WARN] DbFile:41 - Overriding database path with different value: C:\Users\crayo\.stmcufinder\plugins\mcufinder/ => C:\Users\crayo\.stmcufinder\plugins\mcufinder
2024-03-04 23:21:19,099 [INFO] ApiDb:250 - Set database path to: C:\Users\crayo\.stmcufinder\plugins\mcufinder//mcu/
2024-03-04 23:21:19,099 [WARN] DbFile:41 - Overriding database path with different value: C:\Users\crayo\.stmcufinder\plugins\mcufinder/ => C:\Users\crayo\.stmcufinder\plugins\mcufinder
2024-03-04 23:21:19,099 [INFO] DbMcusAds:125 - Set database path to: C:\Users\crayo\.stmcufinder\plugins\mcufinder//mcu/
2024-03-04 23:21:19,099 [WARN] DbFile:41 - Overriding database path with different value: C:\Users\crayo\.stmcufinder\plugins\mcufinder/ => C:\Users\crayo\.stmcufinder\plugins\mcufinder
2024-03-04 23:21:19,099 [WARN] DbFile:41 - Overriding database path with different value: C:\Users\crayo\.stmcufinder\plugins\mcufinder/ => C:\Users\crayo\.stmcufinder\plugins\mcufinder
2024-03-04 23:21:19,099 [INFO] CrossReferenceDbSqlite:203 - Set database path to: C:\Users\crayo\.stmcufinder\plugins\mcufinder//mcu/cs/
2024-03-04 23:21:19,150 [INFO] MainPanel:264 - HeapMemory: 268435456
2024-03-04 23:21:19,207 [INFO] DbMcusXml:78 - Set database path to: C:\ST\STM32CubeIDE_1.14.1\STM32CubeIDE\plugins\com.st.stm32cube.common.mx_6.10.0.202311202037\\db\/mcu/
2024-03-04 23:21:19,207 [INFO] ApiDb:274 - Set plugin database path to: C:\ST\STM32CubeIDE_1.14.1\STM32CubeIDE\plugins\com.st.stm32cube.common.mx_6.10.0.202311202037\\db\/plugins/boardmanager/
2024-03-04 23:21:19,207 [INFO] ApiDb:261 - Set plugin images path to: C:\ST\STM32CubeIDE_1.14.1\STM32CubeIDE\plugins\com.st.stm32cube.common.mx_6.10.0.202311202037\\db\/plugins/mcufinder/images/
2024-03-04 23:21:19,208 [WARN] DbFile:41 - Overriding database path with different value: C:\Users\crayo\.stmcufinder\plugins\mcufinder/ => C:\Users\crayo\.stmcufinder\plugins\mcufinder
2024-03-04 23:21:19,208 [INFO] ApiDb:250 - Set database path to: C:\Users\crayo\.stmcufinder\plugins\mcufinder//mcu/
2024-03-04 23:21:19,208 [WARN] DbFile:41 - Overriding database path with different value: C:\Users\crayo\.stmcufinder\plugins\mcufinder/ => C:\Users\crayo\.stmcufinder\plugins\mcufinder
2024-03-04 23:21:19,208 [INFO] DbMcusAds:125 - Set database path to: C:\Users\crayo\.stmcufinder\plugins\mcufinder//mcu/
2024-03-04 23:21:19,208 [WARN] DbFile:41 - Overriding database path with different value: C:\Users\crayo\.stmcufinder\plugins\mcufinder/ => C:\Users\crayo\.stmcufinder\plugins\mcufinder
2024-03-04 23:21:19,208 [WARN] DbFile:41 - Overriding database path with different value: C:\Users\crayo\.stmcufinder\plugins\mcufinder/ => C:\Users\crayo\.stmcufinder\plugins\mcufinder
2024-03-04 23:21:19,208 [INFO] CrossReferenceDbSqlite:203 - Set database path to: C:\Users\crayo\.stmcufinder\plugins\mcufinder//mcu/cs/
2024-03-04 23:21:19,221 [INFO] ApplicationProperties:184 - Using Application install path: C:\ST\STM32CubeIDE_1.14.1\STM32CubeIDE\plugins\com.st.stm32cube.common.mx_6.10.0.202311202037
2024-03-04 23:21:19,222 [INFO] PluginManage:196 - Search for loadable plugins [exclusion list=, ]
2024-03-04 23:21:19,223 [INFO] PluginManage:310 - Check plugin analytics
2024-03-04 23:21:19,372 [INFO] AnalyticsPlugin:253 - Accepted Software Licenses: 
2024-03-04 23:21:19,372 [INFO] AnalyticsPlugin:255 - Accepted CMSIS Pack Licenses: 
2024-03-04 23:21:19,372 [INFO] AnalyticsPlugin:257 - Accepted Firmware Licenses: FW.F4.1.28.0
2024-03-04 23:21:19,374 [INFO] PluginManage:359 - Loaded plugin analytics (category:tool,tabindex:-1)
2024-03-04 23:21:19,374 [INFO] PluginManage:310 - Check plugin cadmodel
2024-03-04 23:21:19,377 [INFO] CADModel:105 - Init CAD model plugin
2024-03-04 23:21:19,378 [INFO] PluginManage:359 - Loaded plugin cadmodel (category:power,tabindex:5)
2024-03-04 23:21:19,378 [INFO] PluginManage:310 - Check plugin clock
2024-03-04 23:21:19,385 [INFO] PluginManage:359 - Loaded plugin clock (category:base,tabindex:2)
2024-03-04 23:21:19,386 [INFO] PluginManage:310 - Check plugin ddr
2024-03-04 23:21:19,388 [INFO] PluginManage:359 - Loaded plugin ddr (category:tool,tabindex:6)
2024-03-04 23:21:19,388 [INFO] PluginManage:310 - Check plugin filemanager
2024-03-04 23:21:19,496 [INFO] PluginManage:359 - Loaded plugin filemanager (category:base,tabindex:10)
2024-03-04 23:21:19,496 [INFO] PluginManage:310 - Check plugin ipmanager
2024-03-04 23:21:19,501 [INFO] PluginManage:359 - Loaded plugin ipmanager (category:base,tabindex:5)
2024-03-04 23:21:19,502 [INFO] PluginManage:310 - Check plugin lpbam
2024-03-04 23:21:19,508 [INFO] PluginManage:359 - Loaded plugin lpbam (category:base,tabindex:0)
2024-03-04 23:21:19,508 [INFO] PluginManage:310 - Check plugin memorymap
2024-03-04 23:21:19,519 [INFO] PluginManage:359 - Loaded plugin memorymap (category:base,tabindex:4)
2024-03-04 23:21:19,519 [INFO] PluginManage:310 - Check plugin pinoutandconfiguration
2024-03-04 23:21:19,526 [INFO] PluginManage:359 - Loaded plugin pinoutandconfiguration (category:base,tabindex:1)
2024-03-04 23:21:19,526 [INFO] PluginManage:310 - Check plugin pinoutconfig
2024-03-04 23:21:19,594 [WARN] SupportedApi:132 - Cannot load RTOS API schema: s4s-elt-must-match.1: The content of 'definitions' must match (annotation?, (simpleType | complexType)?, (unique | key | keyref)*)). A problem was found starting at: attribute.
2024-03-04 23:21:19,761 [INFO] PluginManage:359 - Loaded plugin pinoutconfig (category:base,tabindex:0)
2024-03-04 23:21:19,761 [INFO] PluginManage:310 - Check plugin power
2024-03-04 23:21:19,769 [INFO] PluginManage:359 - Loaded plugin power (category:power,tabindex:4)
2024-03-04 23:21:19,769 [INFO] PluginManage:310 - Check plugin projectmanager
2024-03-04 23:21:19,786 [INFO] PluginManage:359 - Loaded plugin projectmanager (category:projectmanager,tabindex:3)
2024-03-04 23:21:19,786 [INFO] PluginManage:310 - Check plugin thirdparty
2024-03-04 23:21:19,893 [INFO] PluginManage:359 - Loaded plugin thirdparty (category:base,tabindex:-1)
2024-03-04 23:21:19,894 [INFO] PluginManage:310 - Check plugin tools
2024-03-04 23:21:19,894 [WARN] IntegrityCheckThread:84 - waiting for thirdparty lock release [integrity check]
2024-03-04 23:21:19,894 [INFO] IntegrityCheckThread:86 - entering critical section [integrity check]
2024-03-04 23:21:19,894 [INFO] ThirdPartyUpdaterWithRetryManager:70 - Updater plugin not ready yet. [1/15]
2024-03-04 23:21:19,896 [INFO] PluginManage:359 - Loaded plugin tools (category:base,tabindex:7)
2024-03-04 23:21:19,896 [INFO] PluginManage:310 - Check plugin tutovideos
2024-03-04 23:21:20,030 [INFO] PluginManage:359 - Loaded plugin tutovideos (category:base,tabindex:-1)
2024-03-04 23:21:20,030 [INFO] PluginManage:310 - Check plugin updater
2024-03-04 23:21:20,038 [INFO] PluginManage:359 - Loaded plugin updater (category:base,tabindex:12)
2024-03-04 23:21:20,038 [INFO] PluginManage:310 - Check plugin userauth
2024-03-04 23:21:20,042 [INFO] UserAuth:114 - Init User Auth plugin
2024-03-04 23:21:20,042 [INFO] PluginManage:359 - Loaded plugin userauth (category:base,tabindex:14)
2024-03-04 23:21:20,042 [INFO] PluginManage:283 - PluginManage : Loaded plugins [17]
2024-03-04 23:21:20,197 [INFO] PinOutPanel:1499 - setPackage(No Configuration,No Configuration)
2024-03-04 23:21:20,253 [INFO] CADModel:165 - CPN selected for project level
2024-03-04 23:21:20,253 [INFO] CADModel:114 - Register for checkConnection events
2024-03-04 23:21:20,266 [INFO] IPUIPlugin:80 - create IPUIPlugin
2024-03-04 23:21:20,266 [INFO] PluginManager:220 - loadIPPluginJar : add adc
2024-03-04 23:21:20,269 [INFO] IPUIPlugin:80 - create IPUIPlugin
2024-03-04 23:21:20,269 [INFO] PluginManager:220 - loadIPPluginJar : add aes
2024-03-04 23:21:20,272 [INFO] IPUIPlugin:80 - create IPUIPlugin
2024-03-04 23:21:20,272 [INFO] PluginManager:220 - loadIPPluginJar : add can
2024-03-04 23:21:20,273 [INFO] IPUIPlugin:80 - create IPUIPlugin
2024-03-04 23:21:20,274 [INFO] PluginManager:220 - loadIPPluginJar : add comp
2024-03-04 23:21:20,276 [INFO] IPUIPlugin:80 - create IPUIPlugin
2024-03-04 23:21:20,277 [INFO] PluginManager:220 - loadIPPluginJar : add cryp
2024-03-04 23:21:20,278 [INFO] IPUIPlugin:80 - create IPUIPlugin
2024-03-04 23:21:20,278 [INFO] PluginManager:220 - loadIPPluginJar : add dfsdm
2024-03-04 23:21:20,283 [INFO] IPUIPlugin:80 - create IPUIPlugin
2024-03-04 23:21:20,284 [INFO] PluginManager:220 - loadIPPluginJar : add dma
2024-03-04 23:21:20,286 [INFO] IPUIPlugin:80 - create IPUIPlugin
2024-03-04 23:21:20,286 [INFO] PluginManager:220 - loadIPPluginJar : add dma3
2024-03-04 23:21:20,288 [INFO] IPUIPlugin:80 - create IPUIPlugin
2024-03-04 23:21:20,288 [INFO] PluginManager:220 - loadIPPluginJar : add fatfs
2024-03-04 23:21:20,292 [INFO] IPUIPlugin:80 - create IPUIPlugin
2024-03-04 23:21:20,292 [INFO] PluginManager:220 - loadIPPluginJar : add fmc
2024-03-04 23:21:20,297 [INFO] IPUIPlugin:80 - create IPUIPlugin
2024-03-04 23:21:20,297 [INFO] PluginManager:220 - loadIPPluginJar : add freertos
2024-03-04 23:21:20,298 [INFO] IPUIPlugin:80 - create IPUIPlugin
2024-03-04 23:21:20,298 [INFO] PluginManager:220 - loadIPPluginJar : add genericplugin
2024-03-04 23:21:20,299 [INFO] IPUIPlugin:80 - create IPUIPlugin
2024-03-04 23:21:20,299 [INFO] PluginManager:220 - loadIPPluginJar : add gfxmmu
2024-03-04 23:21:20,303 [INFO] IPUIPlugin:80 - create IPUIPlugin
2024-03-04 23:21:20,303 [INFO] PluginManager:220 - loadIPPluginJar : add gic
2024-03-04 23:21:20,306 [INFO] IPUIPlugin:80 - create IPUIPlugin
2024-03-04 23:21:20,306 [INFO] PluginManager:220 - loadIPPluginJar : add gpio
2024-03-04 23:21:20,308 [INFO] IPUIPlugin:80 - create IPUIPlugin
2024-03-04 23:21:20,308 [INFO] PluginManager:220 - loadIPPluginJar : add gtzc
2024-03-04 23:21:20,310 [INFO] IPUIPlugin:80 - create IPUIPlugin
2024-03-04 23:21:20,310 [INFO] PluginManager:220 - loadIPPluginJar : add hash
2024-03-04 23:21:20,312 [INFO] IPUIPlugin:80 - create IPUIPlugin
2024-03-04 23:21:20,312 [INFO] PluginManager:220 - loadIPPluginJar : add i2c
2024-03-04 23:21:20,313 [INFO] IPUIPlugin:80 - create IPUIPlugin
2024-03-04 23:21:20,313 [INFO] PluginManager:220 - loadIPPluginJar : add i2s
2024-03-04 23:21:20,316 [INFO] IPUIPlugin:80 - create IPUIPlugin
2024-03-04 23:21:20,316 [INFO] PluginManager:220 - loadIPPluginJar : add i3c
2024-03-04 23:21:20,318 [INFO] IPUIPlugin:80 - create IPUIPlugin
2024-03-04 23:21:20,318 [INFO] PluginManager:220 - loadIPPluginJar : add ipddr
2024-03-04 23:21:20,323 [INFO] IPUIPlugin:80 - create IPUIPlugin
2024-03-04 23:21:20,324 [INFO] PluginManager:220 - loadIPPluginJar : add linkedlist
2024-03-04 23:21:20,325 [INFO] IPUIPlugin:80 - create IPUIPlugin
2024-03-04 23:21:20,325 [INFO] PluginManager:220 - loadIPPluginJar : add lorawan
2024-03-04 23:21:20,326 [INFO] IPUIPlugin:80 - create IPUIPlugin
2024-03-04 23:21:20,326 [INFO] PluginManager:220 - loadIPPluginJar : add ltdc
2024-03-04 23:21:20,331 [INFO] IPUIPlugin:80 - create IPUIPlugin
2024-03-04 23:21:20,331 [INFO] PluginManager:220 - loadIPPluginJar : add mdma
2024-03-04 23:21:20,334 [INFO] IPUIPlugin:80 - create IPUIPlugin
2024-03-04 23:21:20,334 [INFO] PluginManager:220 - loadIPPluginJar : add nvic
2024-03-04 23:21:20,337 [INFO] IPUIPlugin:80 - create IPUIPlugin
2024-03-04 23:21:20,337 [INFO] PluginManager:220 - loadIPPluginJar : add opamp
2024-03-04 23:21:20,339 [INFO] IPUIPlugin:80 - create IPUIPlugin
2024-03-04 23:21:20,339 [INFO] PluginManager:220 - loadIPPluginJar : add openamp
2024-03-04 23:21:20,341 [INFO] IPUIPlugin:80 - create IPUIPlugin
2024-03-04 23:21:20,342 [INFO] PluginManager:220 - loadIPPluginJar : add pdm2pcm
2024-03-04 23:21:20,347 [INFO] IPUIPlugin:80 - create IPUIPlugin
2024-03-04 23:21:20,349 [INFO] PluginManager:220 - loadIPPluginJar : add plateformsettings
2024-03-04 23:21:20,350 [INFO] IPUIPlugin:80 - create IPUIPlugin
2024-03-04 23:21:20,351 [INFO] PluginManager:220 - loadIPPluginJar : add quadspi
2024-03-04 23:21:20,353 [INFO] IPUIPlugin:80 - create IPUIPlugin
2024-03-04 23:21:20,353 [INFO] PluginManager:220 - loadIPPluginJar : add resmgrutility
2024-03-04 23:21:20,356 [INFO] IPUIPlugin:80 - create IPUIPlugin
2024-03-04 23:21:20,356 [INFO] PluginManager:220 - loadIPPluginJar : add sai
2024-03-04 23:21:20,359 [INFO] IPUIPlugin:80 - create IPUIPlugin
2024-03-04 23:21:20,359 [INFO] PluginManager:220 - loadIPPluginJar : add spi
2024-03-04 23:21:20,362 [INFO] IPUIPlugin:80 - create IPUIPlugin
2024-03-04 23:21:20,362 [INFO] PluginManager:220 - loadIPPluginJar : add stm32_wpan
2024-03-04 23:21:20,364 [INFO] IPUIPlugin:80 - create IPUIPlugin
2024-03-04 23:21:20,364 [INFO] PluginManager:220 - loadIPPluginJar : add tim
2024-03-04 23:21:20,368 [INFO] IPUIPlugin:80 - create IPUIPlugin
2024-03-04 23:21:20,368 [INFO] PluginManager:220 - loadIPPluginJar : add touchsensing
2024-03-04 23:21:20,370 [INFO] IPUIPlugin:80 - create IPUIPlugin
2024-03-04 23:21:20,370 [INFO] PluginManager:220 - loadIPPluginJar : add tracer_emb
2024-03-04 23:21:20,372 [INFO] IPUIPlugin:80 - create IPUIPlugin
2024-03-04 23:21:20,372 [INFO] PluginManager:220 - loadIPPluginJar : add ts
2024-03-04 23:21:20,374 [INFO] IPUIPlugin:80 - create IPUIPlugin
2024-03-04 23:21:20,374 [INFO] PluginManager:220 - loadIPPluginJar : add tsc
2024-03-04 23:21:20,376 [INFO] IPUIPlugin:80 - create IPUIPlugin
2024-03-04 23:21:20,376 [INFO] PluginManager:220 - loadIPPluginJar : add ucpd
2024-03-04 23:21:20,378 [INFO] IPUIPlugin:80 - create IPUIPlugin
2024-03-04 23:21:20,378 [INFO] PluginManager:220 - loadIPPluginJar : add usart
2024-03-04 23:21:20,380 [INFO] IPUIPlugin:80 - create IPUIPlugin
2024-03-04 23:21:20,381 [INFO] PluginManager:220 - loadIPPluginJar : add usbx
2024-03-04 23:21:20,490 [INFO] CADModel:165 - CPN selected for project level
2024-03-04 23:21:20,490 [INFO] CADModel:114 - Register for checkConnection events
2024-03-04 23:21:20,490 [FATAL] Updater:308 - Updater called before beeing initialized
2024-03-04 23:21:20,490 [ERROR] CADModel:125 - Updater not yet initialized, retry later 
2024-03-04 23:21:20,595 [INFO] CADModel:165 - CPN selected for project level
2024-03-04 23:21:20,595 [INFO] CADModel:114 - Register for checkConnection events
2024-03-04 23:21:20,595 [FATAL] Updater:308 - Updater called before beeing initialized
2024-03-04 23:21:20,595 [ERROR] CADModel:125 - Updater not yet initialized, retry later 
2024-03-04 23:21:20,599 [FATAL] Updater:308 - Updater called before beeing initialized
2024-03-04 23:21:20,690 [FATAL] Updater:308 - Updater called before beeing initialized
2024-03-04 23:21:20,694 [INFO] DbMcusAds:53 - JSON generation date=Wed Nov 29 11:52:27 CET 2023 (1701255147349)
2024-03-04 23:21:20,694 [FATAL] Updater:308 - Updater called before beeing initialized
2024-03-04 23:21:20,724 [WARN] DetailPanel:346 - Failed to get advertising image, set to default
2024-03-04 23:21:20,798 [FATAL] Updater:308 - Updater called before beeing initialized
2024-03-04 23:21:20,799 [FATAL] Updater:308 - Updater called before beeing initialized
2024-03-04 23:21:20,799 [FATAL] Updater:308 - Updater called before beeing initialized
2024-03-04 23:21:20,799 [WARN] DetailPanel:346 - Failed to get advertising image, set to default
2024-03-04 23:21:20,800 [FATAL] Updater:308 - Updater called before beeing initialized
2024-03-04 23:21:20,832 [ERROR] Updater:1120 - MainUpdater not yet initialized. External WinMGr cannot be set.
2024-03-04 23:21:20,833 [INFO] Updater:1056 - Updater Version found : 6.10.0
2024-03-04 23:21:20,846 [INFO] ApplicationProperties:184 - Using Application install path: C:\ST\STM32CubeIDE_1.14.1\STM32CubeIDE\plugins\com.st.stm32cube.common.mx_6.10.0.202311202037
2024-03-04 23:21:22,413 [ERROR] LogOutputStream:75 - [STDERR_REDIRECT] Mar 04, 2024 11:21:22 PM java.util.prefs.WindowsPreferences <init>
2024-03-04 23:21:22,414 [ERROR] LogOutputStream:75 - [STDERR_REDIRECT] WARNING: Could not open/create prefs root node Software\JavaSoft\Prefs at root 0xffffffff80000002. Windows RegCreateKeyEx(...) returned error code 5.
2024-03-04 23:21:22,414 [ERROR] LogOutputStream:75 - [STDERR_REDIRECT] 
2024-03-04 23:21:22,586 [INFO] MainUpdater:2873 - connection check result : 10
2024-03-04 23:21:22,587 [INFO] MainUpdater:290 - Updater Check For Update Now.
2024-03-04 23:21:22,587 [INFO] MicroXplorer:498 - Change Database Version : DB.6.0.100
2024-03-04 23:21:22,591 [INFO] McuFinderGlobals:63 - Set McuFinder mode to 2 (CubeIDE integrated)
2024-03-04 23:21:22,686 [INFO] UserAuth:404 - Internet connection configuration mode: 1
2024-03-04 23:21:22,693 [INFO] JxBrowserEngine:152 - Initiate JxBrowser Engine with user profile folder
2024-03-04 23:21:22,756 [INFO] CheckServerUpdateThread:120 - End of CheckServer Thread
2024-03-04 23:21:23,046 [WARN] PackLoader:240 - Cannot read IP mode file for STMicroelectronics.X-CUBE-SMBUS.2.1.0
2024-03-04 23:21:23,052 [WARN] PackLoader:240 - Cannot read IP mode file for STMicroelectronics.X-CUBE-TOUCHGFX.4.23.0
2024-03-04 23:21:23,068 [INFO] WebApp:161 - Instantiating new browser for Auth
2024-03-04 23:21:23,079 [WARN] PackLoader:240 - Cannot read IP mode file for STMicroelectronics.X-CUBE-AZRTOS-F7.1.1.0
2024-03-04 23:21:23,093 [WARN] PackLoader:240 - Cannot read IP mode file for STMicroelectronics.FP-SNS-MOTENV1.4.3.2
2024-03-04 23:21:23,102 [WARN] PackLoader:240 - Cannot read IP mode file for STMicroelectronics.FP-SNS-FLIGHT1.5.0.2
2024-03-04 23:21:23,113 [WARN] PackLoader:240 - Cannot read IP mode file for STMicroelectronics.X-CUBE-DISPLAY.3.0.0
2024-03-04 23:21:23,126 [WARN] PackLoader:240 - Cannot read IP mode file for STMicroelectronics.X-CUBE-BLE1.7.0.0
2024-03-04 23:21:23,133 [WARN] PackLoader:240 - Cannot read IP mode file for emotas.I-CUBE-CANOPEN.1.3.0
2024-03-04 23:21:23,147 [WARN] PackLoader:240 - Cannot read IP mode file for STMicroelectronics.X-CUBE-BLEMGR.3.1.0
2024-03-04 23:21:23,154 [WARN] PackLoader:240 - Cannot read IP mode file for STMicroelectronics.FP-SNS-SMARTAG2.1.2.0
2024-03-04 23:21:23,166 [INFO] LogOutputStream:77 - [STDOUT_REDIRECT] 1 : Invalid condition id : UX_CORESTACK_Condition cause : null
2024-03-04 23:21:23,166 [INFO] LogOutputStream:77 - [STDOUT_REDIRECT] 1 : Invalid condition id : UX_CORESTACK_Condition cause : null
2024-03-04 23:21:23,167 [INFO] LogOutputStream:77 - [STDOUT_REDIRECT] 1 : Invalid condition id : UX_CORESTACK_Condition cause : null
2024-03-04 23:21:23,170 [INFO] LogOutputStream:77 - [STDOUT_REDIRECT] 1 : Invalid condition id : UX_CORESTACK_Condition cause : null
2024-03-04 23:21:23,171 [INFO] LogOutputStream:77 - [STDOUT_REDIRECT] 1 : Invalid condition id : UX_CORESTACK_Condition cause : null
2024-03-04 23:21:23,175 [WARN] PackLoader:240 - Cannot read IP mode file for STMicroelectronics.X-CUBE-AZRTOS-WL.2.0.0
2024-03-04 23:21:23,184 [WARN] PackLoader:240 - Cannot read IP mode file for WES.I-CUBE-Cesium.1.3.0
2024-03-04 23:21:23,191 [WARN] PackLoader:240 - Cannot read IP mode file for STMicroelectronics.X-CUBE-BLE2.3.3.0
2024-03-04 23:21:23,200 [WARN] PackLoader:240 - Cannot read IP mode file for STMicroelectronics.X-CUBE-ALGOBUILD.1.3.0
2024-03-04 23:21:23,224 [WARN] PackLoader:240 - Cannot read IP mode file for STMicroelectronics.X-CUBE-AZRTOS-G0.1.1.0
2024-03-04 23:21:23,234 [WARN] PackLoader:240 - Cannot read IP mode file for STMicroelectronics.X-CUBE-NFC4.3.0.0
2024-03-04 23:21:23,243 [WARN] PackLoader:240 - Cannot read IP mode file for STMicroelectronics.X-CUBE-BLEMGR.3.0.0
2024-03-04 23:21:23,254 [WARN] PackLoader:240 - Cannot read IP mode file for STMicroelectronics.FP-ATR-SIGFOX1.3.2.0
2024-03-04 23:21:23,261 [WARN] PackLoader:240 - Cannot read IP mode file for STMicroelectronics.X-CUBE-EEPRMA1.5.1.0
2024-03-04 23:21:23,306 [WARN] PackLoader:240 - Cannot read IP mode file for SEGGER.I-CUBE-embOS.1.3.1
2024-03-04 23:21:23,350 [WARN] PackLoader:240 - Cannot read IP mode file for STMicroelectronics.X-CUBE-GNSS1.6.0.0
2024-03-04 23:21:23,363 [WARN] PackLoader:240 - Cannot read IP mode file for STMicroelectronics.X-CUBE-AZRTOS-F4.1.1.0
2024-03-04 23:21:23,370 [WARN] PackLoader:240 - Cannot read IP mode file for wolfSSL.I-CUBE-wolfSSL.5.6.6
2024-03-04 23:21:23,387 [WARN] PackLoader:240 - Cannot read IP mode file for STMicroelectronics.X-CUBE-AZRTOS-L5.2.0.0
2024-03-04 23:21:23,396 [WARN] PackLoader:240 - Cannot read IP mode file for ITTIA_DB.I-CUBE-ITTIADB.8.8.0
2024-03-04 23:21:23,400 [WARN] PackLoader:240 - Cannot read IP mode file for STMicroelectronics.X-CUBE-NFC7.1.0.1
2024-03-04 23:21:23,406 [WARN] PackLoader:240 - Cannot read IP mode file for STMicroelectronics.X-CUBE-NFC6.3.0.0
2024-03-04 23:21:23,410 [WARN] PackLoader:240 - Cannot read IP mode file for STMicroelectronics.X-CUBE-AI.8.1.0
2024-03-04 23:21:23,431 [WARN] ConditionMgr:438 - getConditionDescription Invalid condition id : LAN8742 Phy interface Condition cause : null
2024-03-04 23:21:23,432 [WARN] PackLoader:240 - Cannot read IP mode file for STMicroelectronics.X-CUBE-AZRTOS-L4.2.0.0
2024-03-04 23:21:23,434 [WARN] ConditionMgr:1039 - genDependencies : Invalid condition id : LAN8742 Phy interface Condition cause : null
2024-03-04 23:21:23,434 [WARN] ConditionMgr:1039 - genDependencies : Invalid condition id : LAN8742 Phy interface Condition cause : null
2024-03-04 23:21:23,435 [WARN] ConditionMgr:1039 - genDependencies : Invalid condition id : LAN8742 Phy interface Condition cause : null
2024-03-04 23:21:23,442 [WARN] PackLoader:240 - Cannot read IP mode file for STMicroelectronics.X-CUBE-SFXS2LP1.4.0.0
2024-03-04 23:21:23,459 [WARN] ConditionMgr:438 - getConditionDescription Invalid condition id : UX DEVICE CLASS RTOS Condition cause : null
2024-03-04 23:21:23,459 [WARN] ConditionMgr:438 - getConditionDescription Invalid condition id : UX DEVICE CLASS RTOS Condition cause : null
2024-03-04 23:21:23,462 [WARN] PackLoader:240 - Cannot read IP mode file for STMicroelectronics.X-CUBE-AZRTOS-WB.2.0.0
2024-03-04 23:21:23,462 [WARN] ConditionMgr:1039 - genDependencies : Invalid condition id : UX DEVICE CLASS RTOS Condition cause : null
2024-03-04 23:21:23,463 [WARN] ConditionMgr:1039 - genDependencies : Invalid condition id : UX DEVICE CLASS RTOS Condition cause : null
2024-03-04 23:21:23,463 [WARN] ConditionMgr:1039 - genDependencies : Invalid condition id : UX DEVICE CLASS RTOS Condition cause : null
2024-03-04 23:21:23,463 [WARN] ConditionMgr:1039 - genDependencies : Invalid condition id : UX DEVICE CLASS RTOS Condition cause : null
2024-03-04 23:21:23,463 [WARN] ConditionMgr:1039 - genDependencies : Invalid condition id : UX DEVICE CLASS RTOS Condition cause : null
2024-03-04 23:21:23,470 [WARN] PackLoader:240 - Cannot read IP mode file for STMicroelectronics.X-CUBE-SUBG2.5.0.0
2024-03-04 23:21:23,483 [WARN] PackLoader:240 - Cannot read IP mode file for STMicroelectronics.X-CUBE-AZRTOS-G4.2.0.0
2024-03-04 23:21:23,493 [WARN] PackLoader:240 - Cannot read IP mode file for Infineon.AIROC-Wi-Fi-Bluetooth-STM32.1.5.1
2024-03-04 23:21:23,499 [WARN] PackLoader:240 - Cannot read IP mode file for STMicroelectronics.FP-SNS-MOTENVWB1.1.3.1
2024-03-04 23:21:23,503 [WARN] PackLoader:240 - Cannot read IP mode file for STMicroelectronics.X-CUBE-ISPU.2.0.0
2024-03-04 23:21:23,530 [WARN] PackLoader:240 - Cannot read IP mode file for STMicroelectronics.X-CUBE-MEMS1.10.0.0
2024-03-04 23:21:23,567 [INFO] WebApp:780 - Register for checkConnection events
2024-03-04 23:21:23,567 [INFO] WebApp:414 - Apply proxy settings
2024-03-04 23:21:23,567 [INFO] WebApp:499 - Chromium requires no authentication
2024-03-04 23:21:23,573 [INFO] WebApp:442 - Direct internet connection detected
2024-03-04 23:21:23,638 [WARN] PackLoader:240 - Cannot read IP mode file for STMicroelectronics.X-CUBE-FREERTOS.1.1.0
2024-03-04 23:21:23,642 [WARN] PackLoader:240 - Cannot read IP mode file for portGmbH.I-Cube-SoM-uGOAL.1.1.0
2024-03-04 23:21:23,646 [WARN] PackLoader:240 - Cannot read IP mode file for STMicroelectronics.X-CUBE-ALS.1.0.1
2024-03-04 23:21:23,649 [WARN] PackLoader:240 - Cannot read IP mode file for STMicroelectronics.FP-ATR-ASTRA1.2.0.0
2024-03-04 23:21:23,657 [WARN] PackLoader:240 - Cannot read IP mode file for STMicroelectronics.X-CUBE-TOF1.3.4.0
2024-03-04 23:21:23,685 [WARN] PackLoader:240 - Cannot read IP mode file for STMicroelectronics.X-CUBE-AZRTOS-H7.3.2.0
2024-03-04 23:21:23,688 [INFO] ThirdParty:978 - Integrity check success = true
2024-03-04 23:21:23,688 [INFO] IntegrityCheckThread:100 - exiting critical section [integrity check]
2024-03-04 23:21:23,688 [INFO] IntegrityCheckThread:103 - End integrity checks thread
2024-03-04 23:21:23,702 [INFO] WebApp:192 - Starting web application
2024-03-04 23:21:23,703 [INFO] WebApp:544 - Web application path used C:\ST\STM32CubeIDE_1.14.1\STM32CubeIDE\plugins\com.st.stm32cube.common.mx_6.10.0.202311202037\db\plugins\mcufinder\reactClient1\index.html
