2024-03-24 02:36:19,246 [ERROR] ConfigurationRetriever:142 - IOException on connection: Connect timed out
2024-03-24 02:36:21,266 [ERROR] ConfigurationRetriever:142 - IOException on connection: Read timed out
2024-03-24 02:36:23,272 [ERROR] ConfigurationRetriever:142 - IOException on connection: Read timed out
2024-03-24 02:58:24,116 [INFO] MainUpdater:2873 - connection check result : 10
2024-03-24 02:58:24,116 [INFO] MainUpdater:2873 - connection check result : 10
2024-03-24 02:58:24,210 [INFO] MicroXplorer:468 - Change Database Path : 
2024-03-24 02:58:24,210 [INFO] MicroXplorer:498 - Change Database Version : DB.6.0.100
2024-03-24 02:58:24,216 [ERROR] ProjectManagerView:394 - 
java.lang.NullPointerException: Cannot invoke "javax.swing.JTextField.getText()" because the return value of "java.util.List.get(int)" is null
	at com.st.microxplorer.plugins.projectmanager.gui.ProjectChoiceTab$10.caretUpdate(ProjectChoiceTab.java:2493) ~[filemanager.jar:?]
	at javax.swing.text.JTextComponent.fireCaretUpdate(JTextComponent.java:412) ~[?:?]
	at javax.swing.text.JTextComponent$MutableCaretEvent.fire(JTextComponent.java:4491) ~[?:?]
	at javax.swing.text.JTextComponent$MutableCaretEvent.stateChanged(JTextComponent.java:4513) ~[?:?]
	at javax.swing.text.DefaultCaret.fireStateChanged(DefaultCaret.java:842) ~[?:?]
	at javax.swing.text.DefaultCaret.changeCaretPosition(DefaultCaret.java:1313) ~[?:?]
	at javax.swing.text.DefaultCaret.handleSetDot(DefaultCaret.java:1212) ~[?:?]
	at javax.swing.text.DefaultCaret.setDot(DefaultCaret.java:1193) ~[?:?]
	at javax.swing.text.DefaultCaret$Handler.insertUpdate(DefaultCaret.java:1789) ~[?:?]
	at javax.swing.text.AbstractDocument.fireInsertUpdate(AbstractDocument.java:226) ~[?:?]
	at javax.swing.text.AbstractDocument.handleInsertString(AbstractDocument.java:780) ~[?:?]
	at javax.swing.text.AbstractDocument.insertString(AbstractDocument.java:739) ~[?:?]
	at javax.swing.text.PlainDocument.insertString(PlainDocument.java:131) ~[?:?]
	at javax.swing.text.AbstractDocument.replace(AbstractDocument.java:698) ~[?:?]
	at javax.swing.text.JTextComponent.setText(JTextComponent.java:1729) ~[?:?]
	at com.st.microxplorer.plugins.projectmanager.gui.ProjectChoiceTab.createHeapStackFields(ProjectChoiceTab.java:933) ~[filemanager.jar:?]
	at com.st.microxplorer.plugins.projectmanager.gui.ProjectChoiceTab.buildLinkSettingsPanel(ProjectChoiceTab.java:3426) ~[filemanager.jar:?]
	at com.st.microxplorer.plugins.projectmanager.gui.ProjectChoiceTab.defineWindowsFields(ProjectChoiceTab.java:1813) ~[filemanager.jar:?]
	at com.st.microxplorer.plugins.projectmanager.gui.ProjectChoiceTab.updateSettings(ProjectChoiceTab.java:533) ~[filemanager.jar:?]
	at com.st.microxplorer.plugins.projectmanager.gui.ProjectSettingsPanel.UpdateDialog(ProjectSettingsPanel.java:244) ~[filemanager.jar:?]
	at com.st.microxplorer.plugins.projectmanager.ProjectManagerView.propertyChange(ProjectManagerView.java:391) ~[filemanager.jar:?]
	at java.beans.PropertyChangeSupport.fire(PropertyChangeSupport.java:343) ~[?:?]
	at java.beans.PropertyChangeSupport.firePropertyChange(PropertyChangeSupport.java:335) ~[?:?]
	at java.beans.PropertyChangeSupport.firePropertyChange(PropertyChangeSupport.java:268) ~[?:?]
	at com.st.microxplorer.util.MXPropertyChangeSupport.firePropertyChange(MXPropertyChangeSupport.java:54) ~[STM32CubeMX.jar:?]
	at com.st.microxplorer.mxsystem.MxSystem.closeConfig(MxSystem.java:900) ~[STM32CubeMX.jar:?]
	at com.st.microxplorer.maingui.MainPanel.closeConfig(MainPanel.java:776) ~[STM32CubeMX.jar:?]
	at com.st.microxplorer.plugins.filemanager.engine.OpenFileManager.loadConfigurationFile(OpenFileManager.java:245) ~[filemanager.jar:?]
	at com.st.microxplorer.plugins.filemanager.engine.MainFileManager.userLoadConfig(MainFileManager.java:290) ~[filemanager.jar:?]
	at com.st.microxplorer.plugins.filemanager.FileManagerView.getSpecificTask(FileManagerView.java:247) ~[filemanager.jar:?]
	at com.st.stm32cube.common.mx.editor.CubeMxEditor.getMxTabbedPaneInstance(CubeMxEditor.java:1184) ~[com.st.stm32cube.common.mx_6.10.0.202311202037/:?]
	at com.st.stm32cube.common.mx.editor.CubeMxEditor$12$1.createSwingComponent(CubeMxEditor.java:1065) ~[com.st.stm32cube.common.mx_6.10.0.202311202037/:?]
	at com.st.stm32cube.common.mx.oss.core.awtswtbridge.EmbeddedSwingComposite.doComponentCreation(EmbeddedSwingComposite.java:492) ~[com.st.stm32cube.common.mx.oss_6.10.0.202311202037/:?]
	at com.st.stm32cube.common.mx.oss.core.awtswtbridge.EmbeddedSwingComposite$4.run(EmbeddedSwingComposite.java:291) ~[com.st.stm32cube.common.mx.oss_6.10.0.202311202037/:?]
	at com.st.stm32cube.common.mx.oss.core.awtswtbridge.AwtEnvironment$2.run(AwtEnvironment.java:166) ~[com.st.stm32cube.common.mx.oss_6.10.0.202311202037/:?]
	at java.awt.event.InvocationEvent.dispatch(InvocationEvent.java:318) ~[?:?]
	at java.awt.EventQueue.dispatchEventImpl(EventQueue.java:773) ~[?:?]
	at java.awt.EventQueue$4.run(EventQueue.java:720) ~[?:?]
	at java.awt.EventQueue$4.run(EventQueue.java:714) ~[?:?]
	at java.security.AccessController.doPrivileged(AccessController.java:399) ~[?:?]
	at java.security.ProtectionDomain$JavaSecurityAccessImpl.doIntersectionPrivilege(ProtectionDomain.java:86) ~[?:?]
	at java.awt.EventQueue.dispatchEvent(EventQueue.java:742) ~[?:?]
	at java.awt.EventDispatchThread.pumpOneEventForFilters(EventDispatchThread.java:203) ~[?:?]
	at java.awt.EventDispatchThread.pumpEventsForFilter(EventDispatchThread.java:124) ~[?:?]
	at java.awt.EventDispatchThread.pumpEventsForHierarchy(EventDispatchThread.java:113) ~[?:?]
	at java.awt.EventDispatchThread.pumpEvents(EventDispatchThread.java:109) ~[?:?]
	at java.awt.EventDispatchThread.pumpEvents(EventDispatchThread.java:101) ~[?:?]
	at java.awt.EventDispatchThread.run(EventDispatchThread.java:90) ~[?:?]
2024-03-24 02:58:24,217 [WARN] ThirdParty:871 - waiting for thirdparty lock release [close project]
2024-03-24 02:58:24,217 [INFO] ThirdParty:873 - entering critical section [close project]
2024-03-24 02:58:24,217 [INFO] ThirdParty:883 - exiting critical section [close project]
2024-03-24 02:58:24,218 [INFO] PinOutPanel:1499 - setPackage(No Configuration,No Configuration)
2024-03-24 02:58:24,221 [WARN] IpParametersView:151 - Warning: This peripheral hasn't parameters
2024-03-24 02:58:24,224 [WARN] MainPanel:272 - <html><b><center>Warning: This peripheral has no parameters to be configured<br></b></html>
2024-03-24 02:58:24,226 [INFO] UtilMem:75 - Begin LoadConfig() Used Memory: 697223680 Bytes (1073741824)
2024-03-24 02:58:24,226 [INFO] MicroXplorer:468 - Change Database Path : 
2024-03-24 02:58:24,226 [INFO] MicroXplorer:498 - Change Database Version : DB.6.0.100
2024-03-24 02:58:24,226 [INFO] OpenFileManager:312 - Change cursor
2024-03-24 02:58:24,232 [INFO] Mcu:2016 - Initializing MCU STM32F446R(C-E)Tx STM32F446RETx STM32F446RET6
2024-03-24 02:58:25,013 [INFO] Context:659 - Trying to add GPIOservice into a context  which must be forbidden
2024-03-24 02:58:25,204 [INFO] RtosManager:555 - Registered RTOS mode: class=CMSIS, group=RTOS, mode=CMSIS_V1, owner=FREERTOS
2024-03-24 02:58:25,204 [INFO] RtosManager:555 - Registered RTOS mode: class=CMSIS, group=RTOS2, mode=CMSIS_V2, owner=FREERTOS
2024-03-24 02:58:25,204 [INFO] RtosManager:555 - Registered RTOS mode: class=RTOS, group=Core, mode=CMSIS_V1, owner=FREERTOS
2024-03-24 02:58:25,204 [INFO] RtosManager:555 - Registered RTOS mode: class=RTOS, group=Core, mode=CMSIS_V2, owner=FREERTOS
2024-03-24 02:58:25,204 [WARN] ModelIntegratedComponent:184 - Missing modes for component STMicroelectronics:FreeRTOS:0.0.1:STMicroelectronics:RTOS:FreeRTOS:Core:::10.2.0:
2024-03-24 02:58:25,209 [WARN] ModelIntegratedComponent:63 - No mode defined for component null
2024-03-24 02:58:25,209 [WARN] ModelIntegratedComponent:63 - No mode defined for component null
2024-03-24 02:58:25,209 [WARN] ModelIntegratedComponent:63 - No mode defined for component null
2024-03-24 02:58:25,209 [WARN] ModelIntegratedComponent:63 - No mode defined for component null
2024-03-24 02:58:25,209 [WARN] ModelIntegratedComponent:63 - No mode defined for component null
2024-03-24 02:58:25,209 [WARN] ModelIntegratedComponent:63 - No mode defined for component null
2024-03-24 02:58:25,209 [WARN] ModelIntegratedComponent:63 - No mode defined for component null
2024-03-24 02:58:25,209 [WARN] ModelIntegratedComponent:63 - No mode defined for component null
2024-03-24 02:58:25,209 [WARN] ModelIntegratedComponent:63 - No mode defined for component null
2024-03-24 02:58:25,209 [WARN] ModelIntegratedComponent:63 - No mode defined for component null
2024-03-24 02:58:25,209 [WARN] ModelIntegratedComponent:63 - No mode defined for component null
2024-03-24 02:58:25,209 [WARN] ModelIntegratedComponent:63 - No mode defined for component null
2024-03-24 02:58:25,209 [WARN] ModelIntegratedComponent:63 - No mode defined for component null
2024-03-24 02:58:25,209 [WARN] ModelIntegratedComponent:63 - No mode defined for component null
2024-03-24 02:58:25,209 [WARN] ModelIntegratedComponent:63 - No mode defined for component null
2024-03-24 02:58:25,209 [WARN] ModelIntegratedComponent:63 - No mode defined for component null
2024-03-24 02:58:25,209 [WARN] ModelIntegratedComponent:63 - No mode defined for component null
2024-03-24 02:58:25,209 [WARN] ModelIntegratedComponent:63 - No mode defined for component null
2024-03-24 02:58:25,209 [WARN] ModelIntegratedComponent:63 - No mode defined for component null
2024-03-24 02:58:25,209 [WARN] ModelIntegratedComponent:63 - No mode defined for component null
2024-03-24 02:58:25,209 [WARN] ModelIntegratedComponent:63 - No mode defined for component null
2024-03-24 02:58:25,209 [WARN] ModelIntegratedComponent:63 - No mode defined for component null
2024-03-24 02:58:25,210 [WARN] ModelIntegratedComponent:63 - No mode defined for component null
2024-03-24 02:58:25,210 [WARN] ModelIntegratedComponent:63 - No mode defined for component null
2024-03-24 02:58:25,210 [WARN] ModelIntegratedComponent:63 - No mode defined for component null
2024-03-24 02:58:25,210 [WARN] ModelIntegratedComponent:63 - No mode defined for component null
2024-03-24 02:58:25,210 [WARN] ModelIntegratedComponent:63 - No mode defined for component null
2024-03-24 02:58:25,210 [WARN] ModelIntegratedComponent:63 - No mode defined for component null
2024-03-24 02:58:25,210 [WARN] ModelIntegratedComponent:63 - No mode defined for component null
2024-03-24 02:58:25,210 [WARN] ModelIntegratedComponent:63 - No mode defined for component null
2024-03-24 02:58:25,210 [WARN] ModelIntegratedComponent:63 - No mode defined for component null
2024-03-24 02:58:25,210 [WARN] ModelIntegratedComponent:63 - No mode defined for component null
2024-03-24 02:58:25,210 [WARN] ModelIntegratedComponent:63 - No mode defined for component null
2024-03-24 02:58:25,273 [INFO] ThirdPartyModel:298 - Start build external matchings
2024-03-24 02:58:25,556 [INFO] ThirdPartyModel:316 - End build external matchings
2024-03-24 02:58:25,561 [INFO] ImportTextPane:194 - (OptionalMessage_ERROR) IP (RCC) : Invalid parameter (48MHZClocksFreq_Value)
2024-03-24 02:58:25,561 [INFO] ImportTextPane:194 - (OptionalMessage_ERROR) IP (RCC) : Invalid parameter (EthernetFreq_Value)
2024-03-24 02:58:25,561 [INFO] ImportTextPane:194 - (OptionalMessage_ERROR) IP (RCC) : Parameter (FLatency) has Id (AdvancedSettings) currently not set
2024-03-24 02:58:25,561 [INFO] ImportTextPane:194 - (OptionalMessage_ERROR) IP (RCC) : Invalid parameter (FamilyName)
2024-03-24 02:58:25,561 [INFO] ImportTextPane:194 - (OptionalMessage_ERROR) IP (RCC) : Invalid parameter (I2SClocksFreq_Value)
2024-03-24 02:58:25,562 [INFO] ImportTextPane:194 - (OptionalMessage_ERROR) IP (RCC) : Parameter (SDIOFreq_Value) has invalid value (168000000)
2024-03-24 02:58:25,562 [INFO] ImportTextPane:194 - (OptionalMessage_ERROR) IP (RCC) : Parameter (USBFreq_Value) has invalid value (168000000)
2024-03-24 02:58:25,562 [INFO] ImportTextPane:194 - (OptionalMessage_ERROR) IP (RCC) : Invalid parameter (VCOInputMFreq_Value)
2024-03-24 02:58:25,562 [INFO] ImportTextPane:194 - (OptionalMessage_ERROR) IP (RCC) : Invalid parameter (VcooutputI2S)
2024-03-24 02:58:25,744 [INFO] UtilMem:75 - End LoadConfig() Used Memory: 806694112 Bytes (1073741824)
2024-03-24 02:58:25,809 [INFO] MicroXplorer:468 - Change Database Path : 
2024-03-24 02:58:25,809 [INFO] MicroXplorer:498 - Change Database Version : DB.6.0.100
2024-03-24 02:58:25,810 [WARN] ThirdParty:833 - waiting for thirdparty lock release [change project]
2024-03-24 02:58:25,810 [INFO] ThirdParty:835 - entering critical section [change project]
2024-03-24 02:58:25,810 [INFO] ThirdParty:1030 - CMSIS Pack Vendor :STMicroelectronics USBPD 4.1
2024-03-24 02:58:25,810 [INFO] ThirdParty:1030 - CMSIS Pack Vendor :STMicroelectronics X-CUBE-GNSS1 6.0.0
2024-03-24 02:58:25,810 [INFO] ThirdParty:1030 - CMSIS Pack Vendor :STMicroelectronics USB_HOST 2.0.0
2024-03-24 02:58:25,810 [INFO] ThirdParty:1030 - CMSIS Pack Vendor :STMicroelectronics X-CUBE-AZRTOS-F4 1.1.0
2024-03-24 02:58:25,810 [INFO] ThirdParty:1030 - CMSIS Pack Vendor :STMicroelectronics LIBJPEG 8.0.0
2024-03-24 02:58:25,810 [INFO] ThirdParty:1030 - CMSIS Pack Vendor :STMicroelectronics X-CUBE-SMBUS 2.1.0
2024-03-24 02:58:25,810 [INFO] ThirdParty:1030 - CMSIS Pack Vendor :STMicroelectronics USB_DEVICE 3.0.0
2024-03-24 02:58:25,810 [INFO] ThirdParty:1030 - CMSIS Pack Vendor :STMicroelectronics X-CUBE-AZRTOS-WB 2.0.0
2024-03-24 02:58:25,810 [INFO] ThirdParty:1030 - CMSIS Pack Vendor :wolfSSL I-CUBE-wolfSSL 5.6.6
2024-03-24 02:58:25,810 [INFO] ThirdParty:1030 - CMSIS Pack Vendor :STMicroelectronics X-CUBE-TOUCHGFX 4.23.0
2024-03-24 02:58:25,810 [INFO] ThirdParty:1030 - CMSIS Pack Vendor :STMicroelectronics X-CUBE-AZRTOS-F7 1.1.0
2024-03-24 02:58:25,810 [INFO] ThirdParty:1030 - CMSIS Pack Vendor :STMicroelectronics X-CUBE-AZRTOS-L5 2.0.0
2024-03-24 02:58:25,810 [INFO] ThirdParty:1030 - CMSIS Pack Vendor :STMicroelectronics USB_DEVICE 2.0.0
2024-03-24 02:58:25,810 [INFO] ThirdParty:1030 - CMSIS Pack Vendor :ITTIA_DB I-CUBE-ITTIADB 8.8.0
2024-03-24 02:58:25,810 [INFO] ThirdParty:1030 - CMSIS Pack Vendor :STMicroelectronics FP-SNS-MOTENV1 4.3.2
2024-03-24 02:58:25,810 [INFO] ThirdParty:1030 - CMSIS Pack Vendor :STMicroelectronics X-CUBE-ALGOBUILD 1.3.0
2024-03-24 02:58:25,810 [INFO] ThirdParty:1030 - CMSIS Pack Vendor :STMicroelectronics FreeRTOS 0.0.1
2024-03-24 02:58:25,810 [INFO] ThirdParty:1030 - CMSIS Pack Vendor :STMicroelectronics X-CUBE-AZRTOS-G0 1.1.0
2024-03-24 02:58:25,810 [INFO] ThirdParty:1030 - CMSIS Pack Vendor :STMicroelectronics X-CUBE-NFC4 3.0.0
2024-03-24 02:58:25,810 [INFO] ThirdParty:1030 - CMSIS Pack Vendor :STMicroelectronics X-CUBE-SUBG2 5.0.0
2024-03-24 02:58:25,810 [INFO] ThirdParty:1030 - CMSIS Pack Vendor :STMicroelectronics STM32_WPAN 1.0.0
2024-03-24 02:58:25,810 [INFO] ThirdParty:1030 - CMSIS Pack Vendor :STMicroelectronics lwIP 2.0.3
2024-03-24 02:58:25,810 [INFO] ThirdParty:1030 - CMSIS Pack Vendor :STMicroelectronics FP-SNS-FLIGHT1 5.0.2
2024-03-24 02:58:25,810 [INFO] ThirdParty:1030 - CMSIS Pack Vendor :STMicroelectronics USB_HOST 1.0.0
2024-03-24 02:58:25,810 [INFO] ThirdParty:1030 - CMSIS Pack Vendor :STMicroelectronics X-CUBE-AZRTOS-G4 2.0.0
2024-03-24 02:58:25,810 [INFO] ThirdParty:1030 - CMSIS Pack Vendor :STMicroelectronics PDM2PCM 3.1.0
2024-03-24 02:58:25,810 [INFO] ThirdParty:1030 - CMSIS Pack Vendor :Infineon AIROC-Wi-Fi-Bluetooth-STM32 1.5.1
2024-03-24 02:58:25,810 [INFO] ThirdParty:1030 - CMSIS Pack Vendor :STMicroelectronics X-CUBE-BLEMGR 3.0.0
2024-03-24 02:58:25,810 [INFO] ThirdParty:1030 - CMSIS Pack Vendor :STMicroelectronics PDM2PCM 3.3.0
2024-03-24 02:58:25,811 [INFO] ThirdParty:1030 - CMSIS Pack Vendor :STMicroelectronics X-CUBE-DISPLAY 3.0.0
2024-03-24 02:58:25,811 [INFO] ThirdParty:1030 - CMSIS Pack Vendor :STMicroelectronics FP-SNS-MOTENVWB1 1.3.1
2024-03-24 02:58:25,811 [INFO] ThirdParty:1030 - CMSIS Pack Vendor :STMicroelectronics X-CUBE-BLE1 7.0.0
2024-03-24 02:58:25,811 [INFO] ThirdParty:1030 - CMSIS Pack Vendor :STMicroelectronics FP-ATR-SIGFOX1 3.2.0
2024-03-24 02:58:25,811 [INFO] ThirdParty:1030 - CMSIS Pack Vendor :STMicroelectronics X-CUBE-ISPU 2.0.0
2024-03-24 02:58:25,811 [INFO] ThirdParty:1030 - CMSIS Pack Vendor :STMicroelectronics X-CUBE-EEPRMA1 5.1.0
2024-03-24 02:58:25,811 [INFO] ThirdParty:1030 - CMSIS Pack Vendor :STMicroelectronics HAL Drivers 0.0.0
2024-03-24 02:58:25,811 [INFO] ThirdParty:1030 - CMSIS Pack Vendor :STMicroelectronics MBEDTLS 2.16.2
2024-03-24 02:58:25,811 [INFO] ThirdParty:1030 - CMSIS Pack Vendor :emotas I-CUBE-CANOPEN 1.3.0
2024-03-24 02:58:25,811 [INFO] ThirdParty:1030 - CMSIS Pack Vendor :STMicroelectronics X-CUBE-MEMS1 10.0.0
2024-03-24 02:58:25,811 [INFO] ThirdParty:1030 - CMSIS Pack Vendor :STMicroelectronics X-CUBE-FREERTOS 1.1.0
2024-03-24 02:58:25,811 [INFO] ThirdParty:1030 - CMSIS Pack Vendor :STMicroelectronics X-CUBE-NFC7 1.0.1
2024-03-24 02:58:25,811 [INFO] ThirdParty:1030 - CMSIS Pack Vendor :STMicroelectronics MBEDTLS 2.14.1
2024-03-24 02:58:25,811 [INFO] ThirdParty:1030 - CMSIS Pack Vendor :STMicroelectronics X-CUBE-NFC6 3.0.0
2024-03-24 02:58:25,811 [INFO] ThirdParty:1030 - CMSIS Pack Vendor :portGmbH I-Cube-SoM-uGOAL 1.1.0
2024-03-24 02:58:25,811 [INFO] ThirdParty:1030 - CMSIS Pack Vendor :STMicroelectronics X-CUBE-ALS 1.0.1
2024-03-24 02:58:25,811 [INFO] ThirdParty:1030 - CMSIS Pack Vendor :STMicroelectronics X-CUBE-BLEMGR 3.1.0
2024-03-24 02:58:25,811 [INFO] ThirdParty:1030 - CMSIS Pack Vendor :STMicroelectronics ThreadX 1.0.0
2024-03-24 02:58:25,811 [INFO] ThirdParty:1030 - CMSIS Pack Vendor :STMicroelectronics FP-SNS-SMARTAG2 1.2.0
2024-03-24 02:58:25,811 [INFO] ThirdParty:1030 - CMSIS Pack Vendor :STMicroelectronics X-CUBE-AZRTOS-WL 2.0.0
2024-03-24 02:58:25,811 [INFO] ThirdParty:1030 - CMSIS Pack Vendor :SEGGER I-CUBE-embOS 1.3.1
2024-03-24 02:58:25,811 [INFO] ThirdParty:1030 - CMSIS Pack Vendor :STMicroelectronics USB_DEVICE 1.0.0
2024-03-24 02:58:25,811 [INFO] ThirdParty:1030 - CMSIS Pack Vendor :STMicroelectronics X-CUBE-AI 8.1.0
2024-03-24 02:58:25,811 [INFO] ThirdParty:1030 - CMSIS Pack Vendor :STMicroelectronics X-CUBE-AZRTOS-L4 2.0.0
2024-03-24 02:58:25,811 [INFO] ThirdParty:1030 - CMSIS Pack Vendor :STMicroelectronics ThreadX 0.0.2
2024-03-24 02:58:25,811 [INFO] ThirdParty:1030 - CMSIS Pack Vendor :WES I-CUBE-Cesium 1.3.0
2024-03-24 02:58:25,811 [INFO] ThirdParty:1030 - CMSIS Pack Vendor :STMicroelectronics FP-ATR-ASTRA1 2.0.0
2024-03-24 02:58:25,811 [INFO] ThirdParty:1030 - CMSIS Pack Vendor :STMicroelectronics lwIP 2.1.2
2024-03-24 02:58:25,811 [INFO] ThirdParty:1030 - CMSIS Pack Vendor :STMicroelectronics X-CUBE-SFXS2LP1 4.0.0
2024-03-24 02:58:25,811 [INFO] ThirdParty:1030 - CMSIS Pack Vendor :STMicroelectronics X-CUBE-BLE2 3.3.0
2024-03-24 02:58:25,811 [INFO] ThirdParty:1030 - CMSIS Pack Vendor :STMicroelectronics X-CUBE-TOF1 3.4.0
2024-03-24 02:58:25,811 [INFO] ThirdParty:1030 - CMSIS Pack Vendor :STMicroelectronics X-CUBE-TOF1 3.4.1
2024-03-24 02:58:25,811 [INFO] ThirdParty:1030 - CMSIS Pack Vendor :STMicroelectronics X-CUBE-AZRTOS-H7 3.2.0
2024-03-24 02:58:25,812 [INFO] ThirdParty:1030 - CMSIS Pack Vendor :STMicroelectronics PDM2PCM 3.2.0
2024-03-24 02:58:25,812 [INFO] ThirdParty:841 - exiting critical section [change project]
2024-03-24 02:58:25,960 [INFO] PinOutPanel:1499 - setPackage(No Configuration,No Configuration)
2024-03-24 02:58:25,960 [INFO] PinOutPanel:1499 - setPackage(STM32F446RETx,LQFP64)
2024-03-24 02:58:26,174 [INFO] UtilMem:75 - Before build in PCC Used Memory: 749576448 Bytes (1073741824)
2024-03-24 02:58:26,293 [INFO] UtilMem:75 - After build in PCC Used Memory: 797810944 Bytes (1073741824)
2024-03-24 02:58:26,307 [INFO] IPUIPlugin:80 - create IPUIPlugin
2024-03-24 02:58:26,308 [INFO] IPUIPlugin:80 - create IPUIPlugin
2024-03-24 02:58:26,308 [INFO] IPUIPlugin:80 - create IPUIPlugin
2024-03-24 02:58:26,308 [INFO] IPUIPlugin:80 - create IPUIPlugin
2024-03-24 02:58:26,308 [INFO] IPUIPlugin:80 - create IPUIPlugin
2024-03-24 02:58:26,308 [INFO] IPUIPlugin:80 - create IPUIPlugin
2024-03-24 02:58:26,308 [INFO] IPUIPlugin:80 - create IPUIPlugin
2024-03-24 02:58:26,308 [INFO] IPUIPlugin:80 - create IPUIPlugin
2024-03-24 02:58:26,308 [INFO] IPUIPlugin:80 - create IPUIPlugin
2024-03-24 02:58:26,308 [INFO] IPUIPlugin:80 - create IPUIPlugin
2024-03-24 02:58:26,308 [INFO] IPUIPlugin:80 - create IPUIPlugin
2024-03-24 02:58:26,308 [INFO] IPUIPlugin:80 - create IPUIPlugin
2024-03-24 02:58:26,308 [INFO] IPUIPlugin:80 - create IPUIPlugin
2024-03-24 02:58:26,309 [INFO] IPUIPlugin:80 - create IPUIPlugin
2024-03-24 02:58:26,309 [INFO] IPUIPlugin:80 - create IPUIPlugin
2024-03-24 02:58:26,309 [INFO] IPUIPlugin:80 - create IPUIPlugin
2024-03-24 02:58:26,309 [INFO] IPUIPlugin:80 - create IPUIPlugin
2024-03-24 02:58:26,309 [INFO] IPUIPlugin:80 - create IPUIPlugin
2024-03-24 02:58:26,309 [INFO] IPUIPlugin:80 - create IPUIPlugin
2024-03-24 02:58:26,309 [INFO] IPUIPlugin:80 - create IPUIPlugin
2024-03-24 02:58:26,309 [INFO] IPUIPlugin:80 - create IPUIPlugin
2024-03-24 02:58:26,310 [INFO] IPUIPlugin:80 - create IPUIPlugin
2024-03-24 02:58:26,310 [INFO] IPUIPlugin:80 - create IPUIPlugin
2024-03-24 02:58:26,310 [INFO] IPUIPlugin:80 - create IPUIPlugin
2024-03-24 02:58:26,310 [INFO] IPUIPlugin:80 - create IPUIPlugin
2024-03-24 02:58:26,310 [INFO] IPUIPlugin:80 - create IPUIPlugin
2024-03-24 02:58:26,310 [INFO] IPUIPlugin:80 - create IPUIPlugin
2024-03-24 02:58:26,310 [INFO] IPUIPlugin:80 - create IPUIPlugin
2024-03-24 02:58:26,311 [INFO] IPUIPlugin:80 - create IPUIPlugin
2024-03-24 02:58:26,311 [INFO] IPUIPlugin:80 - create IPUIPlugin
2024-03-24 02:58:26,311 [INFO] IPUIPlugin:80 - create IPUIPlugin
2024-03-24 02:58:26,311 [INFO] IPUIPlugin:80 - create IPUIPlugin
2024-03-24 02:58:26,311 [INFO] IPUIPlugin:80 - create IPUIPlugin
2024-03-24 02:58:26,311 [INFO] IPUIPlugin:80 - create IPUIPlugin
2024-03-24 02:58:26,312 [INFO] IPUIPlugin:80 - create IPUIPlugin
2024-03-24 02:58:26,312 [INFO] IPUIPlugin:80 - create IPUIPlugin
2024-03-24 02:58:26,312 [INFO] IPUIPlugin:80 - create IPUIPlugin
2024-03-24 02:58:26,312 [INFO] IPUIPlugin:80 - create IPUIPlugin
2024-03-24 02:58:26,313 [INFO] IPUIPlugin:80 - create IPUIPlugin
2024-03-24 02:58:26,313 [INFO] IPUIPlugin:80 - create IPUIPlugin
2024-03-24 02:58:26,313 [INFO] IPUIPlugin:80 - create IPUIPlugin
2024-03-24 02:58:26,314 [INFO] IPUIPlugin:80 - create IPUIPlugin
2024-03-24 02:58:26,314 [INFO] IPUIPlugin:80 - create IPUIPlugin
2024-03-24 02:58:26,314 [INFO] IPUIPlugin:80 - create IPUIPlugin
2024-03-24 02:58:26,315 [INFO] IPUIPlugin:80 - create IPUIPlugin
2024-03-24 02:58:26,315 [INFO] IPUIPlugin:80 - create IPUIPlugin
2024-03-24 02:58:26,315 [INFO] IPUIPlugin:80 - create IPUIPlugin
2024-03-24 02:58:26,315 [INFO] IPUIPlugin:80 - create IPUIPlugin
2024-03-24 02:58:26,315 [INFO] IPUIPlugin:80 - create IPUIPlugin
2024-03-24 02:58:26,316 [INFO] IPUIPlugin:80 - create IPUIPlugin
2024-03-24 02:58:26,316 [INFO] IPUIPlugin:80 - create IPUIPlugin
2024-03-24 02:58:26,316 [INFO] IPUIPlugin:80 - create IPUIPlugin
2024-03-24 02:58:26,316 [INFO] IPUIPlugin:80 - create IPUIPlugin
2024-03-24 02:58:26,317 [INFO] IPUIPlugin:80 - create IPUIPlugin
2024-03-24 02:58:26,317 [INFO] IPUIPlugin:80 - create IPUIPlugin
2024-03-24 02:58:26,317 [INFO] IPUIPlugin:80 - create IPUIPlugin
2024-03-24 02:58:26,317 [INFO] IPUIPlugin:80 - create IPUIPlugin
2024-03-24 02:58:26,318 [INFO] IPUIPlugin:80 - create IPUIPlugin
2024-03-24 02:58:26,318 [INFO] IPUIPlugin:80 - create IPUIPlugin
2024-03-24 02:58:26,319 [INFO] IPUIPlugin:80 - create IPUIPlugin
2024-03-24 02:58:26,321 [INFO] ApiDbMcu:508 - Load IP Config File for PDM2PCM
2024-03-24 02:58:26,354 [INFO] CADModel:165 - CPN selected for project levelSTM32F446RET6
2024-03-24 02:58:26,354 [INFO] CADModel:114 - Register for checkConnection events
2024-03-24 02:58:26,406 [INFO] OpenFileManager:343 - Restore cursor
2024-03-24 03:01:09,410 [INFO] UtilMem:75 - End SaveConfig() Used Memory: 821492608 Bytes (1073741824)
2024-03-24 03:01:09,469 [INFO] UtilMem:75 - End SaveConfig() Used Memory: 846658432 Bytes (1073741824)
2024-03-24 03:01:09,974 [INFO] UtilMem:75 - End SaveConfig() Used Memory: 885126032 Bytes (1073741824)
2024-03-24 03:01:10,138 [INFO] BlockDiagram:2759 - set Specific Code input for plugin: SYS
2024-03-24 03:01:10,138 [INFO] BlockDiagram:2759 - set Specific Code input for plugin: RCC
2024-03-24 03:01:10,138 [INFO] BlockDiagram:2759 - set Specific Code input for plugin: NVIC
2024-03-24 03:01:10,138 [INFO] BlockDiagram:2759 - set Specific Code input for plugin: USART
2024-03-24 03:01:10,138 [INFO] BlockDiagram:2759 - set Specific Code input for plugin: GPIO
2024-03-24 03:01:10,139 [INFO] CodeGenerator:807 - code generatio: config db path: C:\ST\STM32CubeIDE_1.14.1\STM32CubeIDE\plugins\com.st.stm32cube.common.mx_6.10.0.202311202037\\db\
2024-03-24 03:01:10,397 [INFO] CodeEngine:255 - oldGeneratedFile, C:\Users\crayo\Desktop\Licence3S6\micro\Project_Morse_Code\MCU1\MXTmpFiles\license.tmp_save
2024-03-24 03:01:10,513 [INFO] CodeEngine:279 - Generated code: C:\Users\crayo\Desktop\Licence3S6\micro\Project_Morse_Code\MCU1\MXTmpFiles\license.tmp
2024-03-24 03:01:10,577 [INFO] CodeEngine:255 - oldGeneratedFile, C:\Users\crayo\Desktop\Licence3S6\micro\Project_Morse_Code\MCU1\MXTmpFiles\gpio.tmp_save
2024-03-24 03:01:11,978 [INFO] CodeEngine:279 - Generated code: C:\Users\crayo\Desktop\Licence3S6\micro\Project_Morse_Code\MCU1\MXTmpFiles\gpio.tmp
2024-03-24 03:01:12,074 [INFO] CodeEngine:255 - oldGeneratedFile, C:\Users\crayo\Desktop\Licence3S6\micro\Project_Morse_Code\MCU1\Core\Src\stm32f4xx_it.c_save
2024-03-24 03:01:12,290 [INFO] CodeEngine:279 - Generated code: C:\Users\crayo\Desktop\Licence3S6\micro\Project_Morse_Code\MCU1\Core\Src\stm32f4xx_it.c
2024-03-24 03:01:12,310 [INFO] CodeEngine:255 - oldGeneratedFile, C:\Users\crayo\Desktop\Licence3S6\micro\Project_Morse_Code\MCU1\Core\Inc\stm32f4xx_it.h_save
2024-03-24 03:01:12,392 [INFO] CodeEngine:279 - Generated code: C:\Users\crayo\Desktop\Licence3S6\micro\Project_Morse_Code\MCU1\Core\Inc\stm32f4xx_it.h
2024-03-24 03:01:12,417 [INFO] CodeEngine:255 - oldGeneratedFile, C:\Users\crayo\Desktop\Licence3S6\micro\Project_Morse_Code\MCU1\Core\Src\stm32f4xx_hal_msp.c_save
2024-03-24 03:01:12,522 [INFO] CodeEngine:279 - Generated code: C:\Users\crayo\Desktop\Licence3S6\micro\Project_Morse_Code\MCU1\Core\Src\stm32f4xx_hal_msp.c
2024-03-24 03:01:12,533 [INFO] CodeEngine:255 - oldGeneratedFile, C:\Users\crayo\Desktop\Licence3S6\micro\Project_Morse_Code\MCU1\MXTmpFiles\system.tmp_save
2024-03-24 03:01:12,595 [INFO] CodeEngine:279 - Generated code: C:\Users\crayo\Desktop\Licence3S6\micro\Project_Morse_Code\MCU1\MXTmpFiles\system.tmp
2024-03-24 03:01:12,623 [INFO] CodeEngine:311 - oldGeneratedFile, C:\Users\crayo\Desktop\Licence3S6\micro\Project_Morse_Code\MCU1\Core\Inc\stm32f4xx_hal_conf.h_save
2024-03-24 03:01:12,717 [INFO] CodeEngine:335 - Generated code: C:\Users\crayo\Desktop\Licence3S6\micro\Project_Morse_Code\MCU1\Core\Inc\stm32f4xx_hal_conf.h
2024-03-24 03:01:12,738 [WARN] IPConfigManager:2946 - Warning: the RefConfig PLL2P_FOR_MCO is not available in your config.xml file
2024-03-24 03:01:12,764 [INFO] CodeEngine:255 - oldGeneratedFile, C:\Users\crayo\Desktop\Licence3S6\micro\Project_Morse_Code\MCU1\Core\Inc\main.h_save
2024-03-24 03:01:12,854 [INFO] CodeEngine:279 - Generated code: C:\Users\crayo\Desktop\Licence3S6\micro\Project_Morse_Code\MCU1\Core\Inc\main.h
2024-03-24 03:01:12,874 [INFO] CodeEngine:255 - oldGeneratedFile, C:\Users\crayo\Desktop\Licence3S6\micro\Project_Morse_Code\MCU1\Core\Src\main.c_save
2024-03-24 03:01:12,979 [INFO] CodeEngine:279 - Generated code: C:\Users\crayo\Desktop\Licence3S6\micro\Project_Morse_Code\MCU1\Core\Src\main.c
2024-03-24 03:01:13,545 [INFO] ProjectBuilder:3076 - Time for Copy HAL[1] : 169mS.
2024-03-24 03:01:13,549 [INFO] ProjectBuilder:4485 - Project Generator version: 4.2.0-B44
2024-03-24 03:01:14,096 [INFO] ConfigFileManager:1495 - The Die is : DIE421
2024-03-24 03:01:14,303 [INFO] ApiDbMcu:508 - Load IP Config File for FATFS
2024-03-24 03:01:14,478 [INFO] ApiDbMcu:508 - Load IP Config File for FREERTOS
2024-03-24 03:01:14,537 [INFO] ApiDbMcu:508 - Load IP Config File for LIBJPEG
2024-03-24 03:01:14,774 [INFO] ApiDbMcu:508 - Load IP Config File for MBEDTLS
2024-03-24 03:01:14,793 [INFO] ApiDbMcu:508 - Load IP Config File for USB_DEVICE
2024-03-24 03:01:14,807 [INFO] ApiDbMcu:508 - Load IP Config File for USB_HOST
2024-03-24 03:01:18,894 [INFO] ProjectBuilder:4747 - Time for Generating toolchain IDE Files: 5345mS.
2024-03-24 03:01:18,895 [INFO] ProjectBuilder:2947 - Time for Copy CMSIS : 1mS.
2024-03-24 03:01:18,897 [INFO] ProjectBuilder:2947 - Time for Copy CMSIS : 0mS.
2024-03-24 03:01:39,218 [ERROR] ConfigurationRetriever:142 - IOException on connection: Read timed out
2024-03-24 03:01:41,233 [ERROR] ConfigurationRetriever:142 - IOException on connection: Read timed out
2024-03-24 04:01:49,696 [ERROR] ConfigurationRetriever:142 - IOException on connection: Read timed out
2024-03-24 04:01:51,707 [ERROR] ConfigurationRetriever:142 - IOException on connection: Read timed out
2024-03-24 04:01:53,714 [ERROR] ConfigurationRetriever:142 - IOException on connection: Read timed out
2024-03-24 04:01:55,744 [ERROR] ConfigurationRetriever:142 - IOException on connection: Read timed out
2024-03-24 04:07:29,257 [ERROR] ConfigurationRetriever:142 - IOException on connection: Read timed out
2024-03-24 04:07:32,278 [ERROR] ConfigurationRetriever:142 - IOException on connection: Read timed out
2024-03-24 04:07:34,280 [ERROR] ConfigurationRetriever:142 - IOException on connection: Connect timed out
2024-03-24 04:07:37,309 [ERROR] ConfigurationRetriever:142 - IOException on connection: Read timed out
2024-03-24 04:07:39,310 [ERROR] ConfigurationRetriever:142 - IOException on connection: Connect timed out
2024-03-24 04:07:41,316 [ERROR] ConfigurationRetriever:142 - IOException on connection: Read timed out
2024-03-24 04:23:17,040 [ERROR] ConfigurationRetriever:142 - IOException on connection: Read timed out
2024-03-24 04:23:20,057 [ERROR] ConfigurationRetriever:142 - IOException on connection: Read timed out
2024-03-24 04:23:22,059 [ERROR] ConfigurationRetriever:142 - IOException on connection: Connect timed out
2024-03-24 04:23:24,080 [ERROR] ConfigurationRetriever:142 - IOException on connection: Connect timed out
2024-03-24 04:23:26,086 [ERROR] ConfigurationRetriever:142 - IOException on connection: Read timed out
2024-03-24 04:23:28,093 [ERROR] ConfigurationRetriever:142 - IOException on connection: Read timed out
2024-03-24 04:28:28,077 [ERROR] ConfigurationRetriever:142 - IOException on connection: Connect timed out
2024-03-24 04:28:30,079 [ERROR] ConfigurationRetriever:142 - IOException on connection: Connect timed out
2024-03-24 04:28:33,093 [ERROR] ConfigurationRetriever:142 - IOException on connection: Read timed out
2024-03-24 04:28:35,115 [ERROR] ConfigurationRetriever:142 - IOException on connection: Connect timed out
2024-03-24 04:28:37,116 [ERROR] ConfigurationRetriever:142 - IOException on connection: Connect timed out
2024-03-24 04:28:40,122 [ERROR] ConfigurationRetriever:142 - IOException on connection: Read timed out
2024-03-24 04:31:13,461 [INFO] MainUpdater:2873 - connection check result : 10
2024-03-24 04:31:14,000 [INFO] McuFinderGlobals:76 - Set McuFinderConnectedMode to true
2024-03-24 04:31:14,007 [INFO] MultiScanPanel:200 - Auto-refresh data requested => check proxy status ongoing
2024-03-24 04:31:14,012 [INFO] FinderPluginLoader:95 - Searching for filters in installed packs
2024-03-24 04:31:15,285 [INFO] LoadUrlFilesThread:185 - End of LoadServerUrlFiles without Thread
2024-03-24 04:31:15,305 [INFO] DetailPanel:341 - Set advertising image to C:/Users/crayo/STM32Cube/Repository/\en.prom-stm32wl3-mcu-finder.jpg
2024-03-24 04:31:30,950 [INFO] MultiScanPanel:200 - Auto-refresh data requested => check proxy status ongoing
2024-03-24 04:31:31,029 [INFO] LoadUrlFilesThread:185 - End of LoadServerUrlFiles without Thread
2024-03-24 04:31:31,029 [INFO] DetailPanel:341 - Set advertising image to C:/Users/crayo/STM32Cube/Repository/\en.prom-stm32wl3-mcu-finder.jpg
2024-03-24 04:31:31,037 [INFO] DbBoards:642 - Loading board mini-images...
2024-03-24 04:31:31,914 [ERROR] DbBoards:659 - Image file not found for board NUCLEO-WBA55CG: C:\Users\crayo\.stmcufinder\plugins\mcufinder//mcu//boards_images/NUCLEO-WBA55CG.jpg
2024-03-24 04:31:32,904 [ERROR] DbBoards:659 - Image file not found for board STM32WBA55G-DK1: C:\Users\crayo\.stmcufinder\plugins\mcufinder//mcu//boards_images/STM32WBA55G-DK1.jpg
2024-03-24 04:31:32,904 [INFO] DbBoards:665 - Loaded 191 board mini-images
2024-03-24 04:44:14,848 [INFO] McuFinderGlobals:76 - Set McuFinderConnectedMode to true
2024-03-24 04:44:14,980 [INFO] ApiDb:448 - Save user favorites file C:\Users\crayo/.stm32cubeide/favorites.mcus.txt: 0 item(s)
2024-03-24 04:44:14,981 [INFO] ApiDb:452 - User favorites MCUs=[]
2024-03-24 04:44:14,982 [INFO] ApiDb:448 - Save user favorites file C:\Users\crayo/.stm32cubeide/favorites.boards.txt: 0 item(s)
2024-03-24 04:44:14,982 [INFO] ApiDb:452 - User favorites Boards=[]
2024-03-24 05:04:55,049 [INFO] MainUpdater:2873 - connection check result : 10
2024-03-24 05:04:55,049 [INFO] MainUpdater:2873 - connection check result : 10
2024-03-24 05:04:55,060 [ERROR] IocParser:57 - IOException caught: C:\Users\crayo\Desktop\Licence3S6\micro\Project_Morse_Code\MCU1\MCU1.ioc (系统找不到指定的文件。)
2024-03-24 05:04:55,061 [ERROR] PeripheralListParser:95 - Something went wrong with ioc file reading: C:\Users\crayo\Desktop\Licence3S6\micro\Project_Morse_Code\MCU1\MCU1.ioc (系统找不到指定的文件。)
2024-03-24 05:04:55,061 [ERROR] RegexParser:59 - Issue caught when parsing regex: C:\Users\crayo\Desktop\Licence3S6\micro\Project_Morse_Code\MCU1\MCU1.ioc (系统找不到指定的文件。)
2024-03-24 05:04:55,115 [INFO] MicroXplorer:468 - Change Database Path : 
2024-03-24 05:04:55,115 [INFO] MicroXplorer:498 - Change Database Version : DB.6.0.100
2024-03-24 05:04:55,122 [ERROR] ProjectManagerView:394 - 
java.lang.NullPointerException: Cannot invoke "javax.swing.JTextField.getText()" because the return value of "java.util.List.get(int)" is null
	at com.st.microxplorer.plugins.projectmanager.gui.ProjectChoiceTab$10.caretUpdate(ProjectChoiceTab.java:2493) ~[filemanager.jar:?]
	at javax.swing.text.JTextComponent.fireCaretUpdate(JTextComponent.java:412) ~[?:?]
	at javax.swing.text.JTextComponent$MutableCaretEvent.fire(JTextComponent.java:4491) ~[?:?]
	at javax.swing.text.JTextComponent$MutableCaretEvent.stateChanged(JTextComponent.java:4513) ~[?:?]
	at javax.swing.text.DefaultCaret.fireStateChanged(DefaultCaret.java:842) ~[?:?]
	at javax.swing.text.DefaultCaret.changeCaretPosition(DefaultCaret.java:1313) ~[?:?]
	at javax.swing.text.DefaultCaret.handleSetDot(DefaultCaret.java:1212) ~[?:?]
	at javax.swing.text.DefaultCaret.setDot(DefaultCaret.java:1193) ~[?:?]
	at javax.swing.text.DefaultCaret$Handler.insertUpdate(DefaultCaret.java:1789) ~[?:?]
	at javax.swing.text.AbstractDocument.fireInsertUpdate(AbstractDocument.java:226) ~[?:?]
	at javax.swing.text.AbstractDocument.handleInsertString(AbstractDocument.java:780) ~[?:?]
	at javax.swing.text.AbstractDocument.insertString(AbstractDocument.java:739) ~[?:?]
	at javax.swing.text.PlainDocument.insertString(PlainDocument.java:131) ~[?:?]
	at javax.swing.text.AbstractDocument.replace(AbstractDocument.java:698) ~[?:?]
	at javax.swing.text.JTextComponent.setText(JTextComponent.java:1729) ~[?:?]
	at com.st.microxplorer.plugins.projectmanager.gui.ProjectChoiceTab.createHeapStackFields(ProjectChoiceTab.java:933) ~[filemanager.jar:?]
	at com.st.microxplorer.plugins.projectmanager.gui.ProjectChoiceTab.buildLinkSettingsPanel(ProjectChoiceTab.java:3426) ~[filemanager.jar:?]
	at com.st.microxplorer.plugins.projectmanager.gui.ProjectChoiceTab.defineWindowsFields(ProjectChoiceTab.java:1813) ~[filemanager.jar:?]
	at com.st.microxplorer.plugins.projectmanager.gui.ProjectChoiceTab.updateSettings(ProjectChoiceTab.java:533) ~[filemanager.jar:?]
	at com.st.microxplorer.plugins.projectmanager.gui.ProjectSettingsPanel.UpdateDialog(ProjectSettingsPanel.java:244) ~[filemanager.jar:?]
	at com.st.microxplorer.plugins.projectmanager.ProjectManagerView.propertyChange(ProjectManagerView.java:391) ~[filemanager.jar:?]
	at java.beans.PropertyChangeSupport.fire(PropertyChangeSupport.java:343) ~[?:?]
	at java.beans.PropertyChangeSupport.firePropertyChange(PropertyChangeSupport.java:335) ~[?:?]
	at java.beans.PropertyChangeSupport.firePropertyChange(PropertyChangeSupport.java:268) ~[?:?]
	at com.st.microxplorer.util.MXPropertyChangeSupport.firePropertyChange(MXPropertyChangeSupport.java:54) ~[STM32CubeMX.jar:?]
	at com.st.microxplorer.mxsystem.MxSystem.closeConfig(MxSystem.java:900) ~[STM32CubeMX.jar:?]
	at com.st.microxplorer.maingui.MainPanel.closeConfig(MainPanel.java:776) ~[STM32CubeMX.jar:?]
	at com.st.microxplorer.plugins.filemanager.engine.OpenFileManager.loadConfigurationFile(OpenFileManager.java:245) ~[filemanager.jar:?]
	at com.st.microxplorer.plugins.filemanager.engine.MainFileManager.userLoadConfig(MainFileManager.java:290) ~[filemanager.jar:?]
	at com.st.microxplorer.plugins.filemanager.FileManagerView.getSpecificTask(FileManagerView.java:247) ~[filemanager.jar:?]
	at com.st.stm32cube.common.mx.editor.CubeMxEditor.getMxTabbedPaneInstance(CubeMxEditor.java:1184) ~[com.st.stm32cube.common.mx_6.10.0.202311202037/:?]
	at com.st.stm32cube.common.mx.editor.CubeMxEditor$12$1.createSwingComponent(CubeMxEditor.java:1065) ~[com.st.stm32cube.common.mx_6.10.0.202311202037/:?]
	at com.st.stm32cube.common.mx.oss.core.awtswtbridge.EmbeddedSwingComposite.doComponentCreation(EmbeddedSwingComposite.java:492) ~[com.st.stm32cube.common.mx.oss_6.10.0.202311202037/:?]
	at com.st.stm32cube.common.mx.oss.core.awtswtbridge.EmbeddedSwingComposite$4.run(EmbeddedSwingComposite.java:291) ~[com.st.stm32cube.common.mx.oss_6.10.0.202311202037/:?]
	at com.st.stm32cube.common.mx.oss.core.awtswtbridge.AwtEnvironment$2.run(AwtEnvironment.java:166) ~[com.st.stm32cube.common.mx.oss_6.10.0.202311202037/:?]
	at java.awt.event.InvocationEvent.dispatch(InvocationEvent.java:318) ~[?:?]
	at java.awt.EventQueue.dispatchEventImpl(EventQueue.java:773) ~[?:?]
	at java.awt.EventQueue$4.run(EventQueue.java:720) ~[?:?]
	at java.awt.EventQueue$4.run(EventQueue.java:714) ~[?:?]
	at java.security.AccessController.doPrivileged(AccessController.java:399) ~[?:?]
	at java.security.ProtectionDomain$JavaSecurityAccessImpl.doIntersectionPrivilege(ProtectionDomain.java:86) ~[?:?]
	at java.awt.EventQueue.dispatchEvent(EventQueue.java:742) ~[?:?]
	at java.awt.EventDispatchThread.pumpOneEventForFilters(EventDispatchThread.java:203) ~[?:?]
	at java.awt.EventDispatchThread.pumpEventsForFilter(EventDispatchThread.java:124) ~[?:?]
	at java.awt.EventDispatchThread.pumpEventsForHierarchy(EventDispatchThread.java:113) ~[?:?]
	at java.awt.EventDispatchThread.pumpEvents(EventDispatchThread.java:109) ~[?:?]
	at java.awt.EventDispatchThread.pumpEvents(EventDispatchThread.java:101) ~[?:?]
	at java.awt.EventDispatchThread.run(EventDispatchThread.java:90) ~[?:?]
2024-03-24 05:04:55,123 [WARN] ThirdParty:871 - waiting for thirdparty lock release [close project]
2024-03-24 05:04:55,123 [INFO] ThirdParty:873 - entering critical section [close project]
2024-03-24 05:04:55,123 [INFO] ThirdParty:883 - exiting critical section [close project]
2024-03-24 05:04:55,123 [INFO] PinOutPanel:1499 - setPackage(No Configuration,No Configuration)
2024-03-24 05:04:55,129 [WARN] IpParametersView:151 - Warning: This peripheral hasn't parameters
2024-03-24 05:04:55,133 [WARN] MainPanel:272 - <html><b><center>Warning: This peripheral has no parameters to be configured<br></b></html>
2024-03-24 05:04:55,137 [INFO] UtilMem:75 - Begin LoadConfig() Used Memory: 783549584 Bytes (1073741824)
2024-03-24 05:04:55,137 [INFO] MicroXplorer:468 - Change Database Path : 
2024-03-24 05:04:55,137 [INFO] MicroXplorer:498 - Change Database Version : DB.6.0.100
2024-03-24 05:04:55,137 [INFO] OpenFileManager:312 - Change cursor
2024-03-24 05:04:55,147 [INFO] RulesReader:64 - Compatibility file has been processed (297 Rules)
2024-03-24 05:04:55,149 [INFO] Mcu:2016 - Initializing MCU STM32F446R(C-E)Tx STM32F446RETx STM32F446RET6
2024-03-24 05:04:55,966 [INFO] Context:659 - Trying to add GPIOservice into a context  which must be forbidden
2024-03-24 05:04:56,236 [INFO] RtosManager:555 - Registered RTOS mode: class=CMSIS, group=RTOS, mode=CMSIS_V1, owner=FREERTOS
2024-03-24 05:04:56,236 [INFO] RtosManager:555 - Registered RTOS mode: class=CMSIS, group=RTOS2, mode=CMSIS_V2, owner=FREERTOS
2024-03-24 05:04:56,236 [INFO] RtosManager:555 - Registered RTOS mode: class=RTOS, group=Core, mode=CMSIS_V1, owner=FREERTOS
2024-03-24 05:04:56,236 [INFO] RtosManager:555 - Registered RTOS mode: class=RTOS, group=Core, mode=CMSIS_V2, owner=FREERTOS
2024-03-24 05:04:56,237 [WARN] ModelIntegratedComponent:184 - Missing modes for component STMicroelectronics:FreeRTOS:0.0.1:STMicroelectronics:RTOS:FreeRTOS:Core:::10.2.0:
2024-03-24 05:04:56,241 [WARN] ModelIntegratedComponent:63 - No mode defined for component null
2024-03-24 05:04:56,241 [WARN] ModelIntegratedComponent:63 - No mode defined for component null
2024-03-24 05:04:56,241 [WARN] ModelIntegratedComponent:63 - No mode defined for component null
2024-03-24 05:04:56,241 [WARN] ModelIntegratedComponent:63 - No mode defined for component null
2024-03-24 05:04:56,241 [WARN] ModelIntegratedComponent:63 - No mode defined for component null
2024-03-24 05:04:56,241 [WARN] ModelIntegratedComponent:63 - No mode defined for component null
2024-03-24 05:04:56,242 [WARN] ModelIntegratedComponent:63 - No mode defined for component null
2024-03-24 05:04:56,242 [WARN] ModelIntegratedComponent:63 - No mode defined for component null
2024-03-24 05:04:56,242 [WARN] ModelIntegratedComponent:63 - No mode defined for component null
2024-03-24 05:04:56,242 [WARN] ModelIntegratedComponent:63 - No mode defined for component null
2024-03-24 05:04:56,242 [WARN] ModelIntegratedComponent:63 - No mode defined for component null
2024-03-24 05:04:56,242 [WARN] ModelIntegratedComponent:63 - No mode defined for component null
2024-03-24 05:04:56,242 [WARN] ModelIntegratedComponent:63 - No mode defined for component null
2024-03-24 05:04:56,242 [WARN] ModelIntegratedComponent:63 - No mode defined for component null
2024-03-24 05:04:56,242 [WARN] ModelIntegratedComponent:63 - No mode defined for component null
2024-03-24 05:04:56,242 [WARN] ModelIntegratedComponent:63 - No mode defined for component null
2024-03-24 05:04:56,242 [WARN] ModelIntegratedComponent:63 - No mode defined for component null
2024-03-24 05:04:56,242 [WARN] ModelIntegratedComponent:63 - No mode defined for component null
2024-03-24 05:04:56,242 [WARN] ModelIntegratedComponent:63 - No mode defined for component null
2024-03-24 05:04:56,242 [WARN] ModelIntegratedComponent:63 - No mode defined for component null
2024-03-24 05:04:56,242 [WARN] ModelIntegratedComponent:63 - No mode defined for component null
2024-03-24 05:04:56,242 [WARN] ModelIntegratedComponent:63 - No mode defined for component null
2024-03-24 05:04:56,242 [WARN] ModelIntegratedComponent:63 - No mode defined for component null
2024-03-24 05:04:56,242 [WARN] ModelIntegratedComponent:63 - No mode defined for component null
2024-03-24 05:04:56,242 [WARN] ModelIntegratedComponent:63 - No mode defined for component null
2024-03-24 05:04:56,242 [WARN] ModelIntegratedComponent:63 - No mode defined for component null
2024-03-24 05:04:56,242 [WARN] ModelIntegratedComponent:63 - No mode defined for component null
2024-03-24 05:04:56,242 [WARN] ModelIntegratedComponent:63 - No mode defined for component null
2024-03-24 05:04:56,242 [WARN] ModelIntegratedComponent:63 - No mode defined for component null
2024-03-24 05:04:56,242 [WARN] ModelIntegratedComponent:63 - No mode defined for component null
2024-03-24 05:04:56,242 [WARN] ModelIntegratedComponent:63 - No mode defined for component null
2024-03-24 05:04:56,242 [WARN] ModelIntegratedComponent:63 - No mode defined for component null
2024-03-24 05:04:56,242 [WARN] ModelIntegratedComponent:63 - No mode defined for component null
2024-03-24 05:04:56,305 [INFO] ThirdPartyModel:298 - Start build external matchings
2024-03-24 05:04:56,591 [INFO] ThirdPartyModel:316 - End build external matchings
2024-03-24 05:04:56,598 [INFO] ImportTextPane:194 - (OptionalMessage_ERROR) IP (RCC) : Invalid parameter (48MHZClocksFreq_Value)
2024-03-24 05:04:56,598 [INFO] ImportTextPane:194 - (OptionalMessage_ERROR) IP (RCC) : Invalid parameter (EthernetFreq_Value)
2024-03-24 05:04:56,598 [INFO] ImportTextPane:194 - (OptionalMessage_ERROR) IP (RCC) : Parameter (FLatency) has Id (AdvancedSettings) currently not set
2024-03-24 05:04:56,598 [INFO] ImportTextPane:194 - (OptionalMessage_ERROR) IP (RCC) : Invalid parameter (FamilyName)
2024-03-24 05:04:56,598 [INFO] ImportTextPane:194 - (OptionalMessage_ERROR) IP (RCC) : Invalid parameter (I2SClocksFreq_Value)
2024-03-24 05:04:56,599 [INFO] ImportTextPane:194 - (OptionalMessage_ERROR) IP (RCC) : Parameter (SDIOFreq_Value) has invalid value (168000000)
2024-03-24 05:04:56,599 [INFO] ImportTextPane:194 - (OptionalMessage_ERROR) IP (RCC) : Parameter (USBFreq_Value) has invalid value (168000000)
2024-03-24 05:04:56,599 [INFO] ImportTextPane:194 - (OptionalMessage_ERROR) IP (RCC) : Invalid parameter (VCOInputMFreq_Value)
2024-03-24 05:04:56,599 [INFO] ImportTextPane:194 - (OptionalMessage_ERROR) IP (RCC) : Invalid parameter (VcooutputI2S)
2024-03-24 05:04:56,763 [INFO] UtilMem:75 - End LoadConfig() Used Memory: 930113472 Bytes (1073741824)
2024-03-24 05:04:56,800 [INFO] MicroXplorer:468 - Change Database Path : 
2024-03-24 05:04:56,800 [INFO] MicroXplorer:498 - Change Database Version : DB.6.0.100
2024-03-24 05:04:56,800 [WARN] ThirdParty:833 - waiting for thirdparty lock release [change project]
2024-03-24 05:04:56,800 [INFO] ThirdParty:835 - entering critical section [change project]
2024-03-24 05:04:56,800 [INFO] ThirdParty:1030 - CMSIS Pack Vendor :STMicroelectronics USBPD 4.1
2024-03-24 05:04:56,800 [INFO] ThirdParty:1030 - CMSIS Pack Vendor :STMicroelectronics X-CUBE-GNSS1 6.0.0
2024-03-24 05:04:56,800 [INFO] ThirdParty:1030 - CMSIS Pack Vendor :STMicroelectronics USB_HOST 2.0.0
2024-03-24 05:04:56,800 [INFO] ThirdParty:1030 - CMSIS Pack Vendor :STMicroelectronics X-CUBE-AZRTOS-F4 1.1.0
2024-03-24 05:04:56,800 [INFO] ThirdParty:1030 - CMSIS Pack Vendor :STMicroelectronics LIBJPEG 8.0.0
2024-03-24 05:04:56,800 [INFO] ThirdParty:1030 - CMSIS Pack Vendor :STMicroelectronics X-CUBE-SMBUS 2.1.0
2024-03-24 05:04:56,800 [INFO] ThirdParty:1030 - CMSIS Pack Vendor :STMicroelectronics USB_DEVICE 3.0.0
2024-03-24 05:04:56,800 [INFO] ThirdParty:1030 - CMSIS Pack Vendor :STMicroelectronics X-CUBE-AZRTOS-WB 2.0.0
2024-03-24 05:04:56,800 [INFO] ThirdParty:1030 - CMSIS Pack Vendor :wolfSSL I-CUBE-wolfSSL 5.6.6
2024-03-24 05:04:56,800 [INFO] ThirdParty:1030 - CMSIS Pack Vendor :STMicroelectronics X-CUBE-TOUCHGFX 4.23.0
2024-03-24 05:04:56,800 [INFO] ThirdParty:1030 - CMSIS Pack Vendor :STMicroelectronics X-CUBE-AZRTOS-F7 1.1.0
2024-03-24 05:04:56,800 [INFO] ThirdParty:1030 - CMSIS Pack Vendor :STMicroelectronics X-CUBE-AZRTOS-L5 2.0.0
2024-03-24 05:04:56,800 [INFO] ThirdParty:1030 - CMSIS Pack Vendor :STMicroelectronics USB_DEVICE 2.0.0
2024-03-24 05:04:56,800 [INFO] ThirdParty:1030 - CMSIS Pack Vendor :ITTIA_DB I-CUBE-ITTIADB 8.8.0
2024-03-24 05:04:56,800 [INFO] ThirdParty:1030 - CMSIS Pack Vendor :STMicroelectronics FP-SNS-MOTENV1 4.3.2
2024-03-24 05:04:56,800 [INFO] ThirdParty:1030 - CMSIS Pack Vendor :STMicroelectronics X-CUBE-ALGOBUILD 1.3.0
2024-03-24 05:04:56,800 [INFO] ThirdParty:1030 - CMSIS Pack Vendor :STMicroelectronics FreeRTOS 0.0.1
2024-03-24 05:04:56,800 [INFO] ThirdParty:1030 - CMSIS Pack Vendor :STMicroelectronics X-CUBE-AZRTOS-G0 1.1.0
2024-03-24 05:04:56,800 [INFO] ThirdParty:1030 - CMSIS Pack Vendor :STMicroelectronics X-CUBE-NFC4 3.0.0
2024-03-24 05:04:56,800 [INFO] ThirdParty:1030 - CMSIS Pack Vendor :STMicroelectronics X-CUBE-SUBG2 5.0.0
2024-03-24 05:04:56,800 [INFO] ThirdParty:1030 - CMSIS Pack Vendor :STMicroelectronics STM32_WPAN 1.0.0
2024-03-24 05:04:56,800 [INFO] ThirdParty:1030 - CMSIS Pack Vendor :STMicroelectronics lwIP 2.0.3
2024-03-24 05:04:56,800 [INFO] ThirdParty:1030 - CMSIS Pack Vendor :STMicroelectronics FP-SNS-FLIGHT1 5.0.2
2024-03-24 05:04:56,800 [INFO] ThirdParty:1030 - CMSIS Pack Vendor :STMicroelectronics USB_HOST 1.0.0
2024-03-24 05:04:56,800 [INFO] ThirdParty:1030 - CMSIS Pack Vendor :STMicroelectronics X-CUBE-AZRTOS-G4 2.0.0
2024-03-24 05:04:56,800 [INFO] ThirdParty:1030 - CMSIS Pack Vendor :STMicroelectronics PDM2PCM 3.1.0
2024-03-24 05:04:56,800 [INFO] ThirdParty:1030 - CMSIS Pack Vendor :Infineon AIROC-Wi-Fi-Bluetooth-STM32 1.5.1
2024-03-24 05:04:56,800 [INFO] ThirdParty:1030 - CMSIS Pack Vendor :STMicroelectronics X-CUBE-BLEMGR 3.0.0
2024-03-24 05:04:56,800 [INFO] ThirdParty:1030 - CMSIS Pack Vendor :STMicroelectronics PDM2PCM 3.3.0
2024-03-24 05:04:56,801 [INFO] ThirdParty:1030 - CMSIS Pack Vendor :STMicroelectronics X-CUBE-DISPLAY 3.0.0
2024-03-24 05:04:56,801 [INFO] ThirdParty:1030 - CMSIS Pack Vendor :STMicroelectronics FP-SNS-MOTENVWB1 1.3.1
2024-03-24 05:04:56,801 [INFO] ThirdParty:1030 - CMSIS Pack Vendor :STMicroelectronics X-CUBE-BLE1 7.0.0
2024-03-24 05:04:56,801 [INFO] ThirdParty:1030 - CMSIS Pack Vendor :STMicroelectronics FP-ATR-SIGFOX1 3.2.0
2024-03-24 05:04:56,801 [INFO] ThirdParty:1030 - CMSIS Pack Vendor :STMicroelectronics X-CUBE-ISPU 2.0.0
2024-03-24 05:04:56,801 [INFO] ThirdParty:1030 - CMSIS Pack Vendor :STMicroelectronics X-CUBE-EEPRMA1 5.1.0
2024-03-24 05:04:56,801 [INFO] ThirdParty:1030 - CMSIS Pack Vendor :STMicroelectronics HAL Drivers 0.0.0
2024-03-24 05:04:56,801 [INFO] ThirdParty:1030 - CMSIS Pack Vendor :STMicroelectronics MBEDTLS 2.16.2
2024-03-24 05:04:56,801 [INFO] ThirdParty:1030 - CMSIS Pack Vendor :emotas I-CUBE-CANOPEN 1.3.0
2024-03-24 05:04:56,801 [INFO] ThirdParty:1030 - CMSIS Pack Vendor :STMicroelectronics X-CUBE-MEMS1 10.0.0
2024-03-24 05:04:56,801 [INFO] ThirdParty:1030 - CMSIS Pack Vendor :STMicroelectronics X-CUBE-FREERTOS 1.1.0
2024-03-24 05:04:56,801 [INFO] ThirdParty:1030 - CMSIS Pack Vendor :STMicroelectronics X-CUBE-NFC7 1.0.1
2024-03-24 05:04:56,801 [INFO] ThirdParty:1030 - CMSIS Pack Vendor :STMicroelectronics MBEDTLS 2.14.1
2024-03-24 05:04:56,801 [INFO] ThirdParty:1030 - CMSIS Pack Vendor :STMicroelectronics X-CUBE-NFC6 3.0.0
2024-03-24 05:04:56,801 [INFO] ThirdParty:1030 - CMSIS Pack Vendor :portGmbH I-Cube-SoM-uGOAL 1.1.0
2024-03-24 05:04:56,801 [INFO] ThirdParty:1030 - CMSIS Pack Vendor :STMicroelectronics X-CUBE-ALS 1.0.1
2024-03-24 05:04:56,801 [INFO] ThirdParty:1030 - CMSIS Pack Vendor :STMicroelectronics X-CUBE-BLEMGR 3.1.0
2024-03-24 05:04:56,801 [INFO] ThirdParty:1030 - CMSIS Pack Vendor :STMicroelectronics ThreadX 1.0.0
2024-03-24 05:04:56,801 [INFO] ThirdParty:1030 - CMSIS Pack Vendor :STMicroelectronics FP-SNS-SMARTAG2 1.2.0
2024-03-24 05:04:56,801 [INFO] ThirdParty:1030 - CMSIS Pack Vendor :STMicroelectronics X-CUBE-AZRTOS-WL 2.0.0
2024-03-24 05:04:56,801 [INFO] ThirdParty:1030 - CMSIS Pack Vendor :SEGGER I-CUBE-embOS 1.3.1
2024-03-24 05:04:56,801 [INFO] ThirdParty:1030 - CMSIS Pack Vendor :STMicroelectronics USB_DEVICE 1.0.0
2024-03-24 05:04:56,801 [INFO] ThirdParty:1030 - CMSIS Pack Vendor :STMicroelectronics X-CUBE-AI 8.1.0
2024-03-24 05:04:56,801 [INFO] ThirdParty:1030 - CMSIS Pack Vendor :STMicroelectronics X-CUBE-AZRTOS-L4 2.0.0
2024-03-24 05:04:56,801 [INFO] ThirdParty:1030 - CMSIS Pack Vendor :STMicroelectronics ThreadX 0.0.2
2024-03-24 05:04:56,801 [INFO] ThirdParty:1030 - CMSIS Pack Vendor :WES I-CUBE-Cesium 1.3.0
2024-03-24 05:04:56,801 [INFO] ThirdParty:1030 - CMSIS Pack Vendor :STMicroelectronics FP-ATR-ASTRA1 2.0.0
2024-03-24 05:04:56,801 [INFO] ThirdParty:1030 - CMSIS Pack Vendor :STMicroelectronics lwIP 2.1.2
2024-03-24 05:04:56,801 [INFO] ThirdParty:1030 - CMSIS Pack Vendor :STMicroelectronics X-CUBE-SFXS2LP1 4.0.0
2024-03-24 05:04:56,801 [INFO] ThirdParty:1030 - CMSIS Pack Vendor :STMicroelectronics X-CUBE-BLE2 3.3.0
2024-03-24 05:04:56,801 [INFO] ThirdParty:1030 - CMSIS Pack Vendor :STMicroelectronics X-CUBE-TOF1 3.4.0
2024-03-24 05:04:56,801 [INFO] ThirdParty:1030 - CMSIS Pack Vendor :STMicroelectronics X-CUBE-TOF1 3.4.1
2024-03-24 05:04:56,801 [INFO] ThirdParty:1030 - CMSIS Pack Vendor :STMicroelectronics X-CUBE-AZRTOS-H7 3.2.0
2024-03-24 05:04:56,801 [INFO] ThirdParty:1030 - CMSIS Pack Vendor :STMicroelectronics PDM2PCM 3.2.0
2024-03-24 05:04:56,801 [INFO] ThirdParty:841 - exiting critical section [change project]
2024-03-24 05:04:56,945 [INFO] PinOutPanel:1499 - setPackage(No Configuration,No Configuration)
2024-03-24 05:04:56,945 [INFO] PinOutPanel:1499 - setPackage(STM32F446RETx,LQFP64)
2024-03-24 05:04:57,197 [INFO] UtilMem:75 - Before build in PCC Used Memory: 755831984 Bytes (1073741824)
2024-03-24 05:04:57,368 [INFO] UtilMem:75 - After build in PCC Used Memory: 857021616 Bytes (1073741824)
2024-03-24 05:04:57,386 [INFO] IPUIPlugin:80 - create IPUIPlugin
2024-03-24 05:04:57,386 [INFO] IPUIPlugin:80 - create IPUIPlugin
2024-03-24 05:04:57,386 [INFO] IPUIPlugin:80 - create IPUIPlugin
2024-03-24 05:04:57,387 [INFO] IPUIPlugin:80 - create IPUIPlugin
2024-03-24 05:04:57,387 [INFO] IPUIPlugin:80 - create IPUIPlugin
2024-03-24 05:04:57,387 [INFO] IPUIPlugin:80 - create IPUIPlugin
2024-03-24 05:04:57,387 [INFO] IPUIPlugin:80 - create IPUIPlugin
2024-03-24 05:04:57,387 [INFO] IPUIPlugin:80 - create IPUIPlugin
2024-03-24 05:04:57,387 [INFO] IPUIPlugin:80 - create IPUIPlugin
2024-03-24 05:04:57,387 [INFO] IPUIPlugin:80 - create IPUIPlugin
2024-03-24 05:04:57,387 [INFO] IPUIPlugin:80 - create IPUIPlugin
2024-03-24 05:04:57,387 [INFO] IPUIPlugin:80 - create IPUIPlugin
2024-03-24 05:04:57,388 [INFO] IPUIPlugin:80 - create IPUIPlugin
2024-03-24 05:04:57,388 [INFO] IPUIPlugin:80 - create IPUIPlugin
2024-03-24 05:04:57,388 [INFO] IPUIPlugin:80 - create IPUIPlugin
2024-03-24 05:04:57,388 [INFO] IPUIPlugin:80 - create IPUIPlugin
2024-03-24 05:04:57,388 [INFO] IPUIPlugin:80 - create IPUIPlugin
2024-03-24 05:04:57,388 [INFO] IPUIPlugin:80 - create IPUIPlugin
2024-03-24 05:04:57,388 [INFO] IPUIPlugin:80 - create IPUIPlugin
2024-03-24 05:04:57,388 [INFO] IPUIPlugin:80 - create IPUIPlugin
2024-03-24 05:04:57,388 [INFO] IPUIPlugin:80 - create IPUIPlugin
2024-03-24 05:04:57,388 [INFO] IPUIPlugin:80 - create IPUIPlugin
2024-03-24 05:04:57,388 [INFO] IPUIPlugin:80 - create IPUIPlugin
2024-03-24 05:04:57,389 [INFO] IPUIPlugin:80 - create IPUIPlugin
2024-03-24 05:04:57,389 [INFO] IPUIPlugin:80 - create IPUIPlugin
2024-03-24 05:04:57,389 [INFO] IPUIPlugin:80 - create IPUIPlugin
2024-03-24 05:04:57,389 [INFO] IPUIPlugin:80 - create IPUIPlugin
2024-03-24 05:04:57,389 [INFO] IPUIPlugin:80 - create IPUIPlugin
2024-03-24 05:04:57,389 [INFO] IPUIPlugin:80 - create IPUIPlugin
2024-03-24 05:04:57,389 [INFO] IPUIPlugin:80 - create IPUIPlugin
2024-03-24 05:04:57,390 [INFO] IPUIPlugin:80 - create IPUIPlugin
2024-03-24 05:04:57,390 [INFO] IPUIPlugin:80 - create IPUIPlugin
2024-03-24 05:04:57,390 [INFO] IPUIPlugin:80 - create IPUIPlugin
2024-03-24 05:04:57,390 [INFO] IPUIPlugin:80 - create IPUIPlugin
2024-03-24 05:04:57,390 [INFO] IPUIPlugin:80 - create IPUIPlugin
2024-03-24 05:04:57,390 [INFO] IPUIPlugin:80 - create IPUIPlugin
2024-03-24 05:04:57,390 [INFO] IPUIPlugin:80 - create IPUIPlugin
2024-03-24 05:04:57,391 [INFO] IPUIPlugin:80 - create IPUIPlugin
2024-03-24 05:04:57,391 [INFO] IPUIPlugin:80 - create IPUIPlugin
2024-03-24 05:04:57,391 [INFO] IPUIPlugin:80 - create IPUIPlugin
2024-03-24 05:04:57,391 [INFO] IPUIPlugin:80 - create IPUIPlugin
2024-03-24 05:04:57,391 [INFO] IPUIPlugin:80 - create IPUIPlugin
2024-03-24 05:04:57,391 [INFO] IPUIPlugin:80 - create IPUIPlugin
2024-03-24 05:04:57,391 [INFO] IPUIPlugin:80 - create IPUIPlugin
2024-03-24 05:04:57,392 [INFO] IPUIPlugin:80 - create IPUIPlugin
2024-03-24 05:04:57,392 [INFO] IPUIPlugin:80 - create IPUIPlugin
2024-03-24 05:04:57,392 [INFO] IPUIPlugin:80 - create IPUIPlugin
2024-03-24 05:04:57,392 [INFO] IPUIPlugin:80 - create IPUIPlugin
2024-03-24 05:04:57,392 [INFO] IPUIPlugin:80 - create IPUIPlugin
2024-03-24 05:04:57,393 [INFO] IPUIPlugin:80 - create IPUIPlugin
2024-03-24 05:04:57,393 [INFO] IPUIPlugin:80 - create IPUIPlugin
2024-03-24 05:04:57,393 [INFO] IPUIPlugin:80 - create IPUIPlugin
2024-03-24 05:04:57,393 [INFO] IPUIPlugin:80 - create IPUIPlugin
2024-03-24 05:04:57,394 [INFO] IPUIPlugin:80 - create IPUIPlugin
2024-03-24 05:04:57,394 [INFO] IPUIPlugin:80 - create IPUIPlugin
2024-03-24 05:04:57,394 [INFO] IPUIPlugin:80 - create IPUIPlugin
2024-03-24 05:04:57,395 [INFO] IPUIPlugin:80 - create IPUIPlugin
2024-03-24 05:04:57,395 [INFO] IPUIPlugin:80 - create IPUIPlugin
2024-03-24 05:04:57,396 [INFO] IPUIPlugin:80 - create IPUIPlugin
2024-03-24 05:04:57,397 [INFO] IPUIPlugin:80 - create IPUIPlugin
2024-03-24 05:04:57,399 [INFO] ApiDbMcu:508 - Load IP Config File for PDM2PCM
2024-03-24 05:04:57,443 [INFO] CADModel:165 - CPN selected for project levelSTM32F446RET6
2024-03-24 05:04:57,444 [INFO] CADModel:114 - Register for checkConnection events
2024-03-24 05:04:57,497 [INFO] OpenFileManager:343 - Restore cursor
2024-03-24 05:15:14,527 [INFO] UtilMem:75 - End SaveConfig() Used Memory: 861476408 Bytes (1073741824)
2024-03-24 05:15:14,580 [INFO] UtilMem:75 - End SaveConfig() Used Memory: 881399352 Bytes (1073741824)
2024-03-24 05:15:15,038 [INFO] UtilMem:75 - End SaveConfig() Used Memory: 924917304 Bytes (1073741824)
2024-03-24 05:15:15,200 [INFO] BlockDiagram:2759 - set Specific Code input for plugin: SYS
2024-03-24 05:15:15,200 [INFO] BlockDiagram:2759 - set Specific Code input for plugin: ADC
2024-03-24 05:15:15,200 [INFO] BlockDiagram:2759 - set Specific Code input for plugin: RCC
2024-03-24 05:15:15,200 [INFO] BlockDiagram:2759 - set Specific Code input for plugin: NVIC
2024-03-24 05:15:15,200 [INFO] BlockDiagram:2759 - set Specific Code input for plugin: USART
2024-03-24 05:15:15,200 [INFO] BlockDiagram:2759 - set Specific Code input for plugin: GPIO
2024-03-24 05:15:15,201 [INFO] CodeGenerator:807 - code generatio: config db path: C:\ST\STM32CubeIDE_1.14.1\STM32CubeIDE\plugins\com.st.stm32cube.common.mx_6.10.0.202311202037\\db\
2024-03-24 05:15:15,367 [INFO] CodeEngine:255 - oldGeneratedFile, C:\Users\crayo\Desktop\Licence3S6\micro\Project_Morse_Code\MCU2\MXTmpFiles\license.tmp_save
2024-03-24 05:15:15,459 [INFO] CodeEngine:279 - Generated code: C:\Users\crayo\Desktop\Licence3S6\micro\Project_Morse_Code\MCU2\MXTmpFiles\license.tmp
2024-03-24 05:15:15,481 [INFO] CodeEngine:255 - oldGeneratedFile, C:\Users\crayo\Desktop\Licence3S6\micro\Project_Morse_Code\MCU2\MXTmpFiles\gpio.tmp_save
2024-03-24 05:15:15,580 [INFO] CodeEngine:279 - Generated code: C:\Users\crayo\Desktop\Licence3S6\micro\Project_Morse_Code\MCU2\MXTmpFiles\gpio.tmp
2024-03-24 05:15:15,721 [INFO] CodeEngine:255 - oldGeneratedFile, C:\Users\crayo\Desktop\Licence3S6\micro\Project_Morse_Code\MCU2\Core\Src\stm32f4xx_it.c_save
2024-03-24 05:15:15,952 [INFO] CodeEngine:279 - Generated code: C:\Users\crayo\Desktop\Licence3S6\micro\Project_Morse_Code\MCU2\Core\Src\stm32f4xx_it.c
2024-03-24 05:15:15,967 [INFO] CodeEngine:255 - oldGeneratedFile, C:\Users\crayo\Desktop\Licence3S6\micro\Project_Morse_Code\MCU2\Core\Inc\stm32f4xx_it.h_save
2024-03-24 05:15:16,575 [INFO] CodeEngine:279 - Generated code: C:\Users\crayo\Desktop\Licence3S6\micro\Project_Morse_Code\MCU2\Core\Inc\stm32f4xx_it.h
2024-03-24 05:15:16,601 [INFO] CodeEngine:255 - oldGeneratedFile, C:\Users\crayo\Desktop\Licence3S6\micro\Project_Morse_Code\MCU2\Core\Src\stm32f4xx_hal_msp.c_save
2024-03-24 05:15:16,838 [INFO] CodeEngine:279 - Generated code: C:\Users\crayo\Desktop\Licence3S6\micro\Project_Morse_Code\MCU2\Core\Src\stm32f4xx_hal_msp.c
2024-03-24 05:15:16,844 [INFO] CodeEngine:255 - oldGeneratedFile, C:\Users\crayo\Desktop\Licence3S6\micro\Project_Morse_Code\MCU2\MXTmpFiles\system.tmp_save
2024-03-24 05:15:16,921 [INFO] CodeEngine:279 - Generated code: C:\Users\crayo\Desktop\Licence3S6\micro\Project_Morse_Code\MCU2\MXTmpFiles\system.tmp
2024-03-24 05:15:16,946 [INFO] CodeEngine:311 - oldGeneratedFile, C:\Users\crayo\Desktop\Licence3S6\micro\Project_Morse_Code\MCU2\Core\Inc\stm32f4xx_hal_conf.h_save
2024-03-24 05:15:17,056 [INFO] CodeEngine:335 - Generated code: C:\Users\crayo\Desktop\Licence3S6\micro\Project_Morse_Code\MCU2\Core\Inc\stm32f4xx_hal_conf.h
2024-03-24 05:15:17,080 [WARN] IPConfigManager:2946 - Warning: the RefConfig PLL2P_FOR_MCO is not available in your config.xml file
2024-03-24 05:15:17,102 [INFO] CodeEngine:255 - oldGeneratedFile, C:\Users\crayo\Desktop\Licence3S6\micro\Project_Morse_Code\MCU2\Core\Inc\main.h_save
2024-03-24 05:15:17,219 [INFO] CodeEngine:279 - Generated code: C:\Users\crayo\Desktop\Licence3S6\micro\Project_Morse_Code\MCU2\Core\Inc\main.h
2024-03-24 05:15:17,235 [INFO] CodeEngine:255 - oldGeneratedFile, C:\Users\crayo\Desktop\Licence3S6\micro\Project_Morse_Code\MCU2\Core\Src\main.c_save
2024-03-24 05:15:17,368 [INFO] CodeEngine:279 - Generated code: C:\Users\crayo\Desktop\Licence3S6\micro\Project_Morse_Code\MCU2\Core\Src\main.c
2024-03-24 05:15:17,993 [INFO] ProjectBuilder:3076 - Time for Copy HAL[1] : 204mS.
2024-03-24 05:15:17,996 [INFO] ProjectBuilder:4485 - Project Generator version: 4.2.0-B44
2024-03-24 05:15:18,284 [INFO] ConfigFileManager:1495 - The Die is : DIE421
2024-03-24 05:15:18,287 [INFO] ApiDbMcu:508 - Load IP Config File for FATFS
2024-03-24 05:15:18,291 [INFO] ApiDbMcu:508 - Load IP Config File for FREERTOS
2024-03-24 05:15:18,293 [INFO] ApiDbMcu:508 - Load IP Config File for LIBJPEG
2024-03-24 05:15:18,297 [INFO] ApiDbMcu:508 - Load IP Config File for MBEDTLS
2024-03-24 05:15:18,302 [INFO] ApiDbMcu:508 - Load IP Config File for USB_DEVICE
2024-03-24 05:15:18,305 [INFO] ApiDbMcu:508 - Load IP Config File for USB_HOST
2024-03-24 05:15:20,566 [INFO] ProjectBuilder:4747 - Time for Generating toolchain IDE Files: 2570mS.
2024-03-24 05:15:20,566 [INFO] ProjectBuilder:2947 - Time for Copy CMSIS : 0mS.
2024-03-24 05:15:20,569 [INFO] ProjectBuilder:2947 - Time for Copy CMSIS : 0mS.
2024-03-24 05:16:06,449 [INFO] LogOutputStream:77 - [STDOUT_REDIRECT] StartTraceHandler.execute(), success : Collect=true
2024-03-24 05:19:15,894 [INFO] LogOutputStream:77 - [STDOUT_REDIRECT] StartTraceHandler.execute(), success : Collect=true
2024-03-24 05:23:07,139 [INFO] LogOutputStream:77 - [STDOUT_REDIRECT] StartTraceHandler.execute(), success : Collect=true
2024-03-24 05:24:01,373 [INFO] UtilMem:75 - End SaveConfig() Used Memory: 714692176 Bytes (1073741824)
2024-03-24 05:24:01,456 [INFO] UtilMem:75 - End SaveConfig() Used Memory: 735110992 Bytes (1073741824)
2024-03-24 05:24:01,942 [INFO] UtilMem:75 - End SaveConfig() Used Memory: 710502400 Bytes (1073741824)
2024-03-24 05:24:02,092 [INFO] BlockDiagram:2759 - set Specific Code input for plugin: SYS
2024-03-24 05:24:02,092 [INFO] BlockDiagram:2759 - set Specific Code input for plugin: RCC
2024-03-24 05:24:02,092 [INFO] BlockDiagram:2759 - set Specific Code input for plugin: NVIC
2024-03-24 05:24:02,092 [INFO] BlockDiagram:2759 - set Specific Code input for plugin: USART
2024-03-24 05:24:02,093 [INFO] BlockDiagram:2759 - set Specific Code input for plugin: GPIO
2024-03-24 05:24:02,094 [INFO] CodeGenerator:807 - code generatio: config db path: C:\ST\STM32CubeIDE_1.14.1\STM32CubeIDE\plugins\com.st.stm32cube.common.mx_6.10.0.202311202037\\db\
2024-03-24 05:24:02,254 [INFO] CodeEngine:255 - oldGeneratedFile, C:\Users\crayo\Desktop\Licence3S6\micro\Project_Morse_Code\MCU2\MXTmpFiles\license.tmp_save
2024-03-24 05:24:02,330 [INFO] CodeEngine:279 - Generated code: C:\Users\crayo\Desktop\Licence3S6\micro\Project_Morse_Code\MCU2\MXTmpFiles\license.tmp
2024-03-24 05:24:02,346 [INFO] CodeEngine:255 - oldGeneratedFile, C:\Users\crayo\Desktop\Licence3S6\micro\Project_Morse_Code\MCU2\MXTmpFiles\gpio.tmp_save
2024-03-24 05:24:02,478 [INFO] CodeEngine:279 - Generated code: C:\Users\crayo\Desktop\Licence3S6\micro\Project_Morse_Code\MCU2\MXTmpFiles\gpio.tmp
2024-03-24 05:24:02,518 [INFO] CodeEngine:255 - oldGeneratedFile, C:\Users\crayo\Desktop\Licence3S6\micro\Project_Morse_Code\MCU2\Core\Src\stm32f4xx_it.c_save
2024-03-24 05:24:02,711 [INFO] CodeEngine:279 - Generated code: C:\Users\crayo\Desktop\Licence3S6\micro\Project_Morse_Code\MCU2\Core\Src\stm32f4xx_it.c
2024-03-24 05:24:02,726 [INFO] CodeEngine:255 - oldGeneratedFile, C:\Users\crayo\Desktop\Licence3S6\micro\Project_Morse_Code\MCU2\Core\Inc\stm32f4xx_it.h_save
2024-03-24 05:24:03,624 [INFO] CodeEngine:279 - Generated code: C:\Users\crayo\Desktop\Licence3S6\micro\Project_Morse_Code\MCU2\Core\Inc\stm32f4xx_it.h
2024-03-24 05:24:03,656 [INFO] CodeEngine:255 - oldGeneratedFile, C:\Users\crayo\Desktop\Licence3S6\micro\Project_Morse_Code\MCU2\Core\Src\stm32f4xx_hal_msp.c_save
2024-03-24 05:24:03,812 [INFO] CodeEngine:279 - Generated code: C:\Users\crayo\Desktop\Licence3S6\micro\Project_Morse_Code\MCU2\Core\Src\stm32f4xx_hal_msp.c
2024-03-24 05:24:03,816 [INFO] CodeEngine:255 - oldGeneratedFile, C:\Users\crayo\Desktop\Licence3S6\micro\Project_Morse_Code\MCU2\MXTmpFiles\system.tmp_save
2024-03-24 05:24:03,873 [INFO] CodeEngine:279 - Generated code: C:\Users\crayo\Desktop\Licence3S6\micro\Project_Morse_Code\MCU2\MXTmpFiles\system.tmp
2024-03-24 05:24:03,891 [INFO] CodeEngine:311 - oldGeneratedFile, C:\Users\crayo\Desktop\Licence3S6\micro\Project_Morse_Code\MCU2\Core\Inc\stm32f4xx_hal_conf.h_save
2024-03-24 05:24:03,993 [INFO] CodeEngine:335 - Generated code: C:\Users\crayo\Desktop\Licence3S6\micro\Project_Morse_Code\MCU2\Core\Inc\stm32f4xx_hal_conf.h
2024-03-24 05:24:04,025 [WARN] IPConfigManager:2946 - Warning: the RefConfig PLL2P_FOR_MCO is not available in your config.xml file
2024-03-24 05:24:04,053 [INFO] CodeEngine:255 - oldGeneratedFile, C:\Users\crayo\Desktop\Licence3S6\micro\Project_Morse_Code\MCU2\Core\Inc\main.h_save
2024-03-24 05:24:04,173 [INFO] CodeEngine:279 - Generated code: C:\Users\crayo\Desktop\Licence3S6\micro\Project_Morse_Code\MCU2\Core\Inc\main.h
2024-03-24 05:24:04,188 [INFO] CodeEngine:255 - oldGeneratedFile, C:\Users\crayo\Desktop\Licence3S6\micro\Project_Morse_Code\MCU2\Core\Src\main.c_save
2024-03-24 05:24:04,338 [INFO] CodeEngine:279 - Generated code: C:\Users\crayo\Desktop\Licence3S6\micro\Project_Morse_Code\MCU2\Core\Src\main.c
2024-03-24 05:24:04,908 [INFO] ProjectBuilder:3076 - Time for Copy HAL[1] : 145mS.
2024-03-24 05:24:04,911 [INFO] ProjectBuilder:4485 - Project Generator version: 4.2.0-B44
2024-03-24 05:24:05,212 [INFO] ConfigFileManager:1495 - The Die is : DIE421
2024-03-24 05:24:07,758 [INFO] ProjectBuilder:4747 - Time for Generating toolchain IDE Files: 2847mS.
2024-03-24 05:24:07,759 [INFO] ProjectBuilder:2947 - Time for Copy CMSIS : 1mS.
2024-03-24 05:24:07,761 [INFO] ProjectBuilder:2947 - Time for Copy CMSIS : 0mS.
2024-03-24 05:26:00,566 [ERROR] LogOutputStream:75 - [STDERR_REDIRECT] 
2024-03-24 05:26:00,567 [ERROR] LogOutputStream:75 - [STDERR_REDIRECT] 
