04:30:01 **** Incremental Build of configuration Debug for project MCU1 ****
make -j12 all 
arm-none-eabi-gcc "../Core/Src/main.c" -mcpu=cortex-m4 -std=gnu11 -g3 -DDEBUG -DUSE_HAL_DRIVER -DSTM32F446xx -c -I../Core/Inc -I../Drivers/STM32F4xx_HAL_Driver/Inc -I../Drivers/STM32F4xx_HAL_Driver/Inc/Legacy -I../Drivers/CMSIS/Device/ST/STM32F4xx/Include -I../Drivers/CMSIS/Include -O0 -ffunction-sections -fdata-sections -Wall -fstack-usage -fcyclomatic-complexity -MMD -MP -MF"Core/Src/main.d" -MT"Core/Src/main.o" --specs=nano.specs -mfpu=fpv4-sp-d16 -mfloat-abi=hard -mthumb -o "Core/Src/main.o"
arm-none-eabi-gcc -o "MCU1.elf" @"objects.list"   -mcpu=cortex-m4 -T"C:\Users\crayo\Desktop\Licence3S6\micro\Project_Morse_Code\MCU1\STM32F446RETX_FLASH.ld" --specs=nosys.specs -Wl,-Map="MCU1.map" -Wl,--gc-sections -static --specs=nano.specs -mfpu=fpv4-sp-d16 -mfloat-abi=hard -mthumb -Wl,--start-group -lc -lm -Wl,--end-group
C:/ST/STM32CubeIDE_1.14.1/STM32CubeIDE/plugins/com.st.stm32cube.ide.mcu.externaltools.gnu-tools-for-stm32.11.3.rel1.win32_1.1.100.202309141235/tools/bin/../lib/gcc/arm-none-eabi/11.3.1/../../../../arm-none-eabi/bin/ld.exe: ./Drivers/STM32F4xx_HAL_Driver/Src/stm32f4xx_hal.o:C:/Users/crayo/Desktop/Licence3S6/micro/Project_Morse_Code/MCU1/Debug/../Drivers/STM32F4xx_HAL_Driver/Src/stm32f4xx_hal.c:5: multiple definition of `huart2'; ./Core/Src/main.o:C:/Users/crayo/Desktop/Licence3S6/micro/Project_Morse_Code/MCU1/Debug/../Core/Src/main.c:4: first defined here
C:/ST/STM32CubeIDE_1.14.1/STM32CubeIDE/plugins/com.st.stm32cube.ide.mcu.externaltools.gnu-tools-for-stm32.11.3.rel1.win32_1.1.100.202309141235/tools/bin/../lib/gcc/arm-none-eabi/11.3.1/../../../../arm-none-eabi/bin/ld.exe: ./Drivers/STM32F4xx_HAL_Driver/Src/stm32f4xx_hal.o:C:/Users/crayo/Desktop/Licence3S6/micro/Project_Morse_Code/MCU1/Debug/../Drivers/STM32F4xx_HAL_Driver/Src/stm32f4xx_hal.c:8: multiple definition of `mode'; ./Core/Src/main.o:C:/Users/crayo/Desktop/Licence3S6/micro/Project_Morse_Code/MCU1/Debug/../Core/Src/main.c:7: first defined here
C:/ST/STM32CubeIDE_1.14.1/STM32CubeIDE/plugins/com.st.stm32cube.ide.mcu.externaltools.gnu-tools-for-stm32.11.3.rel1.win32_1.1.100.202309141235/tools/bin/../lib/gcc/arm-none-eabi/11.3.1/../../../../arm-none-eabi/bin/ld.exe: ./Drivers/STM32F4xx_HAL_Driver/Src/stm32f4xx_hal.o: in function `main':
C:/Users/crayo/Desktop/Licence3S6/micro/Project_Morse_Code/MCU1/Debug/../Drivers/STM32F4xx_HAL_Driver/Src/stm32f4xx_hal.c:15: multiple definition of `main'; ./Core/Src/main.o:C:/Users/crayo/Desktop/Licence3S6/micro/Project_Morse_Code/MCU1/Debug/../Core/Src/main.c:14: first defined here
C:/ST/STM32CubeIDE_1.14.1/STM32CubeIDE/plugins/com.st.stm32cube.ide.mcu.externaltools.gnu-tools-for-stm32.11.3.rel1.win32_1.1.100.202309141235/tools/bin/../lib/gcc/arm-none-eabi/11.3.1/../../../../arm-none-eabi/bin/ld.exe: ./Drivers/STM32F4xx_HAL_Driver/Src/stm32f4xx_hal.o: in function `SystemClock_Config':
C:/Users/crayo/Desktop/Licence3S6/micro/Project_Morse_Code/MCU1/Debug/../Drivers/STM32F4xx_HAL_Driver/Src/stm32f4xx_hal.c:51: multiple definition of `SystemClock_Config'; ./Core/Src/main.o:C:/Users/crayo/Desktop/Licence3S6/micro/Project_Morse_Code/MCU1/Debug/../Core/Src/main.c:49: first defined here
C:/ST/STM32CubeIDE_1.14.1/STM32CubeIDE/plugins/com.st.stm32cube.ide.mcu.externaltools.gnu-tools-for-stm32.11.3.rel1.win32_1.1.100.202309141235/tools/bin/../lib/gcc/arm-none-eabi/11.3.1/../../../../arm-none-eabi/bin/ld.exe: ./Drivers/STM32F4xx_HAL_Driver/Src/stm32f4xx_hal.o: in function `Error_Handler':
C:/Users/crayo/Desktop/Licence3S6/micro/Project_Morse_Code/MCU1/Debug/../Drivers/STM32F4xx_HAL_Driver/Src/stm32f4xx_hal.c:201: multiple definition of `Error_Handler'; ./Core/Src/main.o:C:/Users/crayo/Desktop/Licence3S6/micro/Project_Morse_Code/MCU1/Debug/../Core/Src/main.c:199: first defined here
C:/ST/STM32CubeIDE_1.14.1/STM32CubeIDE/plugins/com.st.stm32cube.ide.mcu.externaltools.gnu-tools-for-stm32.11.3.rel1.win32_1.1.100.202309141235/tools/bin/../lib/gcc/arm-none-eabi/11.3.1/../../../../arm-none-eabi/bin/ld.exe: ./Core/Src/main.o: in function `main':
C:/Users/crayo/Desktop/Licence3S6/micro/Project_Morse_Code/MCU1/Debug/../Core/Src/main.c:16: undefined reference to `HAL_Init'
C:/ST/STM32CubeIDE_1.14.1/STM32CubeIDE/plugins/com.st.stm32cube.ide.mcu.externaltools.gnu-tools-for-stm32.11.3.rel1.win32_1.1.100.202309141235/tools/bin/../lib/gcc/arm-none-eabi/11.3.1/../../../../arm-none-eabi/bin/ld.exe: C:/Users/crayo/Desktop/Licence3S6/micro/Project_Morse_Code/MCU1/Debug/../Core/Src/main.c:41: undefined reference to `HAL_Delay'
C:/ST/STM32CubeIDE_1.14.1/STM32CubeIDE/plugins/com.st.stm32cube.ide.mcu.externaltools.gnu-tools-for-stm32.11.3.rel1.win32_1.1.100.202309141235/tools/bin/../lib/gcc/arm-none-eabi/11.3.1/../../../../arm-none-eabi/bin/ld.exe: C:/Users/crayo/Desktop/Licence3S6/micro/Project_Morse_Code/MCU1/Debug/../Core/Src/main.c:44: undefined reference to `HAL_Delay'
C:/ST/STM32CubeIDE_1.14.1/STM32CubeIDE/plugins/com.st.stm32cube.ide.mcu.externaltools.gnu-tools-for-stm32.11.3.rel1.win32_1.1.100.202309141235/tools/bin/../lib/gcc/arm-none-eabi/11.3.1/../../../../arm-none-eabi/bin/ld.exe: ./Core/Src/stm32f4xx_it.o: in function `SysTick_Handler':
C:/Users/crayo/Desktop/Licence3S6/micro/Project_Morse_Code/MCU1/Debug/../Core/Src/stm32f4xx_it.c:188: undefined reference to `HAL_IncTick'
C:/ST/STM32CubeIDE_1.14.1/STM32CubeIDE/plugins/com.st.stm32cube.ide.mcu.externaltools.gnu-tools-for-stm32.11.3.rel1.win32_1.1.100.202309141235/tools/bin/../lib/gcc/arm-none-eabi/11.3.1/../../../../arm-none-eabi/bin/ld.exe: ./Drivers/STM32F4xx_HAL_Driver/Src/stm32f4xx_hal_rcc.o: in function `HAL_RCC_ClockConfig':
C:/Users/crayo/Desktop/Licence3S6/micro/Project_Morse_Code/MCU1/Debug/../Drivers/STM32F4xx_HAL_Driver/Src/stm32f4xx_hal_rcc.c:679: undefined reference to `HAL_GetTick'
C:/ST/STM32CubeIDE_1.14.1/STM32CubeIDE/plugins/com.st.stm32cube.ide.mcu.externaltools.gnu-tools-for-stm32.11.3.rel1.win32_1.1.100.202309141235/tools/bin/../lib/gcc/arm-none-eabi/11.3.1/../../../../arm-none-eabi/bin/ld.exe: C:/Users/crayo/Desktop/Licence3S6/micro/Project_Morse_Code/MCU1/Debug/../Drivers/STM32F4xx_HAL_Driver/Src/stm32f4xx_hal_rcc.c:683: undefined reference to `HAL_GetTick'
C:/ST/STM32CubeIDE_1.14.1/STM32CubeIDE/plugins/com.st.stm32cube.ide.mcu.externaltools.gnu-tools-for-stm32.11.3.rel1.win32_1.1.100.202309141235/tools/bin/../lib/gcc/arm-none-eabi/11.3.1/../../../../arm-none-eabi/bin/ld.exe: C:/Users/crayo/Desktop/Licence3S6/micro/Project_Morse_Code/MCU1/Debug/../Drivers/STM32F4xx_HAL_Driver/Src/stm32f4xx_hal_rcc.c:722: undefined reference to `HAL_InitTick'
C:/ST/STM32CubeIDE_1.14.1/STM32CubeIDE/plugins/com.st.stm32cube.ide.mcu.externaltools.gnu-tools-for-stm32.11.3.rel1.win32_1.1.100.202309141235/tools/bin/../lib/gcc/arm-none-eabi/11.3.1/../../../../arm-none-eabi/bin/ld.exe: C:/Users/crayo/Desktop/Licence3S6/micro/Project_Morse_Code/MCU1/Debug/../Drivers/STM32F4xx_HAL_Driver/Src/stm32f4xx_hal_rcc.c:725: undefined reference to `uwTickPrio'
C:/ST/STM32CubeIDE_1.14.1/STM32CubeIDE/plugins/com.st.stm32cube.ide.mcu.externaltools.gnu-tools-for-stm32.11.3.rel1.win32_1.1.100.202309141235/tools/bin/../lib/gcc/arm-none-eabi/11.3.1/../../../../arm-none-eabi/bin/ld.exe: ./Drivers/STM32F4xx_HAL_Driver/Src/stm32f4xx_hal_rcc_ex.o: in function `HAL_RCC_OscConfig':
C:/Users/crayo/Desktop/Licence3S6/micro/Project_Morse_Code/MCU1/Debug/../Drivers/STM32F4xx_HAL_Driver/Src/stm32f4xx_hal_rcc_ex.c:3398: undefined reference to `HAL_GetTick'
C:/ST/STM32CubeIDE_1.14.1/STM32CubeIDE/plugins/com.st.stm32cube.ide.mcu.externaltools.gnu-tools-for-stm32.11.3.rel1.win32_1.1.100.202309141235/tools/bin/../lib/gcc/arm-none-eabi/11.3.1/../../../../arm-none-eabi/bin/ld.exe: C:/Users/crayo/Desktop/Licence3S6/micro/Project_Morse_Code/MCU1/Debug/../Drivers/STM32F4xx_HAL_Driver/Src/stm32f4xx_hal_rcc_ex.c:3403: undefined reference to `HAL_GetTick'
C:/ST/STM32CubeIDE_1.14.1/STM32CubeIDE/plugins/com.st.stm32cube.ide.mcu.externaltools.gnu-tools-for-stm32.11.3.rel1.win32_1.1.100.202309141235/tools/bin/../lib/gcc/arm-none-eabi/11.3.1/../../../../arm-none-eabi/bin/ld.exe: C:/Users/crayo/Desktop/Licence3S6/micro/Project_Morse_Code/MCU1/Debug/../Drivers/STM32F4xx_HAL_Driver/Src/stm32f4xx_hal_rcc_ex.c:3412: undefined reference to `HAL_GetTick'
C:/ST/STM32CubeIDE_1.14.1/STM32CubeIDE/plugins/com.st.stm32cube.ide.mcu.externaltools.gnu-tools-for-stm32.11.3.rel1.win32_1.1.100.202309141235/tools/bin/../lib/gcc/arm-none-eabi/11.3.1/../../../../arm-none-eabi/bin/ld.exe: C:/Users/crayo/Desktop/Licence3S6/micro/Project_Morse_Code/MCU1/Debug/../Drivers/STM32F4xx_HAL_Driver/Src/stm32f4xx_hal_rcc_ex.c:3417: undefined reference to `HAL_GetTick'
C:/ST/STM32CubeIDE_1.14.1/STM32CubeIDE/plugins/com.st.stm32cube.ide.mcu.externaltools.gnu-tools-for-stm32.11.3.rel1.win32_1.1.100.202309141235/tools/bin/../lib/gcc/arm-none-eabi/11.3.1/../../../../arm-none-eabi/bin/ld.exe: C:/Users/crayo/Desktop/Licence3S6/micro/Project_Morse_Code/MCU1/Debug/../Drivers/STM32F4xx_HAL_Driver/Src/stm32f4xx_hal_rcc_ex.c:3463: undefined reference to `HAL_GetTick'
C:/ST/STM32CubeIDE_1.14.1/STM32CubeIDE/plugins/com.st.stm32cube.ide.mcu.externaltools.gnu-tools-for-stm32.11.3.rel1.win32_1.1.100.202309141235/tools/bin/../lib/gcc/arm-none-eabi/11.3.1/../../../../arm-none-eabi/bin/ld.exe: ./Drivers/STM32F4xx_HAL_Driver/Src/stm32f4xx_hal_rcc_ex.o:C:/Users/crayo/Desktop/Licence3S6/micro/Project_Morse_Code/MCU1/Debug/../Drivers/STM32F4xx_HAL_Driver/Src/stm32f4xx_hal_rcc_ex.c:3468: more undefined references to `HAL_GetTick' follow
collect2.exe: error: ld returned 1 exit status
make: *** [makefile:64: MCU1.elf] Error 1
"make -j12 all" terminated with exit code 2. Build might be incomplete.

04:30:01 Build Failed. 20 errors, 0 warnings. (took 609ms)

